#
# There is insufficient memory for the Java Runtime Environment to continue.
# Native memory allocation (mmap) failed to map 121634816 bytes for G1 virtual space
# Possible reasons:
#   The system is out of physical RAM or swap space
#   The process is running with CompressedOops enabled, and the Java Heap may be blocking the growth of the native heap
# Possible solutions:
#   Reduce memory load on the system
#   Increase physical memory or swap space
#   Check if swap backing store is full
#   Decrease Java heap size (-Xmx/-Xms)
#   Decrease number of Java threads
#   Decrease Java thread stack sizes (-Xss)
#   Set larger code cache with -XX:ReservedCodeCacheSize=
#   JVM is running with Unscaled Compressed Oops mode in which the Java heap is
#     placed in the first 4GB address space. The Java Heap base address is the
#     maximum limit for the native heap growth. Please use -XX:HeapBaseMinAddress
#     to set the Java Heap base and to place the Java Heap above 4GB virtual address.
# This output file may be truncated or incomplete.
#
#  Out of Memory Error (os_windows.cpp:3548), pid=16996, tid=13652
#
# JRE version: Java(TM) SE Runtime Environment (17.0.12+8) (build 17.0.12+8-LTS-286)
# Java VM: Java HotSpot(TM) 64-Bit Server VM (17.0.12+8-LTS-286, mixed mode, emulated-client, sharing, tiered, compressed oops, compressed class ptrs, g1 gc, windows-amd64)
# No core dump will be written. Minidumps are not enabled by default on client versions of Windows
#

---------------  S U M M A R Y ------------

Command Line: -Dquarkus-internal.serialized-app-model.path=C:\development\git\broker-backend-cp-hiring-quotation\target\quarkus\bootstrap\dev-app-model.dat -javaagent:C:\Users\herys\.m2\repository\io\quarkus\quarkus-class-change-agent\3.17.6\quarkus-class-change-agent-3.17.6.jar -XX:TieredStopAtLevel=1 -agentlib:jdwp=transport=dt_socket,address=localhost:51378,server=y,suspend=n -Djava.util.logging.manager=org.jboss.logmanager.LogManager C:\development\git\broker-backend-cp-hiring-quotation\target\broker-backend-cp-hiring-quotation-dev.jar

Host: Intel(R) Celeron(R) N4020 CPU @ 1.10GHz, 2 cores, 3G,  Windows 11 , 64 bit Build 22621 (10.0.22621.4391)
Time: Mon Jan 13 23:21:43 2025 Hora oficial do Brasil elapsed time: 60.333177 seconds (0d 0h 1m 0s)

---------------  T H R E A D  ---------------

Current thread (0x000001bbec6e3400):  VMThread "VM Thread" [stack: 0x000000b8f8400000,0x000000b8f8500000] [id=13652]

Stack: [0x000000b8f8400000,0x000000b8f8500000]
Native frames: (J=compiled Java code, j=interpreted, Vv=VM code, C=native code)
V  [jvm.dll+0x67a04a]
V  [jvm.dll+0x7da4ed]
V  [jvm.dll+0x7dbe33]
V  [jvm.dll+0x7dc4a3]
V  [jvm.dll+0x24508f]
V  [jvm.dll+0x677089]
V  [jvm.dll+0x66bd32]
V  [jvm.dll+0x301fa6]
V  [jvm.dll+0x309546]
V  [jvm.dll+0x359d2e]
V  [jvm.dll+0x359f5f]
V  [jvm.dll+0x2d9078]
V  [jvm.dll+0x2d74ad]
V  [jvm.dll+0x2d6afc]
V  [jvm.dll+0x31a65b]
V  [jvm.dll+0x7e0d9b]
V  [jvm.dll+0x7e1ad4]
V  [jvm.dll+0x7e1fed]
V  [jvm.dll+0x7e23c4]
V  [jvm.dll+0x7e2490]
V  [jvm.dll+0x78abea]
V  [jvm.dll+0x678f35]
C  [ucrtbase.dll+0x29333]
C  [KERNEL32.DLL+0x1259d]
C  [ntdll.dll+0x5af38]

VM_Operation (0x000000b8fdbfd130): G1CollectForAllocation, mode: safepoint, requested by thread 0x000001bbc77e9540


---------------  P R O C E S S  ---------------

Threads class SMR info:
_java_thread_list=0x000001bbc732aa80, length=173, elements={
0x000001bbec638540, 0x000001bbec6e77a0, 0x000001bbec6ea630, 0x000001bbec6fe8b0,
0x000001bbfb1b04c0, 0x000001bbfb1b3730, 0x000001bbfb1b7d90, 0x000001bbfb1b8fa0,
0x000001bbfb1bb840, 0x000001bbc5148870, 0x000001bbc568ba50, 0x000001bbc568db10,
0x000001bbc5694180, 0x000001bbc57b1a10, 0x000001bbc58158e0, 0x000001bbc68a01b0,
0x000001bbc56dad30, 0x000001bbc6b851e0, 0x000001bbc6f85a60, 0x000001bbc6f85f40,
0x000001bbc7331570, 0x000001bbc7334300, 0x000001bbc7334810, 0x000001bbc7331060,
0x000001bbc7331a80, 0x000001bbc73329b0, 0x000001bbc7331f90, 0x000001bbc73324a0,
0x000001bbc7332ec0, 0x000001bbc73333d0, 0x000001bbc7333df0, 0x000001bbc73338e0,
0x000001bbc74290c0, 0x000001bbc742fb10, 0x000001bbc742b940, 0x000001bbc742c360,
0x000001bbc7428bb0, 0x000001bbc742f600, 0x000001bbc742d290, 0x000001bbc742e6d0,
0x000001bbc742dcb0, 0x000001bbc742c870, 0x000001bbc742cd80, 0x000001bbc74295d0,
0x000001bbc74286a0, 0x000001bbc742a500, 0x000001bbc7429ae0, 0x000001bbc7429ff0,
0x000001bbc742aa10, 0x000001bbc742af20, 0x000001bbc742e1c0, 0x000001bbc742b430,
0x000001bbc742be50, 0x000001bbc742d7a0, 0x000001bbc742ebe0, 0x000001bbc742f0f0,
0x000001bbc7430020, 0x000001bbc7738b30, 0x000001bbc7739f70, 0x000001bbc7739550,
0x000001bbc773cd00, 0x000001bbc773a480, 0x000001bbc77362b0, 0x000001bbc7735890,
0x000001bbc773aea0, 0x000001bbc773a990, 0x000001bbc7739a60, 0x000001bbc7739040,
0x000001bbc773b3b0, 0x000001bbc7737c00, 0x000001bbc7738110, 0x000001bbc773c2e0,
0x000001bbc773c7f0, 0x000001bbc773d210, 0x000001bbc77376f0, 0x000001bbc7735da0,
0x000001bbc773b8c0, 0x000001bbc77367c0, 0x000001bbc773bdd0, 0x000001bbc7736cd0,
0x000001bbc77371e0, 0x000001bbc7738620, 0x000001bbc77e9540, 0x000001bbc77e9f60,
0x000001bbc77ec7e0, 0x000001bbc77eb8b0, 0x000001bbc77eb3a0, 0x000001bbc77ea470,
0x000001bbc77e71d0, 0x000001bbc77eccf0, 0x000001bbc77ec2d0, 0x000001bbc77e76e0,
0x000001bbc77e8b20, 0x000001bbc77e7bf0, 0x000001bbc77ebdc0, 0x000001bbc77ed200,
0x000001bbc77ea980, 0x000001bbc77e9a50, 0x000001bbc77ed710, 0x000001bbc77e62a0,
0x000001bbc77e8100, 0x000001bbc77e8610, 0x000001bbc77eae90, 0x000001bbc77e9030,
0x000001bbc77edc20, 0x000001bbc77e67b0, 0x000001bbc77e6cc0, 0x000001bbc7800140,
0x000001bbc7804310, 0x000001bbc78038f0, 0x000001bbc78033e0, 0x000001bbc7805240,
0x000001bbc7803e00, 0x000001bbc78024b0, 0x000001bbc77fe2e0, 0x000001bbc7804820,
0x000001bbc78029c0, 0x000001bbc77ffc30, 0x000001bbc7801a90, 0x000001bbc7801fa0,
0x000001bbc7804d30, 0x000001bbc77ff720, 0x000001bbc7805750, 0x000001bbc7802ed0,
0x000001bbc7800650, 0x000001bbc7805c60, 0x000001bbc77fe7f0, 0x000001bbc7800b60,
0x000001bbc77fed00, 0x000001bbc7801070, 0x000001bbc77ff210, 0x000001bbc7801580,
0x000001bbc7814690, 0x000001bbc78150b0, 0x000001bbc7817930, 0x000001bbc7818860,
0x000001bbc7812d40, 0x000001bbc7816f10, 0x000001bbc7815fe0, 0x000001bbc7817e40,
0x000001bbc7818d70, 0x000001bbc7812830, 0x000001bbc7819280, 0x000001bbc78155c0,
0x000001bbc7813c70, 0x000001bbc7814180, 0x000001bbc7815ad0, 0x000001bbc78164f0,
0x000001bbc7814ba0, 0x000001bbc7816a00, 0x000001bbc7817420, 0x000001bbc7818350,
0x000001bbc7819790, 0x000001bbc7813250, 0x000001bbc7812320, 0x000001bbc7819ca0,
0x000001bbc7813760, 0x000001bbc6f029b0, 0x000001bbc6f038e0, 0x000001bbc6f01f90,
0x000001bbc6f01570, 0x000001bbc6f024a0, 0x000001bbc6f01a80, 0x000001bbc6f02ec0,
0x000001bbc6f033d0, 0x000001bbc6f03df0, 0x000001bbc6f04300, 0x000001bbc6f04810,
0x000001bbc6f01060, 0x000001bbc785aad0, 0x000001bbc7856e10, 0x000001bbc7858250,
0x000001bbc7858c70
}

Java Threads: ( => current thread )
  0x000001bbec638540 JavaThread "main" [_thread_blocked, id=10636, stack(0x000000b8f7e00000,0x000000b8f7f00000)]
  0x000001bbec6e77a0 JavaThread "Reference Handler" daemon [_thread_blocked, id=592, stack(0x000000b8f8500000,0x000000b8f8600000)]
  0x000001bbec6ea630 JavaThread "Finalizer" daemon [_thread_blocked, id=15220, stack(0x000000b8f8600000,0x000000b8f8700000)]
  0x000001bbec6fe8b0 JavaThread "Signal Dispatcher" daemon [_thread_blocked, id=4592, stack(0x000000b8f8700000,0x000000b8f8800000)]
  0x000001bbfb1b04c0 JavaThread "Attach Listener" daemon [_thread_blocked, id=8164, stack(0x000000b8f8800000,0x000000b8f8900000)]
  0x000001bbfb1b3730 JavaThread "Service Thread" daemon [_thread_blocked, id=18196, stack(0x000000b8f8900000,0x000000b8f8a00000)]
  0x000001bbfb1b7d90 JavaThread "Monitor Deflation Thread" daemon [_thread_blocked, id=15788, stack(0x000000b8f8a00000,0x000000b8f8b00000)]
  0x000001bbfb1b8fa0 JavaThread "C1 CompilerThread0" daemon [_thread_blocked, id=18336, stack(0x000000b8f8b00000,0x000000b8f8c00000)]
  0x000001bbfb1bb840 JavaThread "Sweeper thread" daemon [_thread_blocked, id=19160, stack(0x000000b8f8c00000,0x000000b8f8d00000)]
  0x000001bbc5148870 JavaThread "Common-Cleaner" daemon [_thread_blocked, id=17396, stack(0x000000b8f8d00000,0x000000b8f8e00000)]
  0x000001bbc568ba50 JavaThread "JDWP Transport Listener: dt_socket" daemon [_thread_blocked, id=15688, stack(0x000000b8f8e00000,0x000000b8f8f00000)]
  0x000001bbc568db10 JavaThread "JDWP Event Helper Thread" daemon [_thread_blocked, id=18812, stack(0x000000b8f8f00000,0x000000b8f9000000)]
  0x000001bbc5694180 JavaThread "Notification Thread" daemon [_thread_blocked, id=16544, stack(0x000000b8f9000000,0x000000b8f9100000)]
  0x000001bbc57b1a10 JavaThread "Reference Reaper #1" daemon [_thread_blocked, id=7948, stack(0x000000b8f9300000,0x000000b8f9400000)]
  0x000001bbc58158e0 JavaThread "JDWP Command Reader" daemon [_thread_in_native, id=19404, stack(0x000000b8f9400000,0x000000b8f9500000)]
  0x000001bbc68a01b0 JavaThread "Quarkus Devmode keep alive thread" [_thread_blocked, id=17000, stack(0x000000b8f9900000,0x000000b8f9a00000)]
  0x000001bbc56dad30 JavaThread "ForkJoinPool.commonPool-worker-1" daemon [_thread_blocked, id=9136, stack(0x000000b8f9800000,0x000000b8f9900000)]
  0x000001bbc6b851e0 JavaThread "C1 CompilerThread1" daemon [_thread_blocked, id=18384, stack(0x000000b8f9a00000,0x000000b8f9b00000)]
  0x000001bbc6f85a60 JavaThread "build-2" [_thread_blocked, id=16624, stack(0x000000b8f9b00000,0x000000b8f9c00000)]
  0x000001bbc6f85f40 JavaThread "build-3" [_thread_blocked, id=6356, stack(0x000000b8f9c00000,0x000000b8f9d00000)]
  0x000001bbc7331570 JavaThread "build-4" [_thread_blocked, id=11052, stack(0x000000b8f9d00000,0x000000b8f9e00000)]
  0x000001bbc7334300 JavaThread "build-5" [_thread_blocked, id=5732, stack(0x000000b8f9e00000,0x000000b8f9f00000)]
  0x000001bbc7334810 JavaThread "build-6" [_thread_blocked, id=12120, stack(0x000000b8f9f00000,0x000000b8fa000000)]
  0x000001bbc7331060 JavaThread "build-7" [_thread_blocked, id=5420, stack(0x000000b8fa000000,0x000000b8fa100000)]
  0x000001bbc7331a80 JavaThread "build-8" [_thread_blocked, id=17976, stack(0x000000b8fa100000,0x000000b8fa200000)]
  0x000001bbc73329b0 JavaThread "build-9" [_thread_blocked, id=9732, stack(0x000000b8fa200000,0x000000b8fa300000)]
  0x000001bbc7331f90 JavaThread "build-10" [_thread_blocked, id=15836, stack(0x000000b8fa300000,0x000000b8fa400000)]
  0x000001bbc73324a0 JavaThread "build-11" [_thread_blocked, id=4576, stack(0x000000b8fa400000,0x000000b8fa500000)]
  0x000001bbc7332ec0 JavaThread "build-12" [_thread_blocked, id=4364, stack(0x000000b8fa500000,0x000000b8fa600000)]
  0x000001bbc73333d0 JavaThread "build-13" [_thread_blocked, id=16460, stack(0x000000b8fa600000,0x000000b8fa700000)]
  0x000001bbc7333df0 JavaThread "build-14" [_thread_blocked, id=11348, stack(0x000000b8fa700000,0x000000b8fa800000)]
  0x000001bbc73338e0 JavaThread "build-15" [_thread_blocked, id=16164, stack(0x000000b8fa800000,0x000000b8fa900000)]
  0x000001bbc74290c0 JavaThread "build-16" [_thread_blocked, id=17712, stack(0x000000b8fa900000,0x000000b8faa00000)]
  0x000001bbc742fb10 JavaThread "build-17" [_thread_blocked, id=19212, stack(0x000000b8faa00000,0x000000b8fab00000)]
  0x000001bbc742b940 JavaThread "build-18" [_thread_blocked, id=14304, stack(0x000000b8fab00000,0x000000b8fac00000)]
  0x000001bbc742c360 JavaThread "build-19" [_thread_blocked, id=3528, stack(0x000000b8fac00000,0x000000b8fad00000)]
  0x000001bbc7428bb0 JavaThread "build-20" [_thread_blocked, id=3444, stack(0x000000b8fad00000,0x000000b8fae00000)]
  0x000001bbc742f600 JavaThread "build-21" [_thread_blocked, id=18212, stack(0x000000b8fae00000,0x000000b8faf00000)]
  0x000001bbc742d290 JavaThread "build-22" [_thread_blocked, id=19400, stack(0x000000b8faf00000,0x000000b8fb000000)]
  0x000001bbc742e6d0 JavaThread "build-23" [_thread_blocked, id=13984, stack(0x000000b8fb000000,0x000000b8fb100000)]
  0x000001bbc742dcb0 JavaThread "build-24" [_thread_blocked, id=17320, stack(0x000000b8fb100000,0x000000b8fb200000)]
  0x000001bbc742c870 JavaThread "build-25" [_thread_blocked, id=15152, stack(0x000000b8fb200000,0x000000b8fb300000)]
  0x000001bbc742cd80 JavaThread "build-26" [_thread_blocked, id=19348, stack(0x000000b8fb300000,0x000000b8fb400000)]
  0x000001bbc74295d0 JavaThread "build-27" [_thread_blocked, id=16952, stack(0x000000b8fb400000,0x000000b8fb500000)]
  0x000001bbc74286a0 JavaThread "build-28" [_thread_blocked, id=9560, stack(0x000000b8fb500000,0x000000b8fb600000)]
  0x000001bbc742a500 JavaThread "build-29" [_thread_blocked, id=11488, stack(0x000000b8fb600000,0x000000b8fb700000)]
  0x000001bbc7429ae0 JavaThread "build-30" [_thread_blocked, id=14268, stack(0x000000b8fb700000,0x000000b8fb800000)]
  0x000001bbc7429ff0 JavaThread "build-31" [_thread_blocked, id=17880, stack(0x000000b8fb800000,0x000000b8fb900000)]
  0x000001bbc742aa10 JavaThread "build-32" [_thread_blocked, id=17472, stack(0x000000b8fb900000,0x000000b8fba00000)]
  0x000001bbc742af20 JavaThread "build-33" [_thread_blocked, id=16968, stack(0x000000b8fba00000,0x000000b8fbb00000)]
  0x000001bbc742e1c0 JavaThread "build-34" [_thread_blocked, id=15320, stack(0x000000b8fbb00000,0x000000b8fbc00000)]
  0x000001bbc742b430 JavaThread "build-35" [_thread_blocked, id=14980, stack(0x000000b8fbc00000,0x000000b8fbd00000)]
  0x000001bbc742be50 JavaThread "build-36" [_thread_blocked, id=9212, stack(0x000000b8fbd00000,0x000000b8fbe00000)]
  0x000001bbc742d7a0 JavaThread "build-37" [_thread_blocked, id=16596, stack(0x000000b8fbe00000,0x000000b8fbf00000)]
  0x000001bbc742ebe0 JavaThread "build-38" [_thread_blocked, id=11424, stack(0x000000b8fbf00000,0x000000b8fc000000)]
  0x000001bbc742f0f0 JavaThread "build-39" [_thread_blocked, id=16372, stack(0x000000b8fc000000,0x000000b8fc100000)]
  0x000001bbc7430020 JavaThread "build-40" [_thread_blocked, id=18632, stack(0x000000b8fc100000,0x000000b8fc200000)]
  0x000001bbc7738b30 JavaThread "build-41" [_thread_blocked, id=14440, stack(0x000000b8fc200000,0x000000b8fc300000)]
  0x000001bbc7739f70 JavaThread "build-42" [_thread_blocked, id=15752, stack(0x000000b8fc300000,0x000000b8fc400000)]
  0x000001bbc7739550 JavaThread "build-43" [_thread_blocked, id=2700, stack(0x000000b8fc400000,0x000000b8fc500000)]
  0x000001bbc773cd00 JavaThread "build-44" [_thread_blocked, id=10504, stack(0x000000b8fc500000,0x000000b8fc600000)]
  0x000001bbc773a480 JavaThread "build-45" [_thread_blocked, id=19168, stack(0x000000b8fc600000,0x000000b8fc700000)]
  0x000001bbc77362b0 JavaThread "build-46" [_thread_blocked, id=16564, stack(0x000000b8fc700000,0x000000b8fc800000)]
  0x000001bbc7735890 JavaThread "build-47" [_thread_blocked, id=18056, stack(0x000000b8fc800000,0x000000b8fc900000)]
  0x000001bbc773aea0 JavaThread "build-48" [_thread_blocked, id=17156, stack(0x000000b8fc900000,0x000000b8fca00000)]
  0x000001bbc773a990 JavaThread "build-49" [_thread_blocked, id=18300, stack(0x000000b8fca00000,0x000000b8fcb00000)]
  0x000001bbc7739a60 JavaThread "build-50" [_thread_blocked, id=12312, stack(0x000000b8fcb00000,0x000000b8fcc00000)]
  0x000001bbc7739040 JavaThread "build-51" [_thread_blocked, id=17908, stack(0x000000b8fcc00000,0x000000b8fcd00000)]
  0x000001bbc773b3b0 JavaThread "build-52" [_thread_blocked, id=10424, stack(0x000000b8fcd00000,0x000000b8fce00000)]
  0x000001bbc7737c00 JavaThread "build-53" [_thread_blocked, id=16536, stack(0x000000b8fce00000,0x000000b8fcf00000)]
  0x000001bbc7738110 JavaThread "build-54" [_thread_blocked, id=17268, stack(0x000000b8fcf00000,0x000000b8fd000000)]
  0x000001bbc773c2e0 JavaThread "build-55" [_thread_blocked, id=2816, stack(0x000000b8fd000000,0x000000b8fd100000)]
  0x000001bbc773c7f0 JavaThread "build-56" [_thread_blocked, id=16916, stack(0x000000b8fd100000,0x000000b8fd200000)]
  0x000001bbc773d210 JavaThread "build-57" [_thread_blocked, id=4272, stack(0x000000b8fd200000,0x000000b8fd300000)]
  0x000001bbc77376f0 JavaThread "build-58" [_thread_blocked, id=15244, stack(0x000000b8fd300000,0x000000b8fd400000)]
  0x000001bbc7735da0 JavaThread "build-59" [_thread_blocked, id=17220, stack(0x000000b8fd400000,0x000000b8fd500000)]
  0x000001bbc773b8c0 JavaThread "build-60" [_thread_blocked, id=1228, stack(0x000000b8fd500000,0x000000b8fd600000)]
  0x000001bbc77367c0 JavaThread "build-61" [_thread_blocked, id=7728, stack(0x000000b8fd600000,0x000000b8fd700000)]
  0x000001bbc773bdd0 JavaThread "build-62" [_thread_blocked, id=12472, stack(0x000000b8fd700000,0x000000b8fd800000)]
  0x000001bbc7736cd0 JavaThread "build-63" [_thread_blocked, id=17608, stack(0x000000b8fd800000,0x000000b8fd900000)]
  0x000001bbc77371e0 JavaThread "build-64" [_thread_blocked, id=17168, stack(0x000000b8fd900000,0x000000b8fda00000)]
  0x000001bbc7738620 JavaThread "build-65" [_thread_blocked, id=16948, stack(0x000000b8fda00000,0x000000b8fdb00000)]
  0x000001bbc77e9540 JavaThread "build-66" [_thread_blocked, id=14876, stack(0x000000b8fdb00000,0x000000b8fdc00000)]
  0x000001bbc77e9f60 JavaThread "build-67" [_thread_blocked, id=16708, stack(0x000000b8fdc00000,0x000000b8fdd00000)]
  0x000001bbc77ec7e0 JavaThread "build-68" [_thread_blocked, id=6772, stack(0x000000b8fdd00000,0x000000b8fde00000)]
  0x000001bbc77eb8b0 JavaThread "build-69" [_thread_blocked, id=15456, stack(0x000000b8fde00000,0x000000b8fdf00000)]
  0x000001bbc77eb3a0 JavaThread "build-70" [_thread_blocked, id=17380, stack(0x000000b8fdf00000,0x000000b8fe000000)]
  0x000001bbc77ea470 JavaThread "build-71" [_thread_blocked, id=17932, stack(0x000000b8fe000000,0x000000b8fe100000)]
  0x000001bbc77e71d0 JavaThread "build-72" [_thread_blocked, id=12796, stack(0x000000b8fe100000,0x000000b8fe200000)]
  0x000001bbc77eccf0 JavaThread "build-73" [_thread_blocked, id=17592, stack(0x000000b8fe200000,0x000000b8fe300000)]
  0x000001bbc77ec2d0 JavaThread "build-74" [_thread_blocked, id=10672, stack(0x000000b8fe300000,0x000000b8fe400000)]
  0x000001bbc77e76e0 JavaThread "build-75" [_thread_blocked, id=4596, stack(0x000000b8fe400000,0x000000b8fe500000)]
  0x000001bbc77e8b20 JavaThread "build-76" [_thread_blocked, id=13328, stack(0x000000b8fe500000,0x000000b8fe600000)]
  0x000001bbc77e7bf0 JavaThread "build-77" [_thread_blocked, id=16556, stack(0x000000b8fe600000,0x000000b8fe700000)]
  0x000001bbc77ebdc0 JavaThread "build-78" [_thread_blocked, id=18292, stack(0x000000b8fe700000,0x000000b8fe800000)]
  0x000001bbc77ed200 JavaThread "build-79" [_thread_blocked, id=15892, stack(0x000000b8fe800000,0x000000b8fe900000)]
  0x000001bbc77ea980 JavaThread "build-80" [_thread_blocked, id=14324, stack(0x000000b8fe900000,0x000000b8fea00000)]
  0x000001bbc77e9a50 JavaThread "build-81" [_thread_blocked, id=660, stack(0x000000b8fea00000,0x000000b8feb00000)]
  0x000001bbc77ed710 JavaThread "build-82" [_thread_blocked, id=2036, stack(0x000000b8feb00000,0x000000b8fec00000)]
  0x000001bbc77e62a0 JavaThread "build-83" [_thread_blocked, id=19220, stack(0x000000b8fec00000,0x000000b8fed00000)]
  0x000001bbc77e8100 JavaThread "build-84" [_thread_blocked, id=17124, stack(0x000000b8fed00000,0x000000b8fee00000)]
  0x000001bbc77e8610 JavaThread "build-85" [_thread_blocked, id=15108, stack(0x000000b8fee00000,0x000000b8fef00000)]
  0x000001bbc77eae90 JavaThread "build-86" [_thread_blocked, id=6192, stack(0x000000b8fef00000,0x000000b8ff000000)]
  0x000001bbc77e9030 JavaThread "build-87" [_thread_blocked, id=3420, stack(0x000000b8ff000000,0x000000b8ff100000)]
  0x000001bbc77edc20 JavaThread "build-88" [_thread_blocked, id=9176, stack(0x000000b8ff100000,0x000000b8ff200000)]
  0x000001bbc77e67b0 JavaThread "build-89" [_thread_blocked, id=13732, stack(0x000000b8ff200000,0x000000b8ff300000)]
  0x000001bbc77e6cc0 JavaThread "build-90" [_thread_blocked, id=4500, stack(0x000000b8ff300000,0x000000b8ff400000)]
  0x000001bbc7800140 JavaThread "build-91" [_thread_blocked, id=2364, stack(0x000000b8ff400000,0x000000b8ff500000)]
  0x000001bbc7804310 JavaThread "build-92" [_thread_blocked, id=7556, stack(0x000000b8ff500000,0x000000b8ff600000)]
  0x000001bbc78038f0 JavaThread "build-93" [_thread_blocked, id=18264, stack(0x000000b8ff600000,0x000000b8ff700000)]
  0x000001bbc78033e0 JavaThread "build-94" [_thread_blocked, id=17676, stack(0x000000b8ff700000,0x000000b8ff800000)]
  0x000001bbc7805240 JavaThread "build-95" [_thread_blocked, id=19444, stack(0x000000b8ff800000,0x000000b8ff900000)]
  0x000001bbc7803e00 JavaThread "build-96" [_thread_blocked, id=15032, stack(0x000000b8ff900000,0x000000b8ffa00000)]
  0x000001bbc78024b0 JavaThread "build-97" [_thread_blocked, id=18224, stack(0x000000b8ffa00000,0x000000b8ffb00000)]
  0x000001bbc77fe2e0 JavaThread "build-98" [_thread_blocked, id=14128, stack(0x000000b8ffb00000,0x000000b8ffc00000)]
  0x000001bbc7804820 JavaThread "build-99" [_thread_blocked, id=13448, stack(0x000000b8ffc00000,0x000000b8ffd00000)]
  0x000001bbc78029c0 JavaThread "build-100" [_thread_blocked, id=2512, stack(0x000000b8ffd00000,0x000000b8ffe00000)]
  0x000001bbc77ffc30 JavaThread "build-101" [_thread_blocked, id=16904, stack(0x000000b8ffe00000,0x000000b8fff00000)]
  0x000001bbc7801a90 JavaThread "build-102" [_thread_blocked, id=7784, stack(0x000000b8fff00000,0x000000b900000000)]
  0x000001bbc7801fa0 JavaThread "build-103" [_thread_blocked, id=12384, stack(0x000000b880000000,0x000000b880100000)]
  0x000001bbc7804d30 JavaThread "build-104" [_thread_blocked, id=16940, stack(0x000000b880100000,0x000000b880200000)]
  0x000001bbc77ff720 JavaThread "build-105" [_thread_blocked, id=14896, stack(0x000000b880200000,0x000000b880300000)]
  0x000001bbc7805750 JavaThread "build-106" [_thread_blocked, id=17512, stack(0x000000b880300000,0x000000b880400000)]
  0x000001bbc7802ed0 JavaThread "build-107" [_thread_blocked, id=8744, stack(0x000000b880400000,0x000000b880500000)]
  0x000001bbc7800650 JavaThread "build-108" [_thread_blocked, id=15828, stack(0x000000b880500000,0x000000b880600000)]
  0x000001bbc7805c60 JavaThread "build-109" [_thread_blocked, id=4280, stack(0x000000b880600000,0x000000b880700000)]
  0x000001bbc77fe7f0 JavaThread "build-110" [_thread_blocked, id=18424, stack(0x000000b880700000,0x000000b880800000)]
  0x000001bbc7800b60 JavaThread "build-111" [_thread_blocked, id=3148, stack(0x000000b880800000,0x000000b880900000)]
  0x000001bbc77fed00 JavaThread "build-112" [_thread_blocked, id=18536, stack(0x000000b880900000,0x000000b880a00000)]
  0x000001bbc7801070 JavaThread "build-113" [_thread_blocked, id=15116, stack(0x000000b880a00000,0x000000b880b00000)]
  0x000001bbc77ff210 JavaThread "build-114" [_thread_blocked, id=16312, stack(0x000000b880b00000,0x000000b880c00000)]
  0x000001bbc7801580 JavaThread "build-115" [_thread_blocked, id=17488, stack(0x000000b880c00000,0x000000b880d00000)]
  0x000001bbc7814690 JavaThread "build-116" [_thread_blocked, id=7932, stack(0x000000b880d00000,0x000000b880e00000)]
  0x000001bbc78150b0 JavaThread "build-117" [_thread_blocked, id=1424, stack(0x000000b880e00000,0x000000b880f00000)]
  0x000001bbc7817930 JavaThread "build-118" [_thread_blocked, id=16472, stack(0x000000b880f00000,0x000000b881000000)]
  0x000001bbc7818860 JavaThread "build-119" [_thread_blocked, id=4384, stack(0x000000b881000000,0x000000b881100000)]
  0x000001bbc7812d40 JavaThread "build-120" [_thread_blocked, id=8800, stack(0x000000b881100000,0x000000b881200000)]
  0x000001bbc7816f10 JavaThread "build-121" [_thread_blocked, id=16728, stack(0x000000b881200000,0x000000b881300000)]
  0x000001bbc7815fe0 JavaThread "build-122" [_thread_blocked, id=15940, stack(0x000000b881300000,0x000000b881400000)]
  0x000001bbc7817e40 JavaThread "build-123" [_thread_blocked, id=16380, stack(0x000000b881400000,0x000000b881500000)]
  0x000001bbc7818d70 JavaThread "build-124" [_thread_blocked, id=18940, stack(0x000000b881500000,0x000000b881600000)]
  0x000001bbc7812830 JavaThread "build-125" [_thread_blocked, id=16224, stack(0x000000b881600000,0x000000b881700000)]
  0x000001bbc7819280 JavaThread "build-126" [_thread_blocked, id=16440, stack(0x000000b881700000,0x000000b881800000)]
  0x000001bbc78155c0 JavaThread "build-127" [_thread_blocked, id=17352, stack(0x000000b881800000,0x000000b881900000)]
  0x000001bbc7813c70 JavaThread "build-128" [_thread_blocked, id=14120, stack(0x000000b881900000,0x000000b881a00000)]
  0x000001bbc7814180 JavaThread "build-129" [_thread_blocked, id=15880, stack(0x000000b881a00000,0x000000b881b00000)]
  0x000001bbc7815ad0 JavaThread "build-130" [_thread_blocked, id=18392, stack(0x000000b881b00000,0x000000b881c00000)]
  0x000001bbc78164f0 JavaThread "build-131" [_thread_blocked, id=10144, stack(0x000000b881c00000,0x000000b881d00000)]
  0x000001bbc7814ba0 JavaThread "build-132" [_thread_blocked, id=15404, stack(0x000000b881d00000,0x000000b881e00000)]
  0x000001bbc7816a00 JavaThread "build-133" [_thread_blocked, id=14656, stack(0x000000b881e00000,0x000000b881f00000)]
  0x000001bbc7817420 JavaThread "build-134" [_thread_blocked, id=15952, stack(0x000000b881f00000,0x000000b882000000)]
  0x000001bbc7818350 JavaThread "build-135" [_thread_blocked, id=16500, stack(0x000000b882000000,0x000000b882100000)]
  0x000001bbc7819790 JavaThread "build-136" [_thread_blocked, id=7044, stack(0x000000b882100000,0x000000b882200000)]
  0x000001bbc7813250 JavaThread "build-137" [_thread_blocked, id=15568, stack(0x000000b882200000,0x000000b882300000)]
  0x000001bbc7812320 JavaThread "build-138" [_thread_blocked, id=16588, stack(0x000000b882300000,0x000000b882400000)]
  0x000001bbc7819ca0 JavaThread "build-139" [_thread_blocked, id=16800, stack(0x000000b882400000,0x000000b882500000)]
  0x000001bbc7813760 JavaThread "build-140" [_thread_blocked, id=17508, stack(0x000000b882500000,0x000000b882600000)]
  0x000001bbc6f029b0 JavaThread "build-141" [_thread_blocked, id=10308, stack(0x000000b882600000,0x000000b882700000)]
  0x000001bbc6f038e0 JavaThread "build-142" [_thread_blocked, id=16452, stack(0x000000b882700000,0x000000b882800000)]
  0x000001bbc6f01f90 JavaThread "build-143" [_thread_blocked, id=15464, stack(0x000000b882800000,0x000000b882900000)]
  0x000001bbc6f01570 JavaThread "build-144" [_thread_blocked, id=15988, stack(0x000000b882900000,0x000000b882a00000)]
  0x000001bbc6f024a0 JavaThread "build-145" [_thread_blocked, id=13056, stack(0x000000b882a00000,0x000000b882b00000)]
  0x000001bbc6f01a80 JavaThread "build-146" [_thread_blocked, id=14156, stack(0x000000b882b00000,0x000000b882c00000)]
  0x000001bbc6f02ec0 JavaThread "build-147" [_thread_blocked, id=15348, stack(0x000000b882c00000,0x000000b882d00000)]
  0x000001bbc6f033d0 JavaThread "build-148" [_thread_blocked, id=17196, stack(0x000000b882d00000,0x000000b882e00000)]
  0x000001bbc6f03df0 JavaThread "build-149" [_thread_blocked, id=16960, stack(0x000000b882e00000,0x000000b882f00000)]
  0x000001bbc6f04300 JavaThread "build-150" [_thread_blocked, id=15708, stack(0x000000b882f00000,0x000000b883000000)]
  0x000001bbc6f04810 JavaThread "build-151" [_thread_blocked, id=16128, stack(0x000000b883000000,0x000000b883100000)]
  0x000001bbc6f01060 JavaThread "build-152" [_thread_blocked, id=17952, stack(0x000000b883100000,0x000000b883200000)]
  0x000001bbc785aad0 JavaThread "build-153" [_thread_blocked, id=18428, stack(0x000000b883200000,0x000000b883300000)]
  0x000001bbc7856e10 JavaThread "build-154" [_thread_blocked, id=18576, stack(0x000000b883300000,0x000000b883400000)]
  0x000001bbc7858250 JavaThread "build-155" [_thread_blocked, id=17956, stack(0x000000b883400000,0x000000b883500000)]
  0x000001bbc7858c70 JavaThread "build-156" [_thread_blocked, id=7308, stack(0x000000b883500000,0x000000b883600000)]

Other Threads:
=>0x000001bbec6e3400 VMThread "VM Thread" [stack: 0x000000b8f8400000,0x000000b8f8500000] [id=13652]
  0x000001bbec6391d0 WatcherThread [stack: 0x000000b8f9100000,0x000000b8f9200000] [id=14852]
  0x000001bbec672890 GCTaskThread "GC Thread#0" [stack: 0x000000b8f7f00000,0x000000b8f8000000] [id=19448]
  0x000001bbc56dd8e0 GCTaskThread "GC Thread#1" [stack: 0x000000b8f9200000,0x000000b8f9300000] [id=16340]
  0x000001bbec67b260 ConcurrentGCThread "G1 Main Marker" [stack: 0x000000b8f8000000,0x000000b8f8100000] [id=16848]
  0x000001bbec67bc70 ConcurrentGCThread "G1 Conc#0" [stack: 0x000000b8f8100000,0x000000b8f8200000] [id=14648]
  0x000001bbec6b1770 ConcurrentGCThread "G1 Refine#0" [stack: 0x000000b8f8200000,0x000000b8f8300000] [id=2256]
  0x000001bbc632b180 ConcurrentGCThread "G1 Refine#1" [stack: 0x000000b8f9500000,0x000000b8f9600000] [id=9320]
  0x000001bbec6b21a0 ConcurrentGCThread "G1 Service" [stack: 0x000000b8f8300000,0x000000b8f8400000] [id=18192]

Threads with active compile tasks:

VM state: at safepoint (normal execution)

VM Mutex/Monitor currently owned by a thread:  ([mutex/lock_event])
[0x000001bbec633710] Threads_lock - owner thread: 0x000001bbec6e3400
[0x000001bbec634880] Heap_lock - owner thread: 0x000001bbc77e9540

Heap address: 0x00000000c2c00000, size: 980 MB, Compressed Oops mode: 32-bit

CDS archive(s) mapped at: [0x000001bb80000000-0x000001bb80bd0000-0x000001bb80bd0000), size 12386304, SharedBaseAddress: 0x000001bb80000000, ArchiveRelocationMode: 1.
Compressed class space mapped at: 0x000001bb81000000-0x000001bbc1000000, reserved size: 1073741824
Narrow klass base: 0x000001bb80000000, Narrow klass shift: 0, Narrow klass range: 0x100000000

GC Precious Log:
 CPUs: 2 total, 2 available
 Memory: 3918M
 Large Page Support: Disabled
 NUMA Support: Disabled
 Compressed Oops: Enabled (32-bit)
 Heap Region Size: 1M
 Heap Min Capacity: 8M
 Heap Initial Capacity: 62M
 Heap Max Capacity: 980M
 Pre-touch: Disabled
 Parallel Workers: 2
 Concurrent Workers: 1
 Concurrent Refinement Workers: 2
 Periodic GC: Disabled

Heap:
 garbage-first heap   total 78848K, used 52540K [0x00000000c2c00000, 0x0000000100000000)
  region size 1024K, 2 young (2048K), 2 survivors (2048K)
 Metaspace       used 20246K, committed 20928K, reserved 1114112K
  class space    used 2852K, committed 3200K, reserved 1048576K

Heap Regions: E=young(eden), S=young(survivor), O=old, HS=humongous(starts), HC=humongous(continues), CS=collection set, F=free, OA=open archive, CA=closed archive, TAMS=top-at-mark-start (previous, next)
|   0|0x00000000c2c00000, 0x00000000c2d00000, 0x00000000c2d00000|100%| O|  |TAMS 0x00000000c2d00000, 0x00000000c2d00000| Untracked 
|   1|0x00000000c2d00000, 0x00000000c2e00000, 0x00000000c2e00000|100%| O|  |TAMS 0x00000000c2e00000, 0x00000000c2e00000| Untracked 
|   2|0x00000000c2e00000, 0x00000000c2f00000, 0x00000000c2f00000|100%| O|  |TAMS 0x00000000c2f00000, 0x00000000c2f00000| Untracked 
|   3|0x00000000c2f00000, 0x00000000c3000000, 0x00000000c3000000|100%| O|  |TAMS 0x00000000c3000000, 0x00000000c3000000| Untracked 
|   4|0x00000000c3000000, 0x00000000c3100000, 0x00000000c3100000|100%| O|  |TAMS 0x00000000c3100000, 0x00000000c3100000| Untracked 
|   5|0x00000000c3100000, 0x00000000c3200000, 0x00000000c3200000|100%|HS|  |TAMS 0x00000000c3200000, 0x00000000c3200000| Complete 
|   6|0x00000000c3200000, 0x00000000c3300000, 0x00000000c3300000|100%|HC|  |TAMS 0x00000000c3300000, 0x00000000c3300000| Complete 
|   7|0x00000000c3300000, 0x00000000c3400000, 0x00000000c3400000|100%| O|  |TAMS 0x00000000c3400000, 0x00000000c3400000| Untracked 
|   8|0x00000000c3400000, 0x00000000c3500000, 0x00000000c3500000|100%| O|  |TAMS 0x00000000c3500000, 0x00000000c3500000| Untracked 
|   9|0x00000000c3500000, 0x00000000c3600000, 0x00000000c3600000|100%| O|  |TAMS 0x00000000c3600000, 0x00000000c3600000| Untracked 
|  10|0x00000000c3600000, 0x00000000c3700000, 0x00000000c3700000|100%| O|  |TAMS 0x00000000c3700000, 0x00000000c3700000| Untracked 
|  11|0x00000000c3700000, 0x00000000c3800000, 0x00000000c3800000|100%| O|  |TAMS 0x00000000c3800000, 0x00000000c3800000| Untracked 
|  12|0x00000000c3800000, 0x00000000c3900000, 0x00000000c3900000|100%| O|  |TAMS 0x00000000c3900000, 0x00000000c3900000| Untracked 
|  13|0x00000000c3900000, 0x00000000c3a00000, 0x00000000c3a00000|100%| O|  |TAMS 0x00000000c3a00000, 0x00000000c3a00000| Untracked 
|  14|0x00000000c3a00000, 0x00000000c3b00000, 0x00000000c3b00000|100%| O|  |TAMS 0x00000000c3b00000, 0x00000000c3b00000| Untracked 
|  15|0x00000000c3b00000, 0x00000000c3c00000, 0x00000000c3c00000|100%| O|  |TAMS 0x00000000c3c00000, 0x00000000c3c00000| Untracked 
|  16|0x00000000c3c00000, 0x00000000c3d00000, 0x00000000c3d00000|100%| O|  |TAMS 0x00000000c3d00000, 0x00000000c3d00000| Untracked 
|  17|0x00000000c3d00000, 0x00000000c3e00000, 0x00000000c3e00000|100%| O|  |TAMS 0x00000000c3e00000, 0x00000000c3e00000| Untracked 
|  18|0x00000000c3e00000, 0x00000000c3f00000, 0x00000000c3f00000|100%| O|  |TAMS 0x00000000c3f00000, 0x00000000c3f00000| Untracked 
|  19|0x00000000c3f00000, 0x00000000c4000000, 0x00000000c4000000|100%| O|  |TAMS 0x00000000c4000000, 0x00000000c4000000| Untracked 
|  20|0x00000000c4000000, 0x00000000c4100000, 0x00000000c4100000|100%| O|  |TAMS 0x00000000c4100000, 0x00000000c4100000| Untracked 
|  21|0x00000000c4100000, 0x00000000c4200000, 0x00000000c4200000|100%| O|  |TAMS 0x00000000c4200000, 0x00000000c4200000| Untracked 
|  22|0x00000000c4200000, 0x00000000c4300000, 0x00000000c4300000|100%| O|  |TAMS 0x00000000c4300000, 0x00000000c4300000| Untracked 
|  23|0x00000000c4300000, 0x00000000c4400000, 0x00000000c4400000|100%| O|  |TAMS 0x00000000c4300000, 0x00000000c4400000| Untracked 
|  24|0x00000000c4400000, 0x00000000c4500000, 0x00000000c4500000|100%| O|  |TAMS 0x00000000c4500000, 0x00000000c4500000| Untracked 
|  25|0x00000000c4500000, 0x00000000c4600000, 0x00000000c4600000|100%| O|  |TAMS 0x00000000c4600000, 0x00000000c4600000| Untracked 
|  26|0x00000000c4600000, 0x00000000c4700000, 0x00000000c4700000|100%| O|  |TAMS 0x00000000c4700000, 0x00000000c4700000| Untracked 
|  27|0x00000000c4700000, 0x00000000c4800000, 0x00000000c4800000|100%| O|  |TAMS 0x00000000c4800000, 0x00000000c4800000| Untracked 
|  28|0x00000000c4800000, 0x00000000c4900000, 0x00000000c4900000|100%| O|  |TAMS 0x00000000c4900000, 0x00000000c4900000| Untracked 
|  29|0x00000000c4900000, 0x00000000c4a00000, 0x00000000c4a00000|100%| O|  |TAMS 0x00000000c4a00000, 0x00000000c4a00000| Untracked 
|  30|0x00000000c4a00000, 0x00000000c4b00000, 0x00000000c4b00000|100%| O|  |TAMS 0x00000000c4b00000, 0x00000000c4b00000| Untracked 
|  31|0x00000000c4b00000, 0x00000000c4c00000, 0x00000000c4c00000|100%| O|  |TAMS 0x00000000c4c00000, 0x00000000c4c00000| Untracked 
|  32|0x00000000c4c00000, 0x00000000c4d00000, 0x00000000c4d00000|100%| O|  |TAMS 0x00000000c4d00000, 0x00000000c4d00000| Untracked 
|  33|0x00000000c4d00000, 0x00000000c4e00000, 0x00000000c4e00000|100%| O|  |TAMS 0x00000000c4e00000, 0x00000000c4e00000| Untracked 
|  34|0x00000000c4e00000, 0x00000000c4f00000, 0x00000000c4f00000|100%| O|  |TAMS 0x00000000c4f00000, 0x00000000c4f00000| Untracked 
|  35|0x00000000c4f00000, 0x00000000c5000000, 0x00000000c5000000|100%| O|  |TAMS 0x00000000c5000000, 0x00000000c5000000| Untracked 
|  36|0x00000000c5000000, 0x00000000c5100000, 0x00000000c5100000|100%| O|  |TAMS 0x00000000c5100000, 0x00000000c5100000| Untracked 
|  37|0x00000000c5100000, 0x00000000c5200000, 0x00000000c5200000|100%| O|  |TAMS 0x00000000c5200000, 0x00000000c5200000| Untracked 
|  38|0x00000000c5200000, 0x00000000c5300000, 0x00000000c5300000|100%| O|  |TAMS 0x00000000c5300000, 0x00000000c5300000| Untracked 
|  39|0x00000000c5300000, 0x00000000c5400000, 0x00000000c5400000|100%| O|  |TAMS 0x00000000c5300000, 0x00000000c5300000| Untracked 
|  40|0x00000000c5400000, 0x00000000c5500000, 0x00000000c5500000|100%| O|  |TAMS 0x00000000c5500000, 0x00000000c5500000| Untracked 
|  41|0x00000000c5500000, 0x00000000c5600000, 0x00000000c5600000|100%| O|  |TAMS 0x00000000c5533c00, 0x00000000c5600000| Untracked 
|  42|0x00000000c5600000, 0x00000000c5700000, 0x00000000c5700000|100%| O|  |TAMS 0x00000000c5600000, 0x00000000c5700000| Untracked 
|  43|0x00000000c5700000, 0x00000000c5800000, 0x00000000c5800000|100%| O|  |TAMS 0x00000000c5700000, 0x00000000c5800000| Untracked 
|  44|0x00000000c5800000, 0x00000000c5900000, 0x00000000c5900000|100%| O|  |TAMS 0x00000000c5800000, 0x00000000c5900000| Untracked 
|  45|0x00000000c5900000, 0x00000000c5a00000, 0x00000000c5a00000|100%| O|  |TAMS 0x00000000c5900000, 0x00000000c5a00000| Untracked 
|  46|0x00000000c5a00000, 0x00000000c5b00000, 0x00000000c5b00000|100%| O|  |TAMS 0x00000000c5a00000, 0x00000000c5aab808| Untracked 
|  47|0x00000000c5b00000, 0x00000000c5c00000, 0x00000000c5c00000|100%| O|  |TAMS 0x00000000c5b00000, 0x00000000c5b00000| Untracked 
|  48|0x00000000c5c00000, 0x00000000c5d00000, 0x00000000c5d00000|100%| O|  |TAMS 0x00000000c5c00000, 0x00000000c5c00000| Untracked 
|  49|0x00000000c5d00000, 0x00000000c5d4f200, 0x00000000c5e00000| 30%| O|  |TAMS 0x00000000c5d00000, 0x00000000c5d00000| Untracked 
|  50|0x00000000c5e00000, 0x00000000c5e00000, 0x00000000c5f00000|  0%| F|  |TAMS 0x00000000c5e00000, 0x00000000c5e00000| Untracked 
|  51|0x00000000c5f00000, 0x00000000c5f00000, 0x00000000c6000000|  0%| F|  |TAMS 0x00000000c5f00000, 0x00000000c5f00000| Untracked 
|  52|0x00000000c6000000, 0x00000000c6000000, 0x00000000c6100000|  0%| F|  |TAMS 0x00000000c6000000, 0x00000000c6000000| Untracked 
|  53|0x00000000c6100000, 0x00000000c6100000, 0x00000000c6200000|  0%| F|  |TAMS 0x00000000c6100000, 0x00000000c6100000| Untracked 
|  54|0x00000000c6200000, 0x00000000c6200000, 0x00000000c6300000|  0%| F|  |TAMS 0x00000000c6200000, 0x00000000c6200000| Untracked 
|  55|0x00000000c6300000, 0x00000000c6300000, 0x00000000c6400000|  0%| F|  |TAMS 0x00000000c6300000, 0x00000000c6300000| Untracked 
|  56|0x00000000c6400000, 0x00000000c6400000, 0x00000000c6500000|  0%| F|  |TAMS 0x00000000c6400000, 0x00000000c6400000| Untracked 
|  57|0x00000000c6500000, 0x00000000c6500000, 0x00000000c6600000|  0%| F|  |TAMS 0x00000000c6500000, 0x00000000c6500000| Untracked 
|  58|0x00000000c6600000, 0x00000000c6600000, 0x00000000c6700000|  0%| F|  |TAMS 0x00000000c6600000, 0x00000000c6600000| Untracked 
|  59|0x00000000c6700000, 0x00000000c6700000, 0x00000000c6800000|  0%| F|  |TAMS 0x00000000c6700000, 0x00000000c6700000| Untracked 
|  60|0x00000000c6800000, 0x00000000c6900000, 0x00000000c6900000|100%| S|CS|TAMS 0x00000000c6800000, 0x00000000c6800000| Complete 
|  61|0x00000000c6900000, 0x00000000c6a00000, 0x00000000c6a00000|100%| S|CS|TAMS 0x00000000c6900000, 0x00000000c6900000| Complete 
|  62|0x00000000c6a00000, 0x00000000c6a00000, 0x00000000c6b00000|  0%| F|  |TAMS 0x00000000c6a00000, 0x00000000c6a00000| Untracked 
|  63|0x00000000c6b00000, 0x00000000c6b00000, 0x00000000c6c00000|  0%| F|  |TAMS 0x00000000c6b00000, 0x00000000c6b00000| Untracked 
|  64|0x00000000c6c00000, 0x00000000c6c00000, 0x00000000c6d00000|  0%| F|  |TAMS 0x00000000c6c00000, 0x00000000c6c00000| Untracked 
|  65|0x00000000c6d00000, 0x00000000c6d00000, 0x00000000c6e00000|  0%| F|  |TAMS 0x00000000c6d00000, 0x00000000c6d00000| Untracked 
|  66|0x00000000c6e00000, 0x00000000c6e00000, 0x00000000c6f00000|  0%| F|  |TAMS 0x00000000c6e00000, 0x00000000c6e00000| Untracked 
|  67|0x00000000c6f00000, 0x00000000c6f00000, 0x00000000c7000000|  0%| F|  |TAMS 0x00000000c6f00000, 0x00000000c6f00000| Untracked 
|  68|0x00000000c7000000, 0x00000000c7000000, 0x00000000c7100000|  0%| F|  |TAMS 0x00000000c7000000, 0x00000000c7000000| Untracked 
|  69|0x00000000c7100000, 0x00000000c7100000, 0x00000000c7200000|  0%| F|  |TAMS 0x00000000c7100000, 0x00000000c7100000| Untracked 
|  70|0x00000000c7200000, 0x00000000c7200000, 0x00000000c7300000|  0%| F|  |TAMS 0x00000000c7200000, 0x00000000c7200000| Untracked 
|  71|0x00000000c7300000, 0x00000000c7300000, 0x00000000c7400000|  0%| F|  |TAMS 0x00000000c7300000, 0x00000000c7300000| Untracked 
|  72|0x00000000c7400000, 0x00000000c7400000, 0x00000000c7500000|  0%| F|  |TAMS 0x00000000c7400000, 0x00000000c7400000| Untracked 
|  73|0x00000000c7500000, 0x00000000c7500000, 0x00000000c7600000|  0%| F|  |TAMS 0x00000000c7500000, 0x00000000c7500000| Untracked 
|  74|0x00000000c7600000, 0x00000000c7600000, 0x00000000c7700000|  0%| F|  |TAMS 0x00000000c7600000, 0x00000000c7600000| Untracked 
|  75|0x00000000c7700000, 0x00000000c7700000, 0x00000000c7800000|  0%| F|  |TAMS 0x00000000c7700000, 0x00000000c7700000| Untracked 
|  76|0x00000000c7800000, 0x00000000c7800000, 0x00000000c7900000|  0%| F|  |TAMS 0x00000000c7800000, 0x00000000c7800000| Untracked 

Card table byte_map: [0x000001bbec270000,0x000001bbec460000] _byte_map_base: 0x000001bbebc5a000

Marking Bits (Prev, Next): (CMBitMap*) 0x000001bbec672eb0, (CMBitMap*) 0x000001bbec672ef0
 Prev Bits: [0x000001bbf70e0000, 0x000001bbf8030000)
 Next Bits: [0x000001bbf8030000, 0x000001bbf8f80000)

Polling page: 0x000001bbea5f0000

Metaspace:

Usage:
  Non-class:     16.99 MB used.
      Class:      2.79 MB used.
       Both:     19.77 MB used.

Virtual space:
  Non-class space:       64.00 MB reserved,      17.31 MB ( 27%) committed,  1 nodes.
      Class space:        1.00 GB reserved,       3.12 MB ( <1%) committed,  1 nodes.
             Both:        1.06 GB reserved,      20.44 MB (  2%) committed. 

Chunk freelists:
   Non-Class:  14.14 MB
       Class:  12.70 MB
        Both:  26.85 MB

MaxMetaspaceSize: unlimited
CompressedClassSpaceSize: 1.00 GB
Initial GC threshold: 21.00 MB
Current GC threshold: 30.94 MB
CDS: on
MetaspaceReclaimPolicy: balanced
 - commit_granule_bytes: 65536.
 - commit_granule_words: 8192.
 - virtual_space_node_default_size: 8388608.
 - enlarge_chunks_in_place: 1.
 - new_chunks_are_fully_committed: 0.
 - uncommit_free_chunks: 1.
 - use_allocation_guard: 0.
 - handle_deallocations: 1.


Internal statistics:

num_allocs_failed_limit: 0.
num_arena_births: 1102.
num_arena_deaths: 168.
num_vsnodes_births: 2.
num_vsnodes_deaths: 0.
num_space_committed: 327.
num_space_uncommitted: 0.
num_chunks_returned_to_freelist: 245.
num_chunks_taken_from_freelist: 2210.
num_chunk_merges: 88.
num_chunk_splits: 1259.
num_chunks_enlarged: 696.
num_inconsistent_stats: 0.

CodeCache: size=49152Kb used=8436Kb max_used=8436Kb free=40715Kb
 bounds [0x000001bbf3ef0000, 0x000001bbf4730000, 0x000001bbf6ef0000]
 total_blobs=4386 nmethods=3885 adapters=428
 compilation: enabled
              stopped_count=0, restarted_count=0
 full_count=0

Compilation events (20 events):
Event: 60.116 Thread 0x000001bbc6b851e0 3943       1       org.aesh.terminal.tty.Capability::getName (5 bytes)
Event: 60.116 Thread 0x000001bbc6b851e0 nmethod 3943 0x000001bbf4727790 code [0x000001bbf4727920, 0x000001bbf47279f8]
Event: 60.116 Thread 0x000001bbfb1b8fa0 3944       1       org.aesh.terminal.tty.Capability::getCap (5 bytes)
Event: 60.116 Thread 0x000001bbfb1b8fa0 nmethod 3944 0x000001bbf4727a90 code [0x000001bbf4727c20, 0x000001bbf4727cf8]
Event: 60.117 Thread 0x000001bbc6b851e0 3945       1       java.util.regex.Pattern$CharProperty::match (71 bytes)
Event: 60.117 Thread 0x000001bbc6b851e0 nmethod 3945 0x000001bbf4727d90 code [0x000001bbf4727f40, 0x000001bbf4728168]
Event: 60.118 Thread 0x000001bbfb1b8fa0 3946   !   1       java.util.regex.Pattern::closure (276 bytes)
Event: 60.118 Thread 0x000001bbc6b851e0 3947       1       java.util.regex.Pattern$Node::study (21 bytes)
Event: 60.118 Thread 0x000001bbc6b851e0 nmethod 3947 0x000001bbf4728290 code [0x000001bbf4728440, 0x000001bbf4728588]
Event: 60.119 Thread 0x000001bbc6b851e0 3948       1       java.util.regex.Pattern$Loop::match (196 bytes)
Event: 60.120 Thread 0x000001bbc6b851e0 nmethod 3948 0x000001bbf4728690 code [0x000001bbf47288a0, 0x000001bbf4728d38]
Event: 60.120 Thread 0x000001bbc6b851e0 3949       1       java.util.regex.IntHashSet::contains (44 bytes)
Event: 60.120 Thread 0x000001bbc6b851e0 nmethod 3949 0x000001bbf472b690 code [0x000001bbf472b840, 0x000001bbf472b9f8]
Event: 60.120 Thread 0x000001bbfb1b8fa0 nmethod 3946 0x000001bbf4729110 code [0x000001bbf4729480, 0x000001bbf472aad8]
Event: 60.132 Thread 0x000001bbfb1b8fa0 3951   !   1       java.lang.Class::getTypeName (59 bytes)
Event: 60.133 Thread 0x000001bbfb1b8fa0 nmethod 3951 0x000001bbf472be90 code [0x000001bbf472c0c0, 0x000001bbf472c5e8]
Event: 60.134 Thread 0x000001bbc6b851e0 3952       1       java.util.Arrays$ArrayList::toArray (15 bytes)
Event: 60.134 Thread 0x000001bbc6b851e0 nmethod 3952 0x000001bbf472ca10 code [0x000001bbf472cba0, 0x000001bbf472cca8]
Event: 60.135 Thread 0x000001bbc6b851e0 3953       1       io.quarkus.gizmo.BytecodeCreatorImpl$5::getTopResultHandle (5 bytes)
Event: 60.135 Thread 0x000001bbc6b851e0 nmethod 3953 0x000001bbf472cd90 code [0x000001bbf472cf20, 0x000001bbf472cff8]

GC Heap History (20 events):
Event: 51.565 GC heap after
{Heap after GC invocations=8 (full 0):
 garbage-first heap   total 63488K, used 34729K [0x00000000c2c00000, 0x0000000100000000)
  region size 1024K, 2 young (2048K), 2 survivors (2048K)
 Metaspace       used 7228K, committed 7488K, reserved 1114112K
  class space    used 955K, committed 1088K, reserved 1048576K
}
Event: 52.828 GC heap before
{Heap before GC invocations=9 (full 0):
 garbage-first heap   total 63488K, used 48041K [0x00000000c2c00000, 0x0000000100000000)
  region size 1024K, 15 young (15360K), 2 survivors (2048K)
 Metaspace       used 8927K, committed 9344K, reserved 1114112K
  class space    used 1206K, committed 1408K, reserved 1048576K
}
Event: 52.850 GC heap after
{Heap after GC invocations=10 (full 0):
 garbage-first heap   total 63488K, used 35513K [0x00000000c2c00000, 0x0000000100000000)
  region size 1024K, 1 young (1024K), 1 survivors (1024K)
 Metaspace       used 8927K, committed 9344K, reserved 1114112K
  class space    used 1206K, committed 1408K, reserved 1048576K
}
Event: 53.517 GC heap before
{Heap before GC invocations=10 (full 0):
 garbage-first heap   total 63488K, used 49849K [0x00000000c2c00000, 0x0000000100000000)
  region size 1024K, 15 young (15360K), 1 survivors (1024K)
 Metaspace       used 10456K, committed 10880K, reserved 1114112K
  class space    used 1390K, committed 1600K, reserved 1048576K
}
Event: 53.527 GC heap after
{Heap after GC invocations=11 (full 0):
 garbage-first heap   total 76800K, used 36008K [0x00000000c2c00000, 0x0000000100000000)
  region size 1024K, 2 young (2048K), 2 survivors (2048K)
 Metaspace       used 10456K, committed 10880K, reserved 1114112K
  class space    used 1390K, committed 1600K, reserved 1048576K
}
Event: 55.670 GC heap before
{Heap before GC invocations=12 (full 0):
 garbage-first heap   total 76800K, used 56488K [0x00000000c2c00000, 0x0000000100000000)
  region size 1024K, 23 young (23552K), 2 survivors (2048K)
 Metaspace       used 13363K, committed 13696K, reserved 1114112K
  class space    used 1768K, committed 1920K, reserved 1048576K
}
Event: 55.691 GC heap after
{Heap after GC invocations=13 (full 0):
 garbage-first heap   total 76800K, used 37577K [0x00000000c2c00000, 0x0000000100000000)
  region size 1024K, 3 young (3072K), 3 survivors (3072K)
 Metaspace       used 13363K, committed 13696K, reserved 1114112K
  class space    used 1768K, committed 1920K, reserved 1048576K
}
Event: 56.630 GC heap before
{Heap before GC invocations=13 (full 0):
 garbage-first heap   total 76800K, used 59081K [0x00000000c2c00000, 0x0000000100000000)
  region size 1024K, 24 young (24576K), 3 survivors (3072K)
 Metaspace       used 14690K, committed 15104K, reserved 1114112K
  class space    used 2000K, committed 2176K, reserved 1048576K
}
Event: 56.653 GC heap after
{Heap after GC invocations=14 (full 0):
 garbage-first heap   total 76800K, used 40141K [0x00000000c2c00000, 0x0000000100000000)
  region size 1024K, 3 young (3072K), 3 survivors (3072K)
 Metaspace       used 14690K, committed 15104K, reserved 1114112K
  class space    used 2000K, committed 2176K, reserved 1048576K
}
Event: 57.876 GC heap before
{Heap before GC invocations=15 (full 0):
 garbage-first heap   total 76800K, used 58573K [0x00000000c2c00000, 0x0000000100000000)
  region size 1024K, 22 young (22528K), 3 survivors (3072K)
 Metaspace       used 16063K, committed 16640K, reserved 1114112K
  class space    used 2236K, committed 2496K, reserved 1048576K
}
Event: 57.893 GC heap after
{Heap after GC invocations=16 (full 0):
 garbage-first heap   total 76800K, used 41757K [0x00000000c2c00000, 0x0000000100000000)
  region size 1024K, 2 young (2048K), 2 survivors (2048K)
 Metaspace       used 16063K, committed 16640K, reserved 1114112K
  class space    used 2236K, committed 2496K, reserved 1048576K
}
Event: 57.906 GC heap before
{Heap before GC invocations=16 (full 0):
 garbage-first heap   total 76800K, used 41757K [0x00000000c2c00000, 0x0000000100000000)
  region size 1024K, 3 young (3072K), 2 survivors (2048K)
 Metaspace       used 16085K, committed 16640K, reserved 1114112K
  class space    used 2237K, committed 2496K, reserved 1048576K
}
Event: 57.920 GC heap after
{Heap after GC invocations=17 (full 0):
 garbage-first heap   total 76800K, used 41543K [0x00000000c2c00000, 0x0000000100000000)
  region size 1024K, 1 young (1024K), 1 survivors (1024K)
 Metaspace       used 16085K, committed 16640K, reserved 1114112K
  class space    used 2237K, committed 2496K, reserved 1048576K
}
Event: 58.368 GC heap before
{Heap before GC invocations=17 (full 0):
 garbage-first heap   total 76800K, used 58951K [0x00000000c2c00000, 0x0000000100000000)
  region size 1024K, 19 young (19456K), 1 survivors (1024K)
 Metaspace       used 17990K, committed 18688K, reserved 1114112K
  class space    used 2529K, committed 2880K, reserved 1048576K
}
Event: 58.378 GC heap after
{Heap after GC invocations=18 (full 0):
 garbage-first heap   total 76800K, used 43082K [0x00000000c2c00000, 0x0000000100000000)
  region size 1024K, 2 young (2048K), 2 survivors (2048K)
 Metaspace       used 17990K, committed 18688K, reserved 1114112K
  class space    used 2529K, committed 2880K, reserved 1048576K
}
Event: 59.551 GC heap before
{Heap before GC invocations=19 (full 0):
 garbage-first heap   total 78848K, used 60490K [0x00000000c2c00000, 0x0000000100000000)
  region size 1024K, 20 young (20480K), 2 survivors (2048K)
 Metaspace       used 19473K, committed 20160K, reserved 1114112K
  class space    used 2741K, committed 3072K, reserved 1048576K
}
Event: 59.579 GC heap after
{Heap after GC invocations=20 (full 0):
 garbage-first heap   total 78848K, used 47265K [0x00000000c2c00000, 0x0000000100000000)
  region size 1024K, 3 young (3072K), 3 survivors (3072K)
 Metaspace       used 19473K, committed 20160K, reserved 1114112K
  class space    used 2741K, committed 3072K, reserved 1048576K
}
Event: 59.648 GC heap before
{Heap before GC invocations=20 (full 0):
 garbage-first heap   total 78848K, used 48289K [0x00000000c2c00000, 0x0000000100000000)
  region size 1024K, 4 young (4096K), 3 survivors (3072K)
 Metaspace       used 19586K, committed 20224K, reserved 1114112K
  class space    used 2765K, committed 3072K, reserved 1048576K
}
Event: 59.671 GC heap after
{Heap after GC invocations=21 (full 0):
 garbage-first heap   total 78848K, used 47298K [0x00000000c2c00000, 0x0000000100000000)
  region size 1024K, 1 young (1024K), 1 survivors (1024K)
 Metaspace       used 19586K, committed 20224K, reserved 1114112K
  class space    used 2765K, committed 3072K, reserved 1048576K
}
Event: 60.161 GC heap before
{Heap before GC invocations=21 (full 0):
 garbage-first heap   total 78848K, used 60610K [0x00000000c2c00000, 0x0000000100000000)
  region size 1024K, 15 young (15360K), 1 survivors (1024K)
 Metaspace       used 20246K, committed 20928K, reserved 1114112K
  class space    used 2852K, committed 3200K, reserved 1048576K
}

Deoptimization events (20 events):
Event: 58.418 Thread 0x000001bbc6f038e0 DEOPT PACKING pc=0x000001bbf41c5d44 sp=0x000000b8827fe980
Event: 58.418 Thread 0x000001bbc6f038e0 DEOPT UNPACKING pc=0x000001bbf3f42b24 sp=0x000000b8827fde40 mode 1
Event: 58.418 Thread 0x000001bbc6f038e0 DEOPT PACKING pc=0x000001bbf41b014c sp=0x000000b8827fea30
Event: 58.418 Thread 0x000001bbc6f038e0 DEOPT UNPACKING pc=0x000001bbf3f42b24 sp=0x000000b8827fdf18 mode 1
Event: 58.418 Thread 0x000001bbc6f038e0 DEOPT PACKING pc=0x000001bbf41adf4c sp=0x000000b8827feb20
Event: 58.418 Thread 0x000001bbc6f038e0 DEOPT UNPACKING pc=0x000001bbf3f42b24 sp=0x000000b8827fe068 mode 1
Event: 58.418 Thread 0x000001bbc6f038e0 DEOPT PACKING pc=0x000001bbf4267234 sp=0x000000b8827fed70
Event: 58.418 Thread 0x000001bbc6f038e0 DEOPT UNPACKING pc=0x000001bbf3f42b24 sp=0x000000b8827fe290 mode 1
Event: 58.419 Thread 0x000001bbc6f038e0 DEOPT PACKING pc=0x000001bbf41c5d44 sp=0x000000b8827fe980
Event: 58.419 Thread 0x000001bbc6f038e0 DEOPT UNPACKING pc=0x000001bbf3f42b24 sp=0x000000b8827fde40 mode 1
Event: 58.419 Thread 0x000001bbc6f038e0 DEOPT PACKING pc=0x000001bbf41b014c sp=0x000000b8827fea30
Event: 58.419 Thread 0x000001bbc6f038e0 DEOPT UNPACKING pc=0x000001bbf3f42b24 sp=0x000000b8827fdf18 mode 1
Event: 58.419 Thread 0x000001bbc6f038e0 DEOPT PACKING pc=0x000001bbf41adf4c sp=0x000000b8827feb20
Event: 58.419 Thread 0x000001bbc6f038e0 DEOPT UNPACKING pc=0x000001bbf3f42b24 sp=0x000000b8827fe068 mode 1
Event: 58.419 Thread 0x000001bbc6f038e0 DEOPT PACKING pc=0x000001bbf4267234 sp=0x000000b8827fed70
Event: 58.419 Thread 0x000001bbc6f038e0 DEOPT UNPACKING pc=0x000001bbf3f42b24 sp=0x000000b8827fe290 mode 1
Event: 59.869 Thread 0x000001bbc7813760 DEOPT PACKING pc=0x000001bbf45006aa sp=0x000000b8825f8e00
Event: 59.869 Thread 0x000001bbc7813760 DEOPT UNPACKING pc=0x000001bbf3f42b24 sp=0x000000b8825f82e8 mode 1
Event: 59.869 Thread 0x000001bbc7813760 DEOPT PACKING pc=0x000001bbf415d52c sp=0x000000b8825f8eb0
Event: 59.869 Thread 0x000001bbc7813760 DEOPT UNPACKING pc=0x000001bbf3f42b24 sp=0x000000b8825f83a0 mode 1

Classes unloaded (20 events):
Event: 58.490 Thread 0x000001bbec6e3400 Unloading class 0x000001bb81225c00 'java/lang/invoke/LambdaForm$MH+0x000001bb81225c00'
Event: 58.490 Thread 0x000001bbec6e3400 Unloading class 0x000001bb81225800 'java/lang/invoke/LambdaForm$MH+0x000001bb81225800'
Event: 58.491 Thread 0x000001bbec6e3400 Unloading class 0x000001bb81225000 'java/lang/invoke/LambdaForm$MH+0x000001bb81225000'
Event: 58.491 Thread 0x000001bbec6e3400 Unloading class 0x000001bb81224c00 'java/lang/invoke/LambdaForm$DMH+0x000001bb81224c00'
Event: 58.491 Thread 0x000001bbec6e3400 Unloading class 0x000001bb81224800 'java/lang/invoke/LambdaForm$MH+0x000001bb81224800'
Event: 58.491 Thread 0x000001bbec6e3400 Unloading class 0x000001bb81224400 'java/lang/invoke/LambdaForm$MH+0x000001bb81224400'
Event: 58.491 Thread 0x000001bbec6e3400 Unloading class 0x000001bb81224000 'java/lang/invoke/LambdaForm$MH+0x000001bb81224000'
Event: 58.491 Thread 0x000001bbec6e3400 Unloading class 0x000001bb81223c00 'java/lang/invoke/LambdaForm$MH+0x000001bb81223c00'
Event: 58.491 Thread 0x000001bbec6e3400 Unloading class 0x000001bb81223400 'java/lang/invoke/LambdaForm$MH+0x000001bb81223400'
Event: 58.491 Thread 0x000001bbec6e3400 Unloading class 0x000001bb81222c00 'java/lang/invoke/LambdaForm$MH+0x000001bb81222c00'
Event: 58.491 Thread 0x000001bbec6e3400 Unloading class 0x000001bb81222800 'java/lang/invoke/LambdaForm$MH+0x000001bb81222800'
Event: 58.491 Thread 0x000001bbec6e3400 Unloading class 0x000001bb81222000 'java/lang/invoke/LambdaForm$MH+0x000001bb81222000'
Event: 58.491 Thread 0x000001bbec6e3400 Unloading class 0x000001bb81221c00 'java/lang/invoke/LambdaForm$MH+0x000001bb81221c00'
Event: 58.491 Thread 0x000001bbec6e3400 Unloading class 0x000001bb81221400 'java/lang/invoke/LambdaForm$MH+0x000001bb81221400'
Event: 58.491 Thread 0x000001bbec6e3400 Unloading class 0x000001bb81221000 'java/lang/invoke/LambdaForm$MH+0x000001bb81221000'
Event: 58.491 Thread 0x000001bbec6e3400 Unloading class 0x000001bb81220c00 'java/lang/invoke/LambdaForm$MH+0x000001bb81220c00'
Event: 58.491 Thread 0x000001bbec6e3400 Unloading class 0x000001bb81220800 'java/lang/invoke/LambdaForm$MH+0x000001bb81220800'
Event: 58.491 Thread 0x000001bbec6e3400 Unloading class 0x000001bb81220400 'java/lang/invoke/LambdaForm$MH+0x000001bb81220400'
Event: 58.491 Thread 0x000001bbec6e3400 Unloading class 0x000001bb81220000 'java/lang/invoke/LambdaForm$MH+0x000001bb81220000'
Event: 58.491 Thread 0x000001bbec6e3400 Unloading class 0x000001bb81219800 'java/lang/invoke/LambdaForm$MH+0x000001bb81219800'

Classes redefined (0 events):
No events

Internal exceptions (20 events):
Event: 58.124 Thread 0x000001bbc6f01a80 Exception <a 'java/lang/NoSuchMethodError'{0x00000000c72b4968}: 'void java.lang.invoke.DelegatingMethodHandle$Holder.reinvoke_L(java.lang.Object, java.lang.Object, java.lang.Object, java.lang.Object, java.lang.Object, java.lang.Object, java.lang.Object, java.lang.Object)'> (0x00000000c72b4968) 
thrown [s\open\src\hotspot\share\interpreter\linkResolver.cpp, line 759]
Event: 58.201 Thread 0x000001bbc77367c0 Exception <a 'java/lang/NoSuchMethodError'{0x00000000c6d75018}: 'void java.lang.invoke.DelegatingMethodHandle$Holder.reinvoke_L(java.lang.Object, java.lang.Object, java.lang.Object, java.lang.Object, java.lang.Object, java.lang.Object, java.lang.Object, java.lang.Object, java.lang.Object)'> (0x00000000c6d75018) 
thrown [s\open\src\hotspot\share\interpreter\linkResolver.cpp, line 759]
Event: 58.212 Thread 0x000001bbc6f033d0 Exception <a 'java/lang/NoSuchMethodError'{0x00000000c6a8ab60}: 'int java.lang.invoke.DirectMethodHandle$Holder.invokeSpecialIFC(java.lang.Object, java.lang.Object, java.lang.Object, java.lang.Object)'> (0x00000000c6a8ab60) 
thrown [s\open\src\hotspot\share\interpreter\linkResolver.cpp, line 759]
Event: 58.215 Thread 0x000001bbc77367c0 Exception <a 'java/lang/NoSuchMethodError'{0x00000000c6d7c3d8}: 'java.lang.Object java.lang.invoke.Invokers$Holder.invoker(java.lang.Object, java.lang.Object, java.lang.Object, java.lang.Object, java.lang.Object, java.lang.Object, java.lang.Object, java.lang.Object, java.lang.Object)'> (0x00000000c6d7c3d8) 
thrown [s\open\src\hotspot\share\interpreter\linkResolver.cpp, line 759]
Event: 58.327 Thread 0x000001bbc6f038e0 Exception <a 'sun/nio/fs/WindowsException'{0x00000000c64028a8}> (0x00000000c64028a8) 
thrown [s\open\src\hotspot\share\prims\jni.cpp, line 516]
Event: 58.329 Thread 0x000001bbc6f038e0 Exception <a 'sun/nio/fs/WindowsException'{0x00000000c6402cb8}> (0x00000000c6402cb8) 
thrown [s\open\src\hotspot\share\prims\jni.cpp, line 516]
Event: 58.352 Thread 0x000001bbc6f038e0 Exception <a 'java/lang/NoSuchMethodError'{0x00000000c6409030}: 'java.lang.Object java.lang.invoke.DirectMethodHandle$Holder.newInvokeSpecial(java.lang.Object, java.lang.Object, java.lang.Object, java.lang.Object, java.lang.Object, java.lang.Object, java.lang.Object)'> (0x00000000c6409030) 
thrown [s\open\src\hotspot\share\interpreter\linkResolver.cpp, line 759]
Event: 58.388 Thread 0x000001bbc6f038e0 Exception <a 'sun/nio/fs/WindowsException'{0x00000000c7618318}> (0x00000000c7618318) 
thrown [s\open\src\hotspot\share\prims\jni.cpp, line 516]
Event: 58.388 Thread 0x000001bbc6f038e0 Exception <a 'sun/nio/fs/WindowsException'{0x00000000c7618658}> (0x00000000c7618658) 
thrown [s\open\src\hotspot\share\prims\jni.cpp, line 516]
Event: 58.413 Thread 0x000001bbc6f038e0 Exception <a 'sun/nio/fs/WindowsException'{0x00000000c761a358}> (0x00000000c761a358) 
thrown [s\open\src\hotspot\share\prims\jni.cpp, line 516]
Event: 58.415 Thread 0x000001bbc6f038e0 Exception <a 'sun/nio/fs/WindowsException'{0x00000000c761a5f8}> (0x00000000c761a5f8) 
thrown [s\open\src\hotspot\share\prims\jni.cpp, line 516]
Event: 58.418 Thread 0x000001bbc6f038e0 Exception <a 'sun/nio/fs/WindowsException'{0x00000000c761c2e0}> (0x00000000c761c2e0) 
thrown [s\open\src\hotspot\share\prims\jni.cpp, line 516]
Event: 58.418 Thread 0x000001bbc6f038e0 Exception <a 'sun/nio/fs/WindowsException'{0x00000000c761c570}> (0x00000000c761c570) 
thrown [s\open\src\hotspot\share\prims\jni.cpp, line 516]
Event: 58.419 Thread 0x000001bbc6f038e0 Exception <a 'sun/nio/fs/WindowsException'{0x00000000c761f608}> (0x00000000c761f608) 
thrown [s\open\src\hotspot\share\prims\jni.cpp, line 516]
Event: 58.419 Thread 0x000001bbc6f038e0 Exception <a 'sun/nio/fs/WindowsException'{0x00000000c761f930}> (0x00000000c761f930) 
thrown [s\open\src\hotspot\share\prims\jni.cpp, line 516]
Event: 58.638 Thread 0x000001bbc77ea980 Exception <a 'java/lang/NoSuchMethodError'{0x00000000c74c23c8}: 'void java.lang.invoke.DirectMethodHandle$Holder.invokeStatic(java.lang.Object, int, java.lang.Object)'> (0x00000000c74c23c8) 
thrown [s\open\src\hotspot\share\interpreter\linkResolver.cpp, line 759]
Event: 58.743 Thread 0x000001bbc6f01a80 Exception <a 'java/lang/NoSuchMethodError'{0x00000000c77bac48}: 'void java.lang.invoke.DirectMethodHandle$Holder.invokeInterface(java.lang.Object, java.lang.Object, java.lang.Object)'> (0x00000000c77bac48) 
thrown [s\open\src\hotspot\share\interpreter\linkResolver.cpp, line 759]
Event: 58.777 Thread 0x000001bbc6f01a80 Exception <a 'java/lang/NoSuchMethodError'{0x00000000c77c25a8}: 'java.lang.Object java.lang.invoke.DirectMethodHandle$Holder.invokeSpecial(java.lang.Object, java.lang.Object, java.lang.Object, java.lang.Object, java.lang.Object, java.lang.Object, java.lang.Object, java.lang.Object, java.lang.Object, java.lang.Object, java.lang.Object, java.lang.Object)'> (0x00000000c77c25a8) 
thrown [s\open\src\hotspot\share\interpreter\linkResolver.cpp, line 759]
Event: 58.778 Thread 0x000001bbc6f01a80 Exception <a 'java/lang/NoSuchMethodError'{0x00000000c732d668}: 'java.lang.Object java.lang.invoke.DirectMethodHandle$Holder.invokeSpecial(java.lang.Object, java.lang.Object, java.lang.Object, java.lang.Object, java.lang.Object, java.lang.Object, java.lang.Object, java.lang.Object, java.lang.Object, java.lang.Object, java.lang.Object)'> (0x00000000c732d668) 
thrown [s\open\src\hotspot\share\interpreter\linkResolver.cpp, line 759]
Event: 58.779 Thread 0x000001bbc6f01a80 Exception <a 'java/lang/NoSuchMethodError'{0x00000000c73313c0}: 'java.lang.Object java.lang.invoke.Invokers$Holder.invoker(java.lang.Object, java.lang.Object, java.lang.Object, java.lang.Object, java.lang.Object, java.lang.Object, java.lang.Object, java.lang.Object, java.lang.Object, java.lang.Object, java.lang.Object)'> (0x00000000c73313c0) 
thrown [s\open\src\hotspot\share\interpreter\linkResolver.cpp, line 759]

VM Operations (20 events):
Event: 58.094 Executing VM operation: HandshakeAllThreads done
Event: 58.353 Executing VM operation: G1CollectForAllocation
Event: 58.391 Executing VM operation: G1CollectForAllocation done
Event: 58.421 Executing VM operation: HandshakeAllThreads
Event: 58.421 Executing VM operation: HandshakeAllThreads done
Event: 58.474 Executing VM operation: G1Concurrent
Event: 58.529 Executing VM operation: G1Concurrent done
Event: 58.568 Executing VM operation: G1Concurrent
Event: 58.642 Executing VM operation: G1Concurrent done
Event: 58.673 Executing VM operation: HandshakeAllThreads
Event: 58.733 Executing VM operation: HandshakeAllThreads done
Event: 58.869 Executing VM operation: HandshakeAllThreads
Event: 58.892 Executing VM operation: HandshakeAllThreads done
Event: 59.510 Executing VM operation: G1CollectForAllocation
Event: 59.593 Executing VM operation: G1CollectForAllocation done
Event: 59.629 Executing VM operation: G1CollectForAllocation
Event: 59.677 Executing VM operation: G1CollectForAllocation done
Event: 59.946 Executing VM operation: HandshakeAllThreads
Event: 59.960 Executing VM operation: HandshakeAllThreads done
Event: 60.145 Executing VM operation: G1CollectForAllocation

Events (20 events):
Event: 60.033 loading class java/util/regex/Pattern$SliceS
Event: 60.033 loading class java/util/regex/Pattern$SliceS done
Event: 60.033 loading class java/net/InetAddress$NameServiceAddresses
Event: 60.034 loading class java/net/InetAddress$Addresses
Event: 60.034 loading class java/net/InetAddress$Addresses done
Event: 60.034 loading class java/net/InetAddress$NameServiceAddresses done
Event: 60.044 loading class java/util/stream/Nodes$IntFixedNodeBuilder
Event: 60.046 loading class java/util/stream/Node$Builder$OfInt
Event: 60.047 loading class java/util/stream/Node$Builder$OfInt done
Event: 60.047 loading class java/util/stream/Nodes$IntArrayNode
Event: 60.047 loading class java/util/stream/Nodes$IntArrayNode done
Event: 60.047 loading class java/util/stream/Nodes$IntFixedNodeBuilder done
Event: 60.096 loading class sun/net/InetAddressCachePolicy
Event: 60.111 loading class sun/net/InetAddressCachePolicy done
Event: 60.111 loading class sun/net/InetAddressCachePolicy$1
Event: 60.121 loading class sun/net/InetAddressCachePolicy$1 done
Event: 60.121 loading class sun/net/InetAddressCachePolicy$2
Event: 60.122 loading class sun/net/InetAddressCachePolicy$2 done
Event: 60.122 loading class java/net/InetAddress$CachedAddresses
Event: 60.127 loading class java/net/InetAddress$CachedAddresses done


Dynamic libraries:
0x00007ff6d8ea0000 - 0x00007ff6d8eb0000 	C:\development\tools\jdk-17.0.12\bin\java.EXE
0x00007ffb7e030000 - 0x00007ffb7e247000 	C:\WINDOWS\SYSTEM32\ntdll.dll
0x00007ffb54c90000 - 0x00007ffb54caa000 	C:\Program Files\Avast Software\Avast\aswhook.dll
0x00007ffb7c960000 - 0x00007ffb7ca24000 	C:\WINDOWS\System32\KERNEL32.DLL
0x00007ffb7b800000 - 0x00007ffb7bbba000 	C:\WINDOWS\System32\KERNELBASE.dll
0x00007ffb7b540000 - 0x00007ffb7b651000 	C:\WINDOWS\System32\ucrtbase.dll
0x00007ffb6a220000 - 0x00007ffb6a239000 	C:\development\tools\jdk-17.0.12\bin\jli.dll
0x00007ffb7dee0000 - 0x00007ffb7df92000 	C:\WINDOWS\System32\ADVAPI32.dll
0x00007ffb7ca30000 - 0x00007ffb7cad7000 	C:\WINDOWS\System32\msvcrt.dll
0x00007ffb7d7f0000 - 0x00007ffb7d897000 	C:\WINDOWS\System32\sechost.dll
0x00007ffb7b300000 - 0x00007ffb7b328000 	C:\WINDOWS\System32\bcrypt.dll
0x00007ffb7cb40000 - 0x00007ffb7cc54000 	C:\WINDOWS\System32\RPCRT4.dll
0x00007ffb7d640000 - 0x00007ffb7d7ee000 	C:\WINDOWS\System32\USER32.dll
0x00007ffb7bc80000 - 0x00007ffb7bca6000 	C:\WINDOWS\System32\win32u.dll
0x00007ffb7bef0000 - 0x00007ffb7bf19000 	C:\WINDOWS\System32\GDI32.dll
0x00007ffb7b660000 - 0x00007ffb7b77b000 	C:\WINDOWS\System32\gdi32full.dll
0x00007ffb7b4a0000 - 0x00007ffb7b53a000 	C:\WINDOWS\System32\msvcp_win.dll
0x00007ffb6a200000 - 0x00007ffb6a21b000 	C:\development\tools\jdk-17.0.12\bin\VCRUNTIME140.dll
0x00007ffb631f0000 - 0x00007ffb63482000 	C:\WINDOWS\WinSxS\amd64_microsoft.windows.common-controls_6595b64144ccf1df_6.0.22621.4541_none_2710d1c57384c085\COMCTL32.dll
0x00007ffb6c350000 - 0x00007ffb6c35a000 	C:\WINDOWS\SYSTEM32\VERSION.dll
0x00007ffb7da00000 - 0x00007ffb7da31000 	C:\WINDOWS\System32\IMM32.DLL
0x00007ffb6a290000 - 0x00007ffb6a29c000 	C:\development\tools\jdk-17.0.12\bin\vcruntime140_1.dll
0x00007ffb6a170000 - 0x00007ffb6a1fe000 	C:\development\tools\jdk-17.0.12\bin\msvcp140.dll
0x00007ffb03cd0000 - 0x00007ffb048b0000 	C:\development\tools\jdk-17.0.12\bin\server\jvm.dll
0x00007ffb7ccd0000 - 0x00007ffb7ccd8000 	C:\WINDOWS\System32\PSAPI.DLL
0x00007ffb75210000 - 0x00007ffb75244000 	C:\WINDOWS\SYSTEM32\WINMM.dll
0x00007ffb67da0000 - 0x00007ffb67da9000 	C:\WINDOWS\SYSTEM32\WSOCK32.dll
0x00007ffb7d920000 - 0x00007ffb7d991000 	C:\WINDOWS\System32\WS2_32.dll
0x00007ffb7a300000 - 0x00007ffb7a318000 	C:\WINDOWS\SYSTEM32\kernel.appcore.dll
0x00007ffb6a160000 - 0x00007ffb6a16a000 	C:\development\tools\jdk-17.0.12\bin\jimage.dll
0x00007ffb78b40000 - 0x00007ffb78d72000 	C:\WINDOWS\SYSTEM32\DBGHELP.DLL
0x00007ffb7c100000 - 0x00007ffb7c48f000 	C:\WINDOWS\System32\combase.dll
0x00007ffb7d560000 - 0x00007ffb7d637000 	C:\WINDOWS\System32\OLEAUT32.dll
0x00007ffb6d1c0000 - 0x00007ffb6d1f2000 	C:\WINDOWS\SYSTEM32\dbgcore.DLL
0x00007ffb7bcb0000 - 0x00007ffb7bd2b000 	C:\WINDOWS\System32\bcryptPrimitives.dll
0x00007ffb6a150000 - 0x00007ffb6a15e000 	C:\development\tools\jdk-17.0.12\bin\instrument.dll
0x00007ffb6a120000 - 0x00007ffb6a145000 	C:\development\tools\jdk-17.0.12\bin\java.dll
0x00007ffb688b0000 - 0x00007ffb688eb000 	C:\development\tools\jdk-17.0.12\bin\jdwp.dll
0x00007ffb31310000 - 0x00007ffb313e7000 	C:\development\tools\jdk-17.0.12\bin\jsvml.dll
0x00007ffb7cce0000 - 0x00007ffb7d558000 	C:\WINDOWS\System32\SHELL32.dll
0x00007ffb79090000 - 0x00007ffb79998000 	C:\WINDOWS\SYSTEM32\windows.storage.dll
0x00007ffb799e0000 - 0x00007ffb79b1f000 	C:\WINDOWS\SYSTEM32\wintypes.dll
0x00007ffb7c6b0000 - 0x00007ffb7c7aa000 	C:\WINDOWS\System32\SHCORE.dll
0x00007ffb7cae0000 - 0x00007ffb7cb3e000 	C:\WINDOWS\System32\shlwapi.dll
0x00007ffb7b230000 - 0x00007ffb7b25b000 	C:\WINDOWS\SYSTEM32\profapi.dll
0x00007ffb688f0000 - 0x00007ffb68908000 	C:\development\tools\jdk-17.0.12\bin\zip.dll
0x00007ffb6a0f0000 - 0x00007ffb6a109000 	C:\development\tools\jdk-17.0.12\bin\net.dll
0x00007ffb73a30000 - 0x00007ffb73b66000 	C:\WINDOWS\SYSTEM32\WINHTTP.dll
0x00007ffb7a770000 - 0x00007ffb7a7d9000 	C:\WINDOWS\system32\mswsock.dll
0x00007ffb68910000 - 0x00007ffb68926000 	C:\development\tools\jdk-17.0.12\bin\nio.dll
0x00007ffb68870000 - 0x00007ffb6887c000 	C:\development\tools\jdk-17.0.12\bin\dt_socket.dll
0x00007ffb79df0000 - 0x00007ffb79e1d000 	C:\WINDOWS\SYSTEM32\IPHLPAPI.DLL
0x00007ffb79e20000 - 0x00007ffb79f22000 	C:\WINDOWS\SYSTEM32\DNSAPI.dll
0x00007ffb7c6a0000 - 0x00007ffb7c6a9000 	C:\WINDOWS\System32\NSI.dll
0x00007ffb6c330000 - 0x00007ffb6c33a000 	C:\Windows\System32\rasadhlp.dll
0x00007ffb70f60000 - 0x00007ffb70fe3000 	C:\WINDOWS\System32\fwpuclnt.dll
0x00007ffb68880000 - 0x00007ffb68890000 	C:\development\tools\jdk-17.0.12\bin\verify.dll
0x00007ffb5d630000 - 0x00007ffb5d63a000 	C:\development\tools\jdk-17.0.12\bin\management.dll
0x00007ffb5d5a0000 - 0x00007ffb5d5ab000 	C:\development\tools\jdk-17.0.12\bin\management_ext.dll

dbghelp: loaded successfully - version: 4.0.5 - missing functions: none
symbol engine: initialized successfully - sym options: 0x614 - pdb path: .;C:\development\tools\jdk-17.0.12\bin;C:\WINDOWS\SYSTEM32;C:\Program Files\Avast Software\Avast;C:\WINDOWS\WinSxS\amd64_microsoft.windows.common-controls_6595b64144ccf1df_6.0.22621.4541_none_2710d1c57384c085;C:\development\tools\jdk-17.0.12\bin\server

VM Arguments:
jvm_args: -Dquarkus-internal.serialized-app-model.path=C:\development\git\broker-backend-cp-hiring-quotation\target\quarkus\bootstrap\dev-app-model.dat -javaagent:C:\Users\herys\.m2\repository\io\quarkus\quarkus-class-change-agent\3.17.6\quarkus-class-change-agent-3.17.6.jar -XX:TieredStopAtLevel=1 -agentlib:jdwp=transport=dt_socket,address=localhost:51378,server=y,suspend=n -Djava.util.logging.manager=org.jboss.logmanager.LogManager 
java_command: C:\development\git\broker-backend-cp-hiring-quotation\target\broker-backend-cp-hiring-quotation-dev.jar
java_class_path (initial): C:\development\git\broker-backend-cp-hiring-quotation\target\broker-backend-cp-hiring-quotation-dev.jar
Launcher Type: SUN_STANDARD

[Global flags]
     intx CICompilerCount                          = 2                                         {product} {ergonomic}
     uint ConcGCThreads                            = 1                                         {product} {ergonomic}
     uint G1ConcRefinementThreads                  = 2                                         {product} {ergonomic}
   size_t G1HeapRegionSize                         = 1048576                                   {product} {ergonomic}
    uintx GCDrainStackTargetSize                   = 64                                        {product} {ergonomic}
   size_t InitialHeapSize                          = 65011712                                  {product} {ergonomic}
   size_t MarkStackSize                            = 4194304                                   {product} {ergonomic}
   size_t MaxHeapSize                              = 1027604480                                {product} {ergonomic}
   size_t MaxNewSize                               = 616562688                                 {product} {ergonomic}
   size_t MinHeapDeltaBytes                        = 1048576                                   {product} {ergonomic}
   size_t MinHeapSize                              = 8388608                                   {product} {ergonomic}
    uintx NonProfiledCodeHeapSize                  = 0                                      {pd product} {ergonomic}
     bool ProfileInterpreter                       = false                                  {pd product} {command line}
    uintx ProfiledCodeHeapSize                     = 0                                      {pd product} {ergonomic}
   size_t SoftMaxHeapSize                          = 1027604480                             {manageable} {ergonomic}
     intx TieredStopAtLevel                        = 1                                         {product} {command line}
     bool UseCompressedClassPointers               = true                           {product lp64_product} {ergonomic}
     bool UseCompressedOops                        = true                           {product lp64_product} {ergonomic}
     bool UseG1GC                                  = true                                      {product} {ergonomic}
     bool UseLargePagesIndividualAllocation        = false                                  {pd product} {ergonomic}

Logging:
Log output configuration:
 #0: stdout all=warning uptime,level,tags
 #1: stderr all=off uptime,level,tags

Environment Variables:
JAVA_HOME=C:\development\tools\jdk-17.0.12
PATH=C:\Program Files\Common Files\Oracle\Java\javapath;C:\WINDOWS\system32;C:\WINDOWS;C:\WINDOWS\System32\Wbem;C:\WINDOWS\System32\WindowsPowerShell\v1.0\;C:\WINDOWS\System32\OpenSSH\;%JAVA_HOME%\bin;C:\Program Files\Docker\Docker\resources\bin;C:\development\servers\php-8.2.10;C:\development\tools\composer;C:\Program Files\Git\cmd;%MAVEN_HOME%\bin;C:\Users\herys\AppData\Local\Microsoft\WindowsApps;C:\development\tools\IntelliJ IDEA 2023.1.4\bin;;C:\development\servers\maven3\bin;C:\development\tools\IntelliJ IDEA Educational Edition 2022.2.2\bin;;C:\development\tools\jdk-17.0.12\bin;C:\Users\herys\AppData\Roaming\Composer\vendor\bin;C:\Users\herys\AppData\Local\Programs\Microsoft VS Code\bin
USERNAME=herys
OS=Windows_NT
PROCESSOR_IDENTIFIER=Intel64 Family 6 Model 122 Stepping 8, GenuineIntel



---------------  S Y S T E M  ---------------

OS:
 Windows 11 , 64 bit Build 22621 (10.0.22621.4391)
OS uptime: 0 days 0:25 hours
Hyper-V role detected

CPU: total 2 (initial active 2) (2 cores per cpu, 1 threads per core) family 6 model 122 stepping 8 microcode 0x1c, cx8, cmov, fxsr, mmx, 3dnowpref, sse, sse2, sse3, ssse3, sse4.1, sse4.2, popcnt, tsc, tscinvbit, aes, erms, clmul, sha, clflush, clflushopt, hv

Memory: 4k page, system-wide physical 3918M (159M free)
TotalPageFile size 15673M (AvailPageFile size 75M)
current process WorkingSet (physical memory assigned to process): 152M, peak: 152M
current process commit charge ("private bytes"): 214M, peak: 330M

vm_info: Java HotSpot(TM) 64-Bit Server VM (17.0.12+8-LTS-286) for windows-amd64 JRE (17.0.12+8-LTS-286), built on Jun  5 2024 06:46:59 by "mach5one" with MS VC++ 17.6 (VS2022)

END.
