#
# There is insufficient memory for the Java Runtime Environment to continue.
# Native memory allocation (mmap) failed to map 65011712 bytes for G1 virtual space
# Possible reasons:
#   The system is out of physical RAM or swap space
#   The process is running with CompressedOops enabled, and the Java Heap may be blocking the growth of the native heap
# Possible solutions:
#   Reduce memory load on the system
#   Increase physical memory or swap space
#   Check if swap backing store is full
#   Decrease Java heap size (-Xmx/-Xms)
#   Decrease number of Java threads
#   Decrease Java thread stack sizes (-Xss)
#   Set larger code cache with -XX:ReservedCodeCacheSize=
#   JVM is running with Unscaled Compressed Oops mode in which the Java heap is
#     placed in the first 4GB address space. The Java Heap base address is the
#     maximum limit for the native heap growth. Please use -XX:HeapBaseMinAddress
#     to set the Java Heap base and to place the Java Heap above 4GB virtual address.
# This output file may be truncated or incomplete.
#
#  Out of Memory Error (os_windows.cpp:3548), pid=13192, tid=14964
#
# JRE version:  (17.0.12+8) (build )
# Java VM: Java HotSpot(TM) 64-Bit Server VM (17.0.12+8-LTS-286, mixed mode, sharing, tiered, compressed oops, compressed class ptrs, g1 gc, windows-amd64)
# No core dump will be written. Minidumps are not enabled by default on client versions of Windows
#

---------------  S U M M A R Y ------------

Command Line: -Dclassworlds.conf=C:\development\servers\maven3\bin\m2.conf -Dmaven.home=C:\development\servers\maven3 -Dlibrary.jansi.path=C:\development\servers\maven3\lib\jansi-native -Dmaven.multiModuleProjectDirectory=C:\development\git\broker-backend-cp-hiring-quotation org.codehaus.plexus.classworlds.launcher.Launcher clean install

Host: Intel(R) Celeron(R) N4020 CPU @ 1.10GHz, 2 cores, 3G,  Windows 11 , 64 bit Build 22621 (10.0.22621.4391)
Time: Mon Jan 13 16:32:43 2025 Hora oficial do Brasil elapsed time: 0.272066 seconds (0d 0h 0m 0s)

---------------  T H R E A D  ---------------

Current thread (0x00000235153f8050):  JavaThread "Unknown thread" [_thread_in_vm, id=14964, stack(0x000000e546300000,0x000000e546400000)]

Stack: [0x000000e546300000,0x000000e546400000]
Native frames: (J=compiled Java code, j=interpreted, Vv=VM code, C=native code)
V  [jvm.dll+0x67a04a]
V  [jvm.dll+0x7da4ed]
V  [jvm.dll+0x7dbe33]
V  [jvm.dll+0x7dc4a3]
V  [jvm.dll+0x24508f]
V  [jvm.dll+0x677089]
V  [jvm.dll+0x66bd32]
V  [jvm.dll+0x301fa6]
V  [jvm.dll+0x309546]
V  [jvm.dll+0x359d2e]
V  [jvm.dll+0x359f5f]
V  [jvm.dll+0x2d9078]
V  [jvm.dll+0x2d9fe4]
V  [jvm.dll+0x7aca21]
V  [jvm.dll+0x367591]
V  [jvm.dll+0x78b999]
V  [jvm.dll+0x3ec83f]
V  [jvm.dll+0x3ee471]
C  [jli.dll+0x5297]
C  [ucrtbase.dll+0x29333]
C  [KERNEL32.DLL+0x1259d]
C  [ntdll.dll+0x5af38]


---------------  P R O C E S S  ---------------

Threads class SMR info:
_java_thread_list=0x00007ffd38497a18, length=0, elements={
}

Java Threads: ( => current thread )

Other Threads:
  0x0000023515432830 GCTaskThread "GC Thread#0" [stack: 0x000000e546400000,0x000000e546500000] [id=1792]
  0x000002351543b200 ConcurrentGCThread "G1 Main Marker" [stack: 0x000000e546500000,0x000000e546600000] [id=6344]
  0x000002351543dc30 ConcurrentGCThread "G1 Conc#0" [stack: 0x000000e546600000,0x000000e546700000] [id=18952]

[error occurred during error reporting (printing all threads), id 0xc0000005, EXCEPTION_ACCESS_VIOLATION (0xc0000005) at pc=0x00007ffd37cc9b67]

VM state: not at safepoint (not fully initialized)

VM Mutex/Monitor currently owned by a thread:  ([mutex/lock_event])
[0x00000235153f3000] Heap_lock - owner thread: 0x00000235153f8050

Heap address: 0x00000000c2c00000, size: 980 MB, Compressed Oops mode: 32-bit

CDS archive(s) mapped at: [0x0000000000000000-0x0000000000000000-0x0000000000000000), size 0, SharedBaseAddress: 0x0000000800000000, ArchiveRelocationMode: 1.
Narrow klass base: 0x0000000000000000, Narrow klass shift: 0, Narrow klass range: 0x0

GC Precious Log:
<Empty>

Heap:
 garbage-first heap   total 0K, used 0K [0x00000000c2c00000, 0x0000000100000000)
  region size 1024K, 0 young (0K), 0 survivors (0K)

[error occurred during error reporting (printing heap information), id 0xc0000005, EXCEPTION_ACCESS_VIOLATION (0xc0000005) at pc=0x00007ffd380b3859]

GC Heap History (0 events):
No events

Deoptimization events (0 events):
No events

Classes unloaded (0 events):
No events

Classes redefined (0 events):
No events

Internal exceptions (0 events):
No events

VM Operations (0 events):
No events

Events (1 events):
Event: 0.049 Loaded shared library C:\development\tools\jdk-17.0.12\bin\java.dll


Dynamic libraries:
0x00007ff6b71a0000 - 0x00007ff6b71b0000 	C:\development\tools\jdk-17.0.12\bin\java.exe
0x00007ffdc1c10000 - 0x00007ffdc1e27000 	C:\WINDOWS\SYSTEM32\ntdll.dll
0x00007ffd8ddf0000 - 0x00007ffd8de0a000 	C:\Program Files\Avast Software\Avast\aswhook.dll
0x00007ffdc0880000 - 0x00007ffdc0944000 	C:\WINDOWS\System32\KERNEL32.DLL
0x00007ffdbf460000 - 0x00007ffdbf81a000 	C:\WINDOWS\System32\KERNELBASE.dll
0x00007ffdbf150000 - 0x00007ffdbf261000 	C:\WINDOWS\System32\ucrtbase.dll
0x00007ffdadd90000 - 0x00007ffdadda9000 	C:\development\tools\jdk-17.0.12\bin\jli.dll
0x00007ffdbff70000 - 0x00007ffdc0022000 	C:\WINDOWS\System32\ADVAPI32.dll
0x00007ffdc1920000 - 0x00007ffdc19c7000 	C:\WINDOWS\System32\msvcrt.dll
0x00007ffdbfec0000 - 0x00007ffdbff67000 	C:\WINDOWS\System32\sechost.dll
0x00007ffdbf270000 - 0x00007ffdbf298000 	C:\WINDOWS\System32\bcrypt.dll
0x00007ffdc17d0000 - 0x00007ffdc18e4000 	C:\WINDOWS\System32\RPCRT4.dll
0x00007ffdbfba0000 - 0x00007ffdbfd4e000 	C:\WINDOWS\System32\USER32.dll
0x00007ffdbf8e0000 - 0x00007ffdbf906000 	C:\WINDOWS\System32\win32u.dll
0x00007ffdbf910000 - 0x00007ffdbf939000 	C:\WINDOWS\System32\GDI32.dll
0x00007ffdbf340000 - 0x00007ffdbf45b000 	C:\WINDOWS\System32\gdi32full.dll
0x00007ffdbf2a0000 - 0x00007ffdbf33a000 	C:\WINDOWS\System32\msvcp_win.dll
0x00007ffdac520000 - 0x00007ffdac53b000 	C:\development\tools\jdk-17.0.12\bin\VCRUNTIME140.dll
0x00007ffda6c50000 - 0x00007ffda6ee2000 	C:\WINDOWS\WinSxS\amd64_microsoft.windows.common-controls_6595b64144ccf1df_6.0.22621.4541_none_2710d1c57384c085\COMCTL32.dll
0x00007ffdb0d40000 - 0x00007ffdb0d4a000 	C:\WINDOWS\SYSTEM32\VERSION.dll
0x00007ffdbf940000 - 0x00007ffdbf971000 	C:\WINDOWS\System32\IMM32.DLL
0x00007ffdb9c10000 - 0x00007ffdb9c1c000 	C:\development\tools\jdk-17.0.12\bin\vcruntime140_1.dll
0x00007ffd8b410000 - 0x00007ffd8b49e000 	C:\development\tools\jdk-17.0.12\bin\msvcp140.dll
0x00007ffd379e0000 - 0x00007ffd385c0000 	C:\development\tools\jdk-17.0.12\bin\server\jvm.dll
0x00007ffdab8a0000 - 0x00007ffdab8a9000 	C:\WINDOWS\SYSTEM32\WSOCK32.dll
0x00007ffdbfab0000 - 0x00007ffdbfb21000 	C:\WINDOWS\System32\WS2_32.dll
0x00007ffdbfe50000 - 0x00007ffdbfe58000 	C:\WINDOWS\System32\PSAPI.DLL
0x00007ffdb8e50000 - 0x00007ffdb8e84000 	C:\WINDOWS\SYSTEM32\WINMM.dll
0x00007ffdbdee0000 - 0x00007ffdbdef8000 	C:\WINDOWS\SYSTEM32\kernel.appcore.dll
0x00007ffdb9bd0000 - 0x00007ffdb9bda000 	C:\development\tools\jdk-17.0.12\bin\jimage.dll
0x00007ffdbc8b0000 - 0x00007ffdbcae2000 	C:\WINDOWS\SYSTEM32\DBGHELP.DLL
0x00007ffdc1340000 - 0x00007ffdc16cf000 	C:\WINDOWS\System32\combase.dll
0x00007ffdc0530000 - 0x00007ffdc0607000 	C:\WINDOWS\System32\OLEAUT32.dll
0x00007ffdb5fa0000 - 0x00007ffdb5fd2000 	C:\WINDOWS\SYSTEM32\dbgcore.DLL
0x00007ffdbf0d0000 - 0x00007ffdbf14b000 	C:\WINDOWS\System32\bcryptPrimitives.dll
0x00007ffda6900000 - 0x00007ffda6925000 	C:\development\tools\jdk-17.0.12\bin\java.dll

dbghelp: loaded successfully - version: 4.0.5 - missing functions: none
symbol engine: initialized successfully - sym options: 0x614 - pdb path: .;C:\development\tools\jdk-17.0.12\bin;C:\WINDOWS\SYSTEM32;C:\Program Files\Avast Software\Avast;C:\WINDOWS\WinSxS\amd64_microsoft.windows.common-controls_6595b64144ccf1df_6.0.22621.4541_none_2710d1c57384c085;C:\development\tools\jdk-17.0.12\bin\server

VM Arguments:
jvm_args: -Dclassworlds.conf=C:\development\servers\maven3\bin\m2.conf -Dmaven.home=C:\development\servers\maven3 -Dlibrary.jansi.path=C:\development\servers\maven3\lib\jansi-native -Dmaven.multiModuleProjectDirectory=C:\development\git\broker-backend-cp-hiring-quotation 
java_command: org.codehaus.plexus.classworlds.launcher.Launcher clean install
java_class_path (initial): C:\development\servers\maven3\boot\plexus-classworlds-2.7.0.jar
Launcher Type: SUN_STANDARD

[Global flags]
     intx CICompilerCount                          = 2                                         {product} {ergonomic}
     uint ConcGCThreads                            = 1                                         {product} {ergonomic}
     uint G1ConcRefinementThreads                  = 2                                         {product} {ergonomic}
   size_t G1HeapRegionSize                         = 1048576                                   {product} {ergonomic}
    uintx GCDrainStackTargetSize                   = 64                                        {product} {ergonomic}
   size_t InitialHeapSize                          = 65011712                                  {product} {ergonomic}
   size_t MarkStackSize                            = 4194304                                   {product} {ergonomic}
   size_t MaxHeapSize                              = 1027604480                                {product} {ergonomic}
   size_t MinHeapDeltaBytes                        = 1048576                                   {product} {ergonomic}
   size_t MinHeapSize                              = 8388608                                   {product} {ergonomic}
    uintx NonNMethodCodeHeapSize                   = 5826188                                {pd product} {ergonomic}
    uintx NonProfiledCodeHeapSize                  = 122916026                              {pd product} {ergonomic}
    uintx ProfiledCodeHeapSize                     = 122916026                              {pd product} {ergonomic}
    uintx ReservedCodeCacheSize                    = 251658240                              {pd product} {ergonomic}
     bool SegmentedCodeCache                       = true                                      {product} {ergonomic}
   size_t SoftMaxHeapSize                          = 1027604480                             {manageable} {ergonomic}
     bool UseCompressedClassPointers               = true                           {product lp64_product} {ergonomic}
     bool UseCompressedOops                        = true                           {product lp64_product} {ergonomic}
     bool UseG1GC                                  = true                                      {product} {ergonomic}
     bool UseLargePagesIndividualAllocation        = false                                  {pd product} {ergonomic}

Logging:
Log output configuration:
 #0: stdout all=warning uptime,level,tags
 #1: stderr all=off uptime,level,tags

Environment Variables:
JAVA_HOME=C:\development\tools\jdk-17.0.12
PATH=C:\Program Files\Common Files\Oracle\Java\javapath;C:\WINDOWS\system32;C:\WINDOWS;C:\WINDOWS\System32\Wbem;C:\WINDOWS\System32\WindowsPowerShell\v1.0\;C:\WINDOWS\System32\OpenSSH\;%JAVA_HOME%\bin;C:\Program Files\Docker\Docker\resources\bin;C:\development\servers\php-8.2.10;C:\development\tools\composer;C:\Program Files\Git\cmd;%MAVEN_HOME%\bin;C:\Users\herys\AppData\Local\Microsoft\WindowsApps;C:\development\tools\IntelliJ IDEA 2023.1.4\bin;;C:\development\servers\maven3\bin;C:\development\tools\IntelliJ IDEA Educational Edition 2022.2.2\bin;;C:\development\tools\jdk-17.0.12\bin;C:\Users\herys\AppData\Roaming\Composer\vendor\bin;C:\Users\herys\AppData\Local\Programs\Microsoft VS Code\bin
USERNAME=herys
OS=Windows_NT
PROCESSOR_IDENTIFIER=Intel64 Family 6 Model 122 Stepping 8, GenuineIntel



---------------  S Y S T E M  ---------------

OS:
 Windows 11 , 64 bit Build 22621 (10.0.22621.4391)
OS uptime: 1 days 5:48 hours
Hyper-V role detected

CPU: total 2 (initial active 2) (2 cores per cpu, 1 threads per core) family 6 model 122 stepping 8 microcode 0x1c, cx8, cmov, fxsr, mmx, 3dnowpref, sse, sse2, sse3, ssse3, sse4.1, sse4.2, popcnt, tsc, tscinvbit, aes, erms, clmul, sha, clflush, clflushopt, hv

Memory: 4k page, system-wide physical 3918M (120M free)
TotalPageFile size 15694M (AvailPageFile size 84M)
current process WorkingSet (physical memory assigned to process): 10M, peak: 10M
current process commit charge ("private bytes"): 47M, peak: 109M

vm_info: Java HotSpot(TM) 64-Bit Server VM (17.0.12+8-LTS-286) for windows-amd64 JRE (17.0.12+8-LTS-286), built on Jun  5 2024 06:46:59 by "mach5one" with MS VC++ 17.6 (VS2022)

END.
