#
# There is insufficient memory for the Java Runtime Environment to continue.
# Native memory allocation (malloc) failed to allocate 2567504 bytes for Chunk::new
# Possible reasons:
#   The system is out of physical RAM or swap space
#   The process is running with CompressedOops enabled, and the Java Heap may be blocking the growth of the native heap
# Possible solutions:
#   Reduce memory load on the system
#   Increase physical memory or swap space
#   Check if swap backing store is full
#   Decrease Java heap size (-Xmx/-Xms)
#   Decrease number of Java threads
#   Decrease Java thread stack sizes (-Xss)
#   Set larger code cache with -XX:ReservedCodeCacheSize=
#   JVM is running with Unscaled Compressed Oops mode in which the Java heap is
#     placed in the first 4GB address space. The Java Heap base address is the
#     maximum limit for the native heap growth. Please use -XX:HeapBaseMinAddress
#     to set the Java Heap base and to place the Java Heap above 4GB virtual address.
# This output file may be truncated or incomplete.
#
#  Out of Memory Error (arena.cpp:189), pid=18572, tid=14900
#
# JRE version: Java(TM) SE Runtime Environment (17.0.12+8) (build 17.0.12+8-LTS-286)
# Java VM: Java HotSpot(TM) 64-Bit Server VM (17.0.12+8-LTS-286, mixed mode, sharing, tiered, compressed oops, compressed class ptrs, g1 gc, windows-amd64)
# No core dump will be written. Minidumps are not enabled by default on client versions of Windows
#

---------------  S U M M A R Y ------------

Command Line: -Dclassworlds.conf=C:\development\servers\maven3\bin\m2.conf -Dmaven.home=C:\development\servers\maven3 -Dlibrary.jansi.path=C:\development\servers\maven3\lib\jansi-native -Dmaven.multiModuleProjectDirectory=C:\development\git\broker-backend-cp-hiring-quotation org.codehaus.plexus.classworlds.launcher.Launcher clean install

Host: Intel(R) Celeron(R) N4020 CPU @ 1.10GHz, 2 cores, 3G,  Windows 11 , 64 bit Build 22621 (10.0.22621.4391)
Time: Mon Jan 13 16:31:47 2025 Hora oficial do Brasil elapsed time: 48.006551 seconds (0d 0h 0m 48s)

---------------  T H R E A D  ---------------

Current thread (0x000001f3547753c0):  JavaThread "C2 CompilerThread0" daemon [_thread_in_native, id=14900, stack(0x0000003a09100000,0x0000003a09200000)]


Current CompileTask:
C2:  48008 5234 %     4       org.apache.maven.repository.internal.ArtifactDescriptorReaderDelegate::populateResult @ 126 (426 bytes)

Stack: [0x0000003a09100000,0x0000003a09200000]
Native frames: (J=compiled Java code, j=interpreted, Vv=VM code, C=native code)
V  [jvm.dll+0x67a04a]
V  [jvm.dll+0x7da4ed]
V  [jvm.dll+0x7dbe33]
V  [jvm.dll+0x7dc4a3]
V  [jvm.dll+0x24508f]
V  [jvm.dll+0xab773]
V  [jvm.dll+0xabd3c]
V  [jvm.dll+0x361bee]
V  [jvm.dll+0x32c431]
V  [jvm.dll+0x32b8ca]
V  [jvm.dll+0x21683f]
V  [jvm.dll+0x215c6f]
V  [jvm.dll+0x1a2960]
V  [jvm.dll+0x22610b]
V  [jvm.dll+0x2242ab]
V  [jvm.dll+0x79075c]
V  [jvm.dll+0x78abea]
V  [jvm.dll+0x678f35]
C  [ucrtbase.dll+0x29333]
C  [KERNEL32.DLL+0x1259d]
C  [ntdll.dll+0x5af38]


---------------  P R O C E S S  ---------------

Threads class SMR info:
_java_thread_list=0x000001f3549d0d30, length=12, elements={
0x000001f339adbe90, 0x000001f339b8a9c0, 0x000001f339b8dff0, 0x000001f354770a70,
0x000001f354773350, 0x000001f354773d10, 0x000001f3547746d0, 0x000001f3547753c0,
0x000001f3547de7a0, 0x000001f3547e78c0, 0x000001f3549c8dc0, 0x000001f3549d3710
}

Java Threads: ( => current thread )
  0x000001f339adbe90 JavaThread "main" [_thread_in_Java, id=18452, stack(0x0000003a08400000,0x0000003a08500000)]
  0x000001f339b8a9c0 JavaThread "Reference Handler" daemon [_thread_blocked, id=12324, stack(0x0000003a08b00000,0x0000003a08c00000)]
  0x000001f339b8dff0 JavaThread "Finalizer" daemon [_thread_blocked, id=1316, stack(0x0000003a08c00000,0x0000003a08d00000)]
  0x000001f354770a70 JavaThread "Signal Dispatcher" daemon [_thread_blocked, id=19320, stack(0x0000003a08d00000,0x0000003a08e00000)]
  0x000001f354773350 JavaThread "Attach Listener" daemon [_thread_blocked, id=13564, stack(0x0000003a08e00000,0x0000003a08f00000)]
  0x000001f354773d10 JavaThread "Service Thread" daemon [_thread_blocked, id=19248, stack(0x0000003a08f00000,0x0000003a09000000)]
  0x000001f3547746d0 JavaThread "Monitor Deflation Thread" daemon [_thread_blocked, id=19216, stack(0x0000003a09000000,0x0000003a09100000)]
=>0x000001f3547753c0 JavaThread "C2 CompilerThread0" daemon [_thread_in_native, id=14900, stack(0x0000003a09100000,0x0000003a09200000)]
  0x000001f3547de7a0 JavaThread "C1 CompilerThread0" daemon [_thread_blocked, id=8188, stack(0x0000003a09200000,0x0000003a09300000)]
  0x000001f3547e78c0 JavaThread "Sweeper thread" daemon [_thread_blocked, id=13572, stack(0x0000003a09300000,0x0000003a09400000)]
  0x000001f3549c8dc0 JavaThread "Notification Thread" daemon [_thread_blocked, id=19344, stack(0x0000003a09400000,0x0000003a09500000)]
  0x000001f3549d3710 JavaThread "Common-Cleaner" daemon [_thread_blocked, id=18448, stack(0x0000003a09600000,0x0000003a09700000)]

Other Threads:
  0x000001f339b86620 VMThread "VM Thread" [stack: 0x0000003a08a00000,0x0000003a08b00000] [id=11092]
  0x000001f3549cb2b0 WatcherThread [stack: 0x0000003a09500000,0x0000003a09600000] [id=14932]
  0x000001f339b149f0 GCTaskThread "GC Thread#0" [stack: 0x0000003a08500000,0x0000003a08600000] [id=11504]
  0x000001f3549f1380 GCTaskThread "GC Thread#1" [stack: 0x0000003a09700000,0x0000003a09800000] [id=18784]
  0x000001f339b1d3c0 ConcurrentGCThread "G1 Main Marker" [stack: 0x0000003a08600000,0x0000003a08700000] [id=19288]
  0x000001f339b20590 ConcurrentGCThread "G1 Conc#0" [stack: 0x0000003a08700000,0x0000003a08800000] [id=9212]
  0x000001f339b55480 ConcurrentGCThread "G1 Refine#0" [stack: 0x0000003a08800000,0x0000003a08900000] [id=8560]
  0x000001f39a6553b0 ConcurrentGCThread "G1 Refine#1" [stack: 0x0000003a09800000,0x0000003a09900000] [id=18644]
  0x000001f339b55eb0 ConcurrentGCThread "G1 Service" [stack: 0x0000003a08900000,0x0000003a08a00000] [id=13192]

Threads with active compile tasks:
C2 CompilerThread0    48090 5234 %     4       org.apache.maven.repository.internal.ArtifactDescriptorReaderDelegate::populateResult @ 126 (426 bytes)

VM state: not at safepoint (normal execution)

VM Mutex/Monitor currently owned by a thread: None

Heap address: 0x00000000c2c00000, size: 980 MB, Compressed Oops mode: 32-bit

CDS archive(s) mapped at: [0x000001f355000000-0x000001f355bd0000-0x000001f355bd0000), size 12386304, SharedBaseAddress: 0x000001f355000000, ArchiveRelocationMode: 1.
Compressed class space mapped at: 0x000001f356000000-0x000001f396000000, reserved size: 1073741824
Narrow klass base: 0x000001f355000000, Narrow klass shift: 0, Narrow klass range: 0x100000000

GC Precious Log:
 CPUs: 2 total, 2 available
 Memory: 3918M
 Large Page Support: Disabled
 NUMA Support: Disabled
 Compressed Oops: Enabled (32-bit)
 Heap Region Size: 1M
 Heap Min Capacity: 8M
 Heap Initial Capacity: 62M
 Heap Max Capacity: 980M
 Pre-touch: Disabled
 Parallel Workers: 2
 Concurrent Workers: 1
 Concurrent Refinement Workers: 2
 Periodic GC: Disabled

Heap:
 garbage-first heap   total 172032K, used 49985K [0x00000000c2c00000, 0x0000000100000000)
  region size 1024K, 4 young (4096K), 1 survivors (1024K)
 Metaspace       used 18010K, committed 18240K, reserved 1114112K
  class space    used 1992K, committed 2112K, reserved 1048576K

Heap Regions: E=young(eden), S=young(survivor), O=old, HS=humongous(starts), HC=humongous(continues), CS=collection set, F=free, OA=open archive, CA=closed archive, TAMS=top-at-mark-start (previous, next)
|   0|0x00000000c2c00000, 0x00000000c2d00000, 0x00000000c2d00000|100%| O|  |TAMS 0x00000000c2d00000, 0x00000000c2c00000| Untracked 
|   1|0x00000000c2d00000, 0x00000000c2e00000, 0x00000000c2e00000|100%| O|  |TAMS 0x00000000c2e00000, 0x00000000c2d00000| Untracked 
|   2|0x00000000c2e00000, 0x00000000c2f00000, 0x00000000c2f00000|100%| O|  |TAMS 0x00000000c2f00000, 0x00000000c2e00000| Untracked 
|   3|0x00000000c2f00000, 0x00000000c3000000, 0x00000000c3000000|100%| O|  |TAMS 0x00000000c3000000, 0x00000000c2f00000| Untracked 
|   4|0x00000000c3000000, 0x00000000c3100000, 0x00000000c3100000|100%| O|  |TAMS 0x00000000c3100000, 0x00000000c3000000| Untracked 
|   5|0x00000000c3100000, 0x00000000c3200000, 0x00000000c3200000|100%| O|  |TAMS 0x00000000c3200000, 0x00000000c3100000| Untracked 
|   6|0x00000000c3200000, 0x00000000c3300000, 0x00000000c3300000|100%| O|  |TAMS 0x00000000c3300000, 0x00000000c3200000| Untracked 
|   7|0x00000000c3300000, 0x00000000c3400000, 0x00000000c3400000|100%| O|  |TAMS 0x00000000c3400000, 0x00000000c3300000| Untracked 
|   8|0x00000000c3400000, 0x00000000c3400000, 0x00000000c3500000|  0%| F|  |TAMS 0x00000000c3400000, 0x00000000c3400000| Untracked 
|   9|0x00000000c3500000, 0x00000000c3600000, 0x00000000c3600000|100%| O|  |TAMS 0x00000000c3600000, 0x00000000c3500000| Untracked 
|  10|0x00000000c3600000, 0x00000000c3700000, 0x00000000c3700000|100%| O|  |TAMS 0x00000000c3700000, 0x00000000c3600000| Untracked 
|  11|0x00000000c3700000, 0x00000000c3800000, 0x00000000c3800000|100%| O|  |TAMS 0x00000000c3800000, 0x00000000c3700000| Untracked 
|  12|0x00000000c3800000, 0x00000000c3900000, 0x00000000c3900000|100%| O|  |TAMS 0x00000000c3900000, 0x00000000c3800000| Untracked 
|  13|0x00000000c3900000, 0x00000000c3a00000, 0x00000000c3a00000|100%| O|  |TAMS 0x00000000c3a00000, 0x00000000c3900000| Untracked 
|  14|0x00000000c3a00000, 0x00000000c3b00000, 0x00000000c3b00000|100%| O|  |TAMS 0x00000000c3b00000, 0x00000000c3a00000| Untracked 
|  15|0x00000000c3b00000, 0x00000000c3c00000, 0x00000000c3c00000|100%| O|  |TAMS 0x00000000c3c00000, 0x00000000c3b00000| Untracked 
|  16|0x00000000c3c00000, 0x00000000c3d00000, 0x00000000c3d00000|100%| O|  |TAMS 0x00000000c3d00000, 0x00000000c3c00000| Untracked 
|  17|0x00000000c3d00000, 0x00000000c3e00000, 0x00000000c3e00000|100%| O|  |TAMS 0x00000000c3e00000, 0x00000000c3d00000| Untracked 
|  18|0x00000000c3e00000, 0x00000000c3f00000, 0x00000000c3f00000|100%| O|  |TAMS 0x00000000c3f00000, 0x00000000c3e00000| Untracked 
|  19|0x00000000c3f00000, 0x00000000c4000000, 0x00000000c4000000|100%| O|  |TAMS 0x00000000c4000000, 0x00000000c3f00000| Untracked 
|  20|0x00000000c4000000, 0x00000000c4100000, 0x00000000c4100000|100%| O|  |TAMS 0x00000000c4100000, 0x00000000c4000000| Untracked 
|  21|0x00000000c4100000, 0x00000000c4200000, 0x00000000c4200000|100%| O|  |TAMS 0x00000000c4200000, 0x00000000c4100000| Untracked 
|  22|0x00000000c4200000, 0x00000000c4300000, 0x00000000c4300000|100%| O|  |TAMS 0x00000000c4300000, 0x00000000c4200000| Untracked 
|  23|0x00000000c4300000, 0x00000000c4400000, 0x00000000c4400000|100%| O|  |TAMS 0x00000000c4400000, 0x00000000c4300000| Untracked 
|  24|0x00000000c4400000, 0x00000000c4500000, 0x00000000c4500000|100%| O|  |TAMS 0x00000000c4500000, 0x00000000c4400000| Untracked 
|  25|0x00000000c4500000, 0x00000000c4600000, 0x00000000c4600000|100%| O|  |TAMS 0x00000000c4600000, 0x00000000c4500000| Untracked 
|  26|0x00000000c4600000, 0x00000000c4700000, 0x00000000c4700000|100%| O|  |TAMS 0x00000000c4700000, 0x00000000c4600000| Untracked 
|  27|0x00000000c4700000, 0x00000000c4800000, 0x00000000c4800000|100%| O|  |TAMS 0x00000000c4800000, 0x00000000c4700000| Untracked 
|  28|0x00000000c4800000, 0x00000000c4900000, 0x00000000c4900000|100%| O|  |TAMS 0x00000000c4900000, 0x00000000c4800000| Untracked 
|  29|0x00000000c4900000, 0x00000000c4a00000, 0x00000000c4a00000|100%| O|  |TAMS 0x00000000c4a00000, 0x00000000c4900000| Untracked 
|  30|0x00000000c4a00000, 0x00000000c4b00000, 0x00000000c4b00000|100%| O|  |TAMS 0x00000000c4b00000, 0x00000000c4a00000| Untracked 
|  31|0x00000000c4b00000, 0x00000000c4c00000, 0x00000000c4c00000|100%| O|  |TAMS 0x00000000c4c00000, 0x00000000c4b00000| Untracked 
|  32|0x00000000c4c00000, 0x00000000c4d00000, 0x00000000c4d00000|100%| O|  |TAMS 0x00000000c4d00000, 0x00000000c4c00000| Untracked 
|  33|0x00000000c4d00000, 0x00000000c4e00000, 0x00000000c4e00000|100%| O|  |TAMS 0x00000000c4d00000, 0x00000000c4d00000| Untracked 
|  34|0x00000000c4e00000, 0x00000000c4f00000, 0x00000000c4f00000|100%| O|  |TAMS 0x00000000c4f00000, 0x00000000c4e00000| Untracked 
|  35|0x00000000c4f00000, 0x00000000c5000000, 0x00000000c5000000|100%| O|  |TAMS 0x00000000c5000000, 0x00000000c4f00000| Untracked 
|  36|0x00000000c5000000, 0x00000000c5100000, 0x00000000c5100000|100%| O|  |TAMS 0x00000000c5100000, 0x00000000c5000000| Untracked 
|  37|0x00000000c5100000, 0x00000000c5200000, 0x00000000c5200000|100%| O|  |TAMS 0x00000000c5200000, 0x00000000c5100000| Untracked 
|  38|0x00000000c5200000, 0x00000000c5300000, 0x00000000c5300000|100%| O|  |TAMS 0x00000000c5300000, 0x00000000c5200000| Untracked 
|  39|0x00000000c5300000, 0x00000000c5400000, 0x00000000c5400000|100%| O|  |TAMS 0x00000000c5400000, 0x00000000c5300000| Untracked 
|  40|0x00000000c5400000, 0x00000000c5500000, 0x00000000c5500000|100%| O|  |TAMS 0x00000000c5500000, 0x00000000c5400000| Untracked 
|  41|0x00000000c5500000, 0x00000000c5600000, 0x00000000c5600000|100%| O|  |TAMS 0x00000000c5600000, 0x00000000c5500000| Untracked 
|  42|0x00000000c5600000, 0x00000000c5700000, 0x00000000c5700000|100%| O|  |TAMS 0x00000000c5664e00, 0x00000000c5600000| Untracked 
|  43|0x00000000c5700000, 0x00000000c5800000, 0x00000000c5800000|100%| O|  |TAMS 0x00000000c5700000, 0x00000000c5700000| Untracked 
|  44|0x00000000c5800000, 0x00000000c5900000, 0x00000000c5900000|100%| O|  |TAMS 0x00000000c5800000, 0x00000000c5800000| Untracked 
|  45|0x00000000c5900000, 0x00000000c5a00000, 0x00000000c5a00000|100%| O|  |TAMS 0x00000000c5900000, 0x00000000c5900000| Untracked 
|  46|0x00000000c5a00000, 0x00000000c5ad0600, 0x00000000c5b00000| 81%| O|  |TAMS 0x00000000c5a00000, 0x00000000c5a00000| Untracked 
|  47|0x00000000c5b00000, 0x00000000c5b00000, 0x00000000c5c00000|  0%| F|  |TAMS 0x00000000c5b00000, 0x00000000c5b00000| Untracked 
|  48|0x00000000c5c00000, 0x00000000c5c00000, 0x00000000c5d00000|  0%| F|  |TAMS 0x00000000c5c00000, 0x00000000c5c00000| Untracked 
|  49|0x00000000c5d00000, 0x00000000c5d00000, 0x00000000c5e00000|  0%| F|  |TAMS 0x00000000c5d00000, 0x00000000c5d00000| Untracked 
|  50|0x00000000c5e00000, 0x00000000c5e00000, 0x00000000c5f00000|  0%| F|  |TAMS 0x00000000c5e00000, 0x00000000c5e00000| Untracked 
|  51|0x00000000c5f00000, 0x00000000c5f00000, 0x00000000c6000000|  0%| F|  |TAMS 0x00000000c5f00000, 0x00000000c5f00000| Untracked 
|  52|0x00000000c6000000, 0x00000000c6000000, 0x00000000c6100000|  0%| F|  |TAMS 0x00000000c6000000, 0x00000000c6000000| Untracked 
|  53|0x00000000c6100000, 0x00000000c6100000, 0x00000000c6200000|  0%| F|  |TAMS 0x00000000c6100000, 0x00000000c6100000| Untracked 
|  54|0x00000000c6200000, 0x00000000c6200000, 0x00000000c6300000|  0%| F|  |TAMS 0x00000000c6200000, 0x00000000c6200000| Untracked 
|  55|0x00000000c6300000, 0x00000000c6300000, 0x00000000c6400000|  0%| F|  |TAMS 0x00000000c6300000, 0x00000000c6300000| Untracked 
|  56|0x00000000c6400000, 0x00000000c6400000, 0x00000000c6500000|  0%| F|  |TAMS 0x00000000c6400000, 0x00000000c6400000| Untracked 
|  57|0x00000000c6500000, 0x00000000c6500000, 0x00000000c6600000|  0%| F|  |TAMS 0x00000000c6500000, 0x00000000c6500000| Untracked 
|  58|0x00000000c6600000, 0x00000000c6600000, 0x00000000c6700000|  0%| F|  |TAMS 0x00000000c6600000, 0x00000000c6600000| Untracked 
|  59|0x00000000c6700000, 0x00000000c6700000, 0x00000000c6800000|  0%| F|  |TAMS 0x00000000c6700000, 0x00000000c6700000| Untracked 
|  60|0x00000000c6800000, 0x00000000c6800000, 0x00000000c6900000|  0%| F|  |TAMS 0x00000000c6800000, 0x00000000c6800000| Untracked 
|  61|0x00000000c6900000, 0x00000000c6900000, 0x00000000c6a00000|  0%| F|  |TAMS 0x00000000c6900000, 0x00000000c6900000| Untracked 
|  62|0x00000000c6a00000, 0x00000000c6a00000, 0x00000000c6b00000|  0%| F|  |TAMS 0x00000000c6a00000, 0x00000000c6a00000| Untracked 
|  63|0x00000000c6b00000, 0x00000000c6b00000, 0x00000000c6c00000|  0%| F|  |TAMS 0x00000000c6b00000, 0x00000000c6b00000| Untracked 
|  64|0x00000000c6c00000, 0x00000000c6c00000, 0x00000000c6d00000|  0%| F|  |TAMS 0x00000000c6c00000, 0x00000000c6c00000| Untracked 
|  65|0x00000000c6d00000, 0x00000000c6d00000, 0x00000000c6e00000|  0%| F|  |TAMS 0x00000000c6d00000, 0x00000000c6d00000| Untracked 
|  66|0x00000000c6e00000, 0x00000000c6e00000, 0x00000000c6f00000|  0%| F|  |TAMS 0x00000000c6e00000, 0x00000000c6e00000| Untracked 
|  67|0x00000000c6f00000, 0x00000000c6f00000, 0x00000000c7000000|  0%| F|  |TAMS 0x00000000c6f00000, 0x00000000c6f00000| Untracked 
|  68|0x00000000c7000000, 0x00000000c7000000, 0x00000000c7100000|  0%| F|  |TAMS 0x00000000c7000000, 0x00000000c7000000| Untracked 
|  69|0x00000000c7100000, 0x00000000c7100000, 0x00000000c7200000|  0%| F|  |TAMS 0x00000000c7100000, 0x00000000c7100000| Untracked 
|  70|0x00000000c7200000, 0x00000000c7200000, 0x00000000c7300000|  0%| F|  |TAMS 0x00000000c7200000, 0x00000000c7200000| Untracked 
|  71|0x00000000c7300000, 0x00000000c7300000, 0x00000000c7400000|  0%| F|  |TAMS 0x00000000c7300000, 0x00000000c7300000| Untracked 
|  72|0x00000000c7400000, 0x00000000c7400000, 0x00000000c7500000|  0%| F|  |TAMS 0x00000000c7400000, 0x00000000c7400000| Untracked 
|  73|0x00000000c7500000, 0x00000000c7500000, 0x00000000c7600000|  0%| F|  |TAMS 0x00000000c7500000, 0x00000000c7500000| Untracked 
|  74|0x00000000c7600000, 0x00000000c7600000, 0x00000000c7700000|  0%| F|  |TAMS 0x00000000c7600000, 0x00000000c7600000| Untracked 
|  75|0x00000000c7700000, 0x00000000c7700000, 0x00000000c7800000|  0%| F|  |TAMS 0x00000000c7700000, 0x00000000c7700000| Untracked 
|  76|0x00000000c7800000, 0x00000000c7800000, 0x00000000c7900000|  0%| F|  |TAMS 0x00000000c7800000, 0x00000000c7800000| Untracked 
|  77|0x00000000c7900000, 0x00000000c7900000, 0x00000000c7a00000|  0%| F|  |TAMS 0x00000000c7900000, 0x00000000c7900000| Untracked 
|  78|0x00000000c7a00000, 0x00000000c7a00000, 0x00000000c7b00000|  0%| F|  |TAMS 0x00000000c7a00000, 0x00000000c7a00000| Untracked 
|  79|0x00000000c7b00000, 0x00000000c7b00000, 0x00000000c7c00000|  0%| F|  |TAMS 0x00000000c7b00000, 0x00000000c7b00000| Untracked 
|  80|0x00000000c7c00000, 0x00000000c7c00000, 0x00000000c7d00000|  0%| F|  |TAMS 0x00000000c7c00000, 0x00000000c7c00000| Untracked 
|  81|0x00000000c7d00000, 0x00000000c7e00000, 0x00000000c7e00000|100%| S|CS|TAMS 0x00000000c7d00000, 0x00000000c7d00000| Complete 
|  82|0x00000000c7e00000, 0x00000000c7e00000, 0x00000000c7f00000|  0%| F|  |TAMS 0x00000000c7e00000, 0x00000000c7e00000| Untracked 
|  83|0x00000000c7f00000, 0x00000000c7f00000, 0x00000000c8000000|  0%| F|  |TAMS 0x00000000c7f00000, 0x00000000c7f00000| Untracked 
|  84|0x00000000c8000000, 0x00000000c8000000, 0x00000000c8100000|  0%| F|  |TAMS 0x00000000c8000000, 0x00000000c8000000| Untracked 
|  85|0x00000000c8100000, 0x00000000c8100000, 0x00000000c8200000|  0%| F|  |TAMS 0x00000000c8100000, 0x00000000c8100000| Untracked 
|  86|0x00000000c8200000, 0x00000000c8200000, 0x00000000c8300000|  0%| F|  |TAMS 0x00000000c8200000, 0x00000000c8200000| Untracked 
|  87|0x00000000c8300000, 0x00000000c8300000, 0x00000000c8400000|  0%| F|  |TAMS 0x00000000c8300000, 0x00000000c8300000| Untracked 
|  88|0x00000000c8400000, 0x00000000c8400000, 0x00000000c8500000|  0%| F|  |TAMS 0x00000000c8400000, 0x00000000c8400000| Untracked 
|  89|0x00000000c8500000, 0x00000000c8500000, 0x00000000c8600000|  0%| F|  |TAMS 0x00000000c8500000, 0x00000000c8500000| Untracked 
|  90|0x00000000c8600000, 0x00000000c8600000, 0x00000000c8700000|  0%| F|  |TAMS 0x00000000c8600000, 0x00000000c8600000| Untracked 
|  91|0x00000000c8700000, 0x00000000c8700000, 0x00000000c8800000|  0%| F|  |TAMS 0x00000000c8700000, 0x00000000c8700000| Untracked 
|  92|0x00000000c8800000, 0x00000000c8800000, 0x00000000c8900000|  0%| F|  |TAMS 0x00000000c8800000, 0x00000000c8800000| Untracked 
|  93|0x00000000c8900000, 0x00000000c8900000, 0x00000000c8a00000|  0%| F|  |TAMS 0x00000000c8900000, 0x00000000c8900000| Untracked 
|  94|0x00000000c8a00000, 0x00000000c8a00000, 0x00000000c8b00000|  0%| F|  |TAMS 0x00000000c8a00000, 0x00000000c8a00000| Untracked 
|  95|0x00000000c8b00000, 0x00000000c8b00000, 0x00000000c8c00000|  0%| F|  |TAMS 0x00000000c8b00000, 0x00000000c8b00000| Untracked 
|  96|0x00000000c8c00000, 0x00000000c8c00000, 0x00000000c8d00000|  0%| F|  |TAMS 0x00000000c8c00000, 0x00000000c8c00000| Untracked 
|  97|0x00000000c8d00000, 0x00000000c8d00000, 0x00000000c8e00000|  0%| F|  |TAMS 0x00000000c8d00000, 0x00000000c8d00000| Untracked 
|  98|0x00000000c8e00000, 0x00000000c8e00000, 0x00000000c8f00000|  0%| F|  |TAMS 0x00000000c8e00000, 0x00000000c8e00000| Untracked 
|  99|0x00000000c8f00000, 0x00000000c8f00000, 0x00000000c9000000|  0%| F|  |TAMS 0x00000000c8f00000, 0x00000000c8f00000| Untracked 
| 100|0x00000000c9000000, 0x00000000c9000000, 0x00000000c9100000|  0%| F|  |TAMS 0x00000000c9000000, 0x00000000c9000000| Untracked 
| 101|0x00000000c9100000, 0x00000000c9100000, 0x00000000c9200000|  0%| F|  |TAMS 0x00000000c9100000, 0x00000000c9100000| Untracked 
| 102|0x00000000c9200000, 0x00000000c9200000, 0x00000000c9300000|  0%| F|  |TAMS 0x00000000c9200000, 0x00000000c9200000| Untracked 
| 103|0x00000000c9300000, 0x00000000c9300000, 0x00000000c9400000|  0%| F|  |TAMS 0x00000000c9300000, 0x00000000c9300000| Untracked 
| 104|0x00000000c9400000, 0x00000000c9400000, 0x00000000c9500000|  0%| F|  |TAMS 0x00000000c9400000, 0x00000000c9400000| Untracked 
| 105|0x00000000c9500000, 0x00000000c9500000, 0x00000000c9600000|  0%| F|  |TAMS 0x00000000c9500000, 0x00000000c9500000| Untracked 
| 106|0x00000000c9600000, 0x00000000c9600000, 0x00000000c9700000|  0%| F|  |TAMS 0x00000000c9600000, 0x00000000c9600000| Untracked 
| 107|0x00000000c9700000, 0x00000000c9700000, 0x00000000c9800000|  0%| F|  |TAMS 0x00000000c9700000, 0x00000000c9700000| Untracked 
| 108|0x00000000c9800000, 0x00000000c9800000, 0x00000000c9900000|  0%| F|  |TAMS 0x00000000c9800000, 0x00000000c9800000| Untracked 
| 109|0x00000000c9900000, 0x00000000c9900000, 0x00000000c9a00000|  0%| F|  |TAMS 0x00000000c9900000, 0x00000000c9900000| Untracked 
| 110|0x00000000c9a00000, 0x00000000c9a00000, 0x00000000c9b00000|  0%| F|  |TAMS 0x00000000c9a00000, 0x00000000c9a00000| Untracked 
| 111|0x00000000c9b00000, 0x00000000c9b00000, 0x00000000c9c00000|  0%| F|  |TAMS 0x00000000c9b00000, 0x00000000c9b00000| Untracked 
| 112|0x00000000c9c00000, 0x00000000c9c00000, 0x00000000c9d00000|  0%| F|  |TAMS 0x00000000c9c00000, 0x00000000c9c00000| Untracked 
| 113|0x00000000c9d00000, 0x00000000c9d00000, 0x00000000c9e00000|  0%| F|  |TAMS 0x00000000c9d00000, 0x00000000c9d00000| Untracked 
| 114|0x00000000c9e00000, 0x00000000c9e00000, 0x00000000c9f00000|  0%| F|  |TAMS 0x00000000c9e00000, 0x00000000c9e00000| Untracked 
| 115|0x00000000c9f00000, 0x00000000c9f00000, 0x00000000ca000000|  0%| F|  |TAMS 0x00000000c9f00000, 0x00000000c9f00000| Untracked 
| 116|0x00000000ca000000, 0x00000000ca000000, 0x00000000ca100000|  0%| F|  |TAMS 0x00000000ca000000, 0x00000000ca000000| Untracked 
| 117|0x00000000ca100000, 0x00000000ca100000, 0x00000000ca200000|  0%| F|  |TAMS 0x00000000ca100000, 0x00000000ca100000| Untracked 
| 118|0x00000000ca200000, 0x00000000ca200000, 0x00000000ca300000|  0%| F|  |TAMS 0x00000000ca200000, 0x00000000ca200000| Untracked 
| 119|0x00000000ca300000, 0x00000000ca300000, 0x00000000ca400000|  0%| F|  |TAMS 0x00000000ca300000, 0x00000000ca300000| Untracked 
| 120|0x00000000ca400000, 0x00000000ca400000, 0x00000000ca500000|  0%| F|  |TAMS 0x00000000ca400000, 0x00000000ca400000| Untracked 
| 121|0x00000000ca500000, 0x00000000ca500000, 0x00000000ca600000|  0%| F|  |TAMS 0x00000000ca500000, 0x00000000ca500000| Untracked 
| 122|0x00000000ca600000, 0x00000000ca600000, 0x00000000ca700000|  0%| F|  |TAMS 0x00000000ca600000, 0x00000000ca600000| Untracked 
| 123|0x00000000ca700000, 0x00000000ca700000, 0x00000000ca800000|  0%| F|  |TAMS 0x00000000ca700000, 0x00000000ca700000| Untracked 
| 124|0x00000000ca800000, 0x00000000ca800000, 0x00000000ca900000|  0%| F|  |TAMS 0x00000000ca800000, 0x00000000ca800000| Untracked 
| 125|0x00000000ca900000, 0x00000000ca900000, 0x00000000caa00000|  0%| F|  |TAMS 0x00000000ca900000, 0x00000000ca900000| Untracked 
| 126|0x00000000caa00000, 0x00000000caa00000, 0x00000000cab00000|  0%| F|  |TAMS 0x00000000caa00000, 0x00000000caa00000| Untracked 
| 127|0x00000000cab00000, 0x00000000cab00000, 0x00000000cac00000|  0%| F|  |TAMS 0x00000000cab00000, 0x00000000cab00000| Untracked 
| 128|0x00000000cac00000, 0x00000000cac00000, 0x00000000cad00000|  0%| F|  |TAMS 0x00000000cac00000, 0x00000000cac00000| Untracked 
| 129|0x00000000cad00000, 0x00000000cad00000, 0x00000000cae00000|  0%| F|  |TAMS 0x00000000cad00000, 0x00000000cad00000| Untracked 
| 130|0x00000000cae00000, 0x00000000cae00000, 0x00000000caf00000|  0%| F|  |TAMS 0x00000000cae00000, 0x00000000cae00000| Untracked 
| 131|0x00000000caf00000, 0x00000000caf00000, 0x00000000cb000000|  0%| F|  |TAMS 0x00000000caf00000, 0x00000000caf00000| Untracked 
| 132|0x00000000cb000000, 0x00000000cb000000, 0x00000000cb100000|  0%| F|  |TAMS 0x00000000cb000000, 0x00000000cb000000| Untracked 
| 133|0x00000000cb100000, 0x00000000cb100000, 0x00000000cb200000|  0%| F|  |TAMS 0x00000000cb100000, 0x00000000cb100000| Untracked 
| 134|0x00000000cb200000, 0x00000000cb200000, 0x00000000cb300000|  0%| F|  |TAMS 0x00000000cb200000, 0x00000000cb200000| Untracked 
| 135|0x00000000cb300000, 0x00000000cb300000, 0x00000000cb400000|  0%| F|  |TAMS 0x00000000cb300000, 0x00000000cb300000| Untracked 
| 136|0x00000000cb400000, 0x00000000cb400000, 0x00000000cb500000|  0%| F|  |TAMS 0x00000000cb400000, 0x00000000cb400000| Untracked 
| 137|0x00000000cb500000, 0x00000000cb500000, 0x00000000cb600000|  0%| F|  |TAMS 0x00000000cb500000, 0x00000000cb500000| Untracked 
| 138|0x00000000cb600000, 0x00000000cb600000, 0x00000000cb700000|  0%| F|  |TAMS 0x00000000cb600000, 0x00000000cb600000| Untracked 
| 139|0x00000000cb700000, 0x00000000cb700000, 0x00000000cb800000|  0%| F|  |TAMS 0x00000000cb700000, 0x00000000cb700000| Untracked 
| 140|0x00000000cb800000, 0x00000000cb800000, 0x00000000cb900000|  0%| F|  |TAMS 0x00000000cb800000, 0x00000000cb800000| Untracked 
| 141|0x00000000cb900000, 0x00000000cb900000, 0x00000000cba00000|  0%| F|  |TAMS 0x00000000cb900000, 0x00000000cb900000| Untracked 
| 142|0x00000000cba00000, 0x00000000cba00000, 0x00000000cbb00000|  0%| F|  |TAMS 0x00000000cba00000, 0x00000000cba00000| Untracked 
| 143|0x00000000cbb00000, 0x00000000cbb00000, 0x00000000cbc00000|  0%| F|  |TAMS 0x00000000cbb00000, 0x00000000cbb00000| Untracked 
| 144|0x00000000cbc00000, 0x00000000cbc00000, 0x00000000cbd00000|  0%| F|  |TAMS 0x00000000cbc00000, 0x00000000cbc00000| Untracked 
| 145|0x00000000cbd00000, 0x00000000cbd00000, 0x00000000cbe00000|  0%| F|  |TAMS 0x00000000cbd00000, 0x00000000cbd00000| Untracked 
| 146|0x00000000cbe00000, 0x00000000cbe00000, 0x00000000cbf00000|  0%| F|  |TAMS 0x00000000cbe00000, 0x00000000cbe00000| Untracked 
| 147|0x00000000cbf00000, 0x00000000cbf00000, 0x00000000cc000000|  0%| F|  |TAMS 0x00000000cbf00000, 0x00000000cbf00000| Untracked 
| 148|0x00000000cc000000, 0x00000000cc000000, 0x00000000cc100000|  0%| F|  |TAMS 0x00000000cc000000, 0x00000000cc000000| Untracked 
| 149|0x00000000cc100000, 0x00000000cc100000, 0x00000000cc200000|  0%| F|  |TAMS 0x00000000cc100000, 0x00000000cc100000| Untracked 
| 150|0x00000000cc200000, 0x00000000cc200000, 0x00000000cc300000|  0%| F|  |TAMS 0x00000000cc200000, 0x00000000cc200000| Untracked 
| 151|0x00000000cc300000, 0x00000000cc300000, 0x00000000cc400000|  0%| F|  |TAMS 0x00000000cc300000, 0x00000000cc300000| Untracked 
| 152|0x00000000cc400000, 0x00000000cc400000, 0x00000000cc500000|  0%| F|  |TAMS 0x00000000cc400000, 0x00000000cc400000| Untracked 
| 153|0x00000000cc500000, 0x00000000cc500000, 0x00000000cc600000|  0%| F|  |TAMS 0x00000000cc500000, 0x00000000cc500000| Untracked 
| 154|0x00000000cc600000, 0x00000000cc600000, 0x00000000cc700000|  0%| F|  |TAMS 0x00000000cc600000, 0x00000000cc600000| Untracked 
| 155|0x00000000cc700000, 0x00000000cc700000, 0x00000000cc800000|  0%| F|  |TAMS 0x00000000cc700000, 0x00000000cc700000| Untracked 
| 156|0x00000000cc800000, 0x00000000cc800000, 0x00000000cc900000|  0%| F|  |TAMS 0x00000000cc800000, 0x00000000cc800000| Untracked 
| 157|0x00000000cc900000, 0x00000000cc900000, 0x00000000cca00000|  0%| F|  |TAMS 0x00000000cc900000, 0x00000000cc900000| Untracked 
| 158|0x00000000cca00000, 0x00000000cca00000, 0x00000000ccb00000|  0%| F|  |TAMS 0x00000000cca00000, 0x00000000cca00000| Untracked 
| 159|0x00000000ccb00000, 0x00000000ccb00000, 0x00000000ccc00000|  0%| F|  |TAMS 0x00000000ccb00000, 0x00000000ccb00000| Untracked 
| 160|0x00000000ccc00000, 0x00000000ccc00000, 0x00000000ccd00000|  0%| F|  |TAMS 0x00000000ccc00000, 0x00000000ccc00000| Untracked 
| 161|0x00000000ccd00000, 0x00000000ccd00000, 0x00000000cce00000|  0%| F|  |TAMS 0x00000000ccd00000, 0x00000000ccd00000| Untracked 
| 162|0x00000000cce00000, 0x00000000cce00000, 0x00000000ccf00000|  0%| F|  |TAMS 0x00000000cce00000, 0x00000000cce00000| Untracked 
| 163|0x00000000ccf00000, 0x00000000ccf00000, 0x00000000cd000000|  0%| F|  |TAMS 0x00000000ccf00000, 0x00000000ccf00000| Untracked 
| 164|0x00000000cd000000, 0x00000000cd000000, 0x00000000cd100000|  0%| F|  |TAMS 0x00000000cd000000, 0x00000000cd000000| Untracked 
| 165|0x00000000cd100000, 0x00000000cd200000, 0x00000000cd200000|100%| E|  |TAMS 0x00000000cd100000, 0x00000000cd100000| Complete 
| 166|0x00000000cd200000, 0x00000000cd300000, 0x00000000cd300000|100%| E|CS|TAMS 0x00000000cd200000, 0x00000000cd200000| Complete 
| 167|0x00000000cd300000, 0x00000000cd400000, 0x00000000cd400000|100%| E|CS|TAMS 0x00000000cd300000, 0x00000000cd300000| Complete 

Card table byte_map: [0x000001f339890000,0x000001f339a80000] _byte_map_base: 0x000001f33927a000

Marking Bits (Prev, Next): (CMBitMap*) 0x000001f339b15050, (CMBitMap*) 0x000001f339b15010
 Prev Bits: [0x000001f3514d0000, 0x000001f352420000)
 Next Bits: [0x000001f350580000, 0x000001f3514d0000)

Polling page: 0x000001f337a00000

Metaspace:

Usage:
  Non-class:     15.64 MB used.
      Class:      1.95 MB used.
       Both:     17.59 MB used.

Virtual space:
  Non-class space:       64.00 MB reserved,      15.75 MB ( 25%) committed,  1 nodes.
      Class space:        1.00 GB reserved,       2.06 MB ( <1%) committed,  1 nodes.
             Both:        1.06 GB reserved,      17.81 MB (  2%) committed. 

Chunk freelists:
   Non-Class:  68.00 KB
       Class:  13.79 MB
        Both:  13.86 MB

MaxMetaspaceSize: unlimited
CompressedClassSpaceSize: 1.00 GB
Initial GC threshold: 21.00 MB
Current GC threshold: 29.50 MB
CDS: on
MetaspaceReclaimPolicy: balanced
 - commit_granule_bytes: 65536.
 - commit_granule_words: 8192.
 - virtual_space_node_default_size: 8388608.
 - enlarge_chunks_in_place: 1.
 - new_chunks_are_fully_committed: 0.
 - uncommit_free_chunks: 1.
 - use_allocation_guard: 0.
 - handle_deallocations: 1.


Internal statistics:

num_allocs_failed_limit: 0.
num_arena_births: 156.
num_arena_deaths: 0.
num_vsnodes_births: 2.
num_vsnodes_deaths: 0.
num_space_committed: 285.
num_space_uncommitted: 0.
num_chunks_returned_to_freelist: 0.
num_chunks_taken_from_freelist: 792.
num_chunk_merges: 0.
num_chunk_splits: 543.
num_chunks_enlarged: 422.
num_inconsistent_stats: 0.

CodeHeap 'non-profiled nmethods': size=120064Kb used=3105Kb max_used=3105Kb free=116958Kb
 bounds [0x000001f348e50000, 0x000001f349170000, 0x000001f350390000]
CodeHeap 'profiled nmethods': size=120000Kb used=9430Kb max_used=10703Kb free=110569Kb
 bounds [0x000001f341390000, 0x000001f341e10000, 0x000001f3488c0000]
CodeHeap 'non-nmethods': size=5696Kb used=1181Kb max_used=1231Kb free=4514Kb
 bounds [0x000001f3488c0000, 0x000001f348b30000, 0x000001f348e50000]
 total_blobs=4954 nmethods=4478 adapters=389
 compilation: enabled
              stopped_count=0, restarted_count=0
 full_count=0

Compilation events (20 events):
Event: 46.527 Thread 0x000001f3547de7a0 5228       3       org.apache.maven.model.path.DefaultModelPathTranslator::alignToBaseDirectory (327 bytes)
Event: 46.531 Thread 0x000001f3547de7a0 nmethod 5228 0x000001f3413c5610 code [0x000001f3413c5bc0, 0x000001f3413c97f8]
Event: 46.531 Thread 0x000001f3547de7a0 5225       3       org.eclipse.aether.internal.impl.collect.DataPool::putDescriptor (20 bytes)
Event: 46.531 Thread 0x000001f3547de7a0 nmethod 5225 0x000001f341541210 code [0x000001f3415413c0, 0x000001f341541658]
Event: 46.531 Thread 0x000001f3547de7a0 5229       3       org.apache.maven.model.building.DefaultModelBuildingRequest::setModelResolver (6 bytes)
Event: 46.531 Thread 0x000001f3547de7a0 nmethod 5229 0x000001f341906810 code [0x000001f3419069a0, 0x000001f341906b58]
Event: 47.226 Thread 0x000001f3547753c0 nmethod 5205% 0x000001f349160690 code [0x000001f349160d60, 0x000001f349169bf8]
Event: 47.227 Thread 0x000001f3547753c0 5220   !   4       java.io.BufferedReader::readLine (327 bytes)
Event: 47.294 Thread 0x000001f3547753c0 nmethod 5220 0x000001f348e98f10 code [0x000001f348e99160, 0x000001f348e9adb0]
Event: 47.294 Thread 0x000001f3547753c0 5217       4       java.util.regex.Pattern::escape (1327 bytes)
Event: 47.299 Thread 0x000001f3547753c0 nmethod 5217 0x000001f348e98890 code [0x000001f348e98a20, 0x000001f348e98d68]
Event: 47.462 Thread 0x000001f3547de7a0 5230       3       org.apache.maven.model.building.DefaultModelBuildingRequest::<init> (11 bytes)
Event: 47.462 Thread 0x000001f3547de7a0 nmethod 5230 0x000001f341978510 code [0x000001f3419786a0, 0x000001f341978818]
Event: 47.462 Thread 0x000001f3547de7a0 5231       3       org.apache.maven.model.building.DefaultModelBuildingRequest::setValidationLevel (6 bytes)
Event: 47.463 Thread 0x000001f3547de7a0 nmethod 5231 0x000001f3416fdf90 code [0x000001f3416fe120, 0x000001f3416fe298]
Event: 47.463 Thread 0x000001f3547de7a0 5232       3       org.apache.maven.model.building.DefaultModelBuildingRequest::setValidationLevel (7 bytes)
Event: 47.463 Thread 0x000001f3547de7a0 nmethod 5232 0x000001f341648710 code [0x000001f3416488a0, 0x000001f3416489b8]
Event: 47.511 Thread 0x000001f3547de7a0 5233       3       jdk.internal.reflect.Reflection::verifyMemberAccess (200 bytes)
Event: 47.514 Thread 0x000001f3547de7a0 nmethod 5233 0x000001f341466490 code [0x000001f341466a00, 0x000001f341469318]
Event: 47.518 Thread 0x000001f3547753c0 5234 %     4       org.apache.maven.repository.internal.ArtifactDescriptorReaderDelegate::populateResult @ 126 (426 bytes)

GC Heap History (20 events):
Event: 40.428 GC heap before
{Heap before GC invocations=11 (full 0):
 garbage-first heap   total 63488K, used 47337K [0x00000000c2c00000, 0x0000000100000000)
  region size 1024K, 21 young (21504K), 3 survivors (3072K)
 Metaspace       used 17884K, committed 18112K, reserved 1114112K
  class space    used 1991K, committed 2112K, reserved 1048576K
}
Event: 40.440 GC heap after
{Heap after GC invocations=12 (full 0):
 garbage-first heap   total 63488K, used 32768K [0x00000000c2c00000, 0x0000000100000000)
  region size 1024K, 3 young (3072K), 3 survivors (3072K)
 Metaspace       used 17884K, committed 18112K, reserved 1114112K
  class space    used 1991K, committed 2112K, reserved 1048576K
}
Event: 41.793 GC heap before
{Heap before GC invocations=12 (full 0):
 garbage-first heap   total 63488K, used 48128K [0x00000000c2c00000, 0x0000000100000000)
  region size 1024K, 18 young (18432K), 3 survivors (3072K)
 Metaspace       used 17897K, committed 18112K, reserved 1114112K
  class space    used 1991K, committed 2112K, reserved 1048576K
}
Event: 41.806 GC heap after
{Heap after GC invocations=13 (full 0):
 garbage-first heap   total 63488K, used 36816K [0x00000000c2c00000, 0x0000000100000000)
  region size 1024K, 3 young (3072K), 3 survivors (3072K)
 Metaspace       used 17897K, committed 18112K, reserved 1114112K
  class space    used 1991K, committed 2112K, reserved 1048576K
}
Event: 42.511 GC heap before
{Heap before GC invocations=14 (full 0):
 garbage-first heap   total 63488K, used 49104K [0x00000000c2c00000, 0x0000000100000000)
  region size 1024K, 15 young (15360K), 3 survivors (3072K)
 Metaspace       used 17897K, committed 18112K, reserved 1114112K
  class space    used 1991K, committed 2112K, reserved 1048576K
}
Event: 42.522 GC heap after
{Heap after GC invocations=15 (full 0):
 garbage-first heap   total 63488K, used 39271K [0x00000000c2c00000, 0x0000000100000000)
  region size 1024K, 2 young (2048K), 2 survivors (2048K)
 Metaspace       used 17897K, committed 18112K, reserved 1114112K
  class space    used 1991K, committed 2112K, reserved 1048576K
}
Event: 42.534 GC heap before
{Heap before GC invocations=15 (full 0):
 garbage-first heap   total 63488K, used 40295K [0x00000000c2c00000, 0x0000000100000000)
  region size 1024K, 3 young (3072K), 2 survivors (2048K)
 Metaspace       used 17897K, committed 18112K, reserved 1114112K
  class space    used 1991K, committed 2112K, reserved 1048576K
}
Event: 42.538 GC heap after
{Heap after GC invocations=16 (full 0):
 garbage-first heap   total 63488K, used 39317K [0x00000000c2c00000, 0x0000000100000000)
  region size 1024K, 1 young (1024K), 1 survivors (1024K)
 Metaspace       used 17897K, committed 18112K, reserved 1114112K
  class space    used 1991K, committed 2112K, reserved 1048576K
}
Event: 43.427 GC heap before
{Heap before GC invocations=16 (full 0):
 garbage-first heap   total 63488K, used 49557K [0x00000000c2c00000, 0x0000000100000000)
  region size 1024K, 11 young (11264K), 1 survivors (1024K)
 Metaspace       used 17914K, committed 18176K, reserved 1114112K
  class space    used 1992K, committed 2112K, reserved 1048576K
}
Event: 43.431 GC heap after
{Heap after GC invocations=17 (full 0):
 garbage-first heap   total 63488K, used 40705K [0x00000000c2c00000, 0x0000000100000000)
  region size 1024K, 2 young (2048K), 2 survivors (2048K)
 Metaspace       used 17914K, committed 18176K, reserved 1114112K
  class space    used 1992K, committed 2112K, reserved 1048576K
}
Event: 44.887 GC heap before
{Heap before GC invocations=18 (full 0):
 garbage-first heap   total 71680K, used 49921K [0x00000000c2c00000, 0x0000000100000000)
  region size 1024K, 11 young (11264K), 2 survivors (2048K)
 Metaspace       used 17928K, committed 18176K, reserved 1114112K
  class space    used 1992K, committed 2112K, reserved 1048576K
}
Event: 44.896 GC heap after
{Heap after GC invocations=19 (full 0):
 garbage-first heap   total 71680K, used 42590K [0x00000000c2c00000, 0x0000000100000000)
  region size 1024K, 2 young (2048K), 2 survivors (2048K)
 Metaspace       used 17928K, committed 18176K, reserved 1114112K
  class space    used 1992K, committed 2112K, reserved 1048576K
}
Event: 44.938 GC heap before
{Heap before GC invocations=19 (full 0):
 garbage-first heap   total 71680K, used 43614K [0x00000000c2c00000, 0x0000000100000000)
  region size 1024K, 3 young (3072K), 2 survivors (2048K)
 Metaspace       used 17929K, committed 18176K, reserved 1114112K
  class space    used 1992K, committed 2112K, reserved 1048576K
}
Event: 44.943 GC heap after
{Heap after GC invocations=20 (full 0):
 garbage-first heap   total 71680K, used 42942K [0x00000000c2c00000, 0x0000000100000000)
  region size 1024K, 1 young (1024K), 1 survivors (1024K)
 Metaspace       used 17929K, committed 18176K, reserved 1114112K
  class space    used 1992K, committed 2112K, reserved 1048576K
}
Event: 46.090 GC heap before
{Heap before GC invocations=20 (full 0):
 garbage-first heap   total 71680K, used 54206K [0x00000000c2c00000, 0x0000000100000000)
  region size 1024K, 12 young (12288K), 1 survivors (1024K)
 Metaspace       used 18004K, committed 18240K, reserved 1114112K
  class space    used 1992K, committed 2112K, reserved 1048576K
}
Event: 46.097 GC heap after
{Heap after GC invocations=21 (full 0):
 garbage-first heap   total 71680K, used 45289K [0x00000000c2c00000, 0x0000000100000000)
  region size 1024K, 2 young (2048K), 2 survivors (2048K)
 Metaspace       used 18004K, committed 18240K, reserved 1114112K
  class space    used 1992K, committed 2112K, reserved 1048576K
}
Event: 47.468 GC heap before
{Heap before GC invocations=22 (full 0):
 garbage-first heap   total 86016K, used 55529K [0x00000000c2c00000, 0x0000000100000000)
  region size 1024K, 12 young (12288K), 2 survivors (2048K)
 Metaspace       used 18009K, committed 18240K, reserved 1114112K
  class space    used 1992K, committed 2112K, reserved 1048576K
}
Event: 47.481 GC heap after
{Heap after GC invocations=23 (full 0):
 garbage-first heap   total 86016K, used 47323K [0x00000000c2c00000, 0x0000000100000000)
  region size 1024K, 2 young (2048K), 2 survivors (2048K)
 Metaspace       used 18009K, committed 18240K, reserved 1114112K
  class space    used 1992K, committed 2112K, reserved 1048576K
}
Event: 47.487 GC heap before
{Heap before GC invocations=23 (full 0):
 garbage-first heap   total 86016K, used 49371K [0x00000000c2c00000, 0x0000000100000000)
  region size 1024K, 4 young (4096K), 2 survivors (2048K)
 Metaspace       used 18009K, committed 18240K, reserved 1114112K
  class space    used 1992K, committed 2112K, reserved 1048576K
}
Event: 47.500 GC heap after
{Heap after GC invocations=24 (full 0):
 garbage-first heap   total 172032K, used 47937K [0x00000000c2c00000, 0x0000000100000000)
  region size 1024K, 1 young (1024K), 1 survivors (1024K)
 Metaspace       used 18009K, committed 18240K, reserved 1114112K
  class space    used 1992K, committed 2112K, reserved 1048576K
}

Deoptimization events (20 events):
Event: 44.553 Thread 0x000001f339adbe90 DEOPT PACKING pc=0x000001f348edb6fc sp=0x0000003a084fb320
Event: 44.553 Thread 0x000001f339adbe90 DEOPT UNPACKING pc=0x000001f34891239d sp=0x0000003a084fb2f0 mode 2
Event: 44.555 Thread 0x000001f339adbe90 Uncommon trap: trap_request=0xffffffbe fr.pc=0x000001f348f0997c relative=0x00000000000022bc
Event: 44.555 Thread 0x000001f339adbe90 Uncommon trap: reason=profile_predicate action=maybe_recompile pc=0x000001f348f0997c method=org.apache.maven.model.management.DefaultDependencyManagementInjector$ManagementModelMerger.mergeManagedDependencies(Lorg/apache/maven/model/Model;)V @ 95 c2
Event: 44.555 Thread 0x000001f339adbe90 DEOPT PACKING pc=0x000001f348f0997c sp=0x0000003a084fb790
Event: 44.555 Thread 0x000001f339adbe90 DEOPT UNPACKING pc=0x000001f34891239d sp=0x0000003a084fb788 mode 2
Event: 44.673 Thread 0x000001f339adbe90 DEOPT PACKING pc=0x000001f3413e8a76 sp=0x0000003a084fb6c0
Event: 44.673 Thread 0x000001f339adbe90 DEOPT UNPACKING pc=0x000001f348912b24 sp=0x0000003a084fac38 mode 0
Event: 44.699 Thread 0x000001f339adbe90 Uncommon trap: trap_request=0xffffffbe fr.pc=0x000001f34909a89c relative=0x0000000000000bbc
Event: 44.699 Thread 0x000001f339adbe90 Uncommon trap: reason=profile_predicate action=maybe_recompile pc=0x000001f34909a89c method=org.apache.maven.model.management.DefaultDependencyManagementInjector$ManagementModelMerger.mergeManagedDependencies(Lorg/apache/maven/model/Model;)V @ 88 c2
Event: 44.699 Thread 0x000001f339adbe90 DEOPT PACKING pc=0x000001f34909a89c sp=0x0000003a084fc520
Event: 44.699 Thread 0x000001f339adbe90 DEOPT UNPACKING pc=0x000001f34891239d sp=0x0000003a084fc4f0 mode 2
Event: 45.372 Thread 0x000001f339adbe90 DEOPT PACKING pc=0x000001f341bc4d98 sp=0x0000003a084fbde0
Event: 45.372 Thread 0x000001f339adbe90 DEOPT UNPACKING pc=0x000001f348912b24 sp=0x0000003a084fb2f8 mode 0
Event: 46.069 Thread 0x000001f339adbe90 DEOPT PACKING pc=0x000001f341d69c67 sp=0x0000003a084fbc40
Event: 46.069 Thread 0x000001f339adbe90 DEOPT UNPACKING pc=0x000001f348912b24 sp=0x0000003a084fb128 mode 0
Event: 46.069 Thread 0x000001f339adbe90 DEOPT PACKING pc=0x000001f3419940aa sp=0x0000003a084fb990
Event: 46.069 Thread 0x000001f339adbe90 DEOPT UNPACKING pc=0x000001f348912b24 sp=0x0000003a084faf68 mode 0
Event: 46.130 Thread 0x000001f339adbe90 DEOPT PACKING pc=0x000001f341bc4d98 sp=0x0000003a084fbde0
Event: 46.130 Thread 0x000001f339adbe90 DEOPT UNPACKING pc=0x000001f348912b24 sp=0x0000003a084fb2f8 mode 0

Classes unloaded (0 events):
No events

Classes redefined (0 events):
No events

Internal exceptions (20 events):
Event: 3.504 Thread 0x000001f339adbe90 Exception <a 'java/lang/NoSuchMethodError'{0x00000000c64179a0}: 'int java.lang.invoke.DirectMethodHandle$Holder.invokeSpecialIFC(java.lang.Object, java.lang.Object, java.lang.Object, java.lang.Object, java.lang.Object)'> (0x00000000c64179a0) 
thrown [s\open\src\hotspot\share\interpreter\linkResolver.cpp, line 759]
Event: 3.680 Thread 0x000001f339adbe90 Exception <a 'java/lang/NoSuchMethodError'{0x00000000c63b0840}: 'java.lang.Object java.lang.invoke.DirectMethodHandle$Holder.newInvokeSpecial(java.lang.Object, java.lang.Object, java.lang.Object, java.lang.Object, java.lang.Object)'> (0x00000000c63b0840) 
thrown [s\open\src\hotspot\share\interpreter\linkResolver.cpp, line 759]
Event: 3.853 Thread 0x000001f339adbe90 Exception <a 'java/lang/NoSuchMethodError'{0x00000000c62ad108}: 'int java.lang.invoke.DirectMethodHandle$Holder.invokeStaticInit(java.lang.Object, java.lang.Object)'> (0x00000000c62ad108) 
thrown [s\open\src\hotspot\share\interpreter\linkResolver.cpp, line 759]
Event: 3.890 Thread 0x000001f339adbe90 Exception <a 'java/lang/NoClassDefFoundError'{0x00000000c62e40f8}: javax/enterprise/inject/Typed> (0x00000000c62e40f8) 
thrown [s\open\src\hotspot\share\classfile\systemDictionary.cpp, line 245]
Event: 5.315 Thread 0x000001f339adbe90 Exception <a 'java/lang/NoSuchMethodError'{0x00000000c6001b78}: 'java.lang.Object java.lang.invoke.DirectMethodHandle$Holder.invokeStaticInit(java.lang.Object)'> (0x00000000c6001b78) 
thrown [s\open\src\hotspot\share\interpreter\linkResolver.cpp, line 759]
Event: 9.781 Thread 0x000001f339adbe90 Exception <a 'java/lang/NoSuchMethodError'{0x00000000c47f62e8}: 'void java.lang.invoke.DirectMethodHandle$Holder.invokeStaticInit(java.lang.Object, java.lang.Object, java.lang.Object)'> (0x00000000c47f62e8) 
thrown [s\open\src\hotspot\share\interpreter\linkResolver.cpp, line 759]
Event: 9.798 Thread 0x000001f339adbe90 Exception <a 'java/lang/ExceptionInInitializerError'{0x00000000c4621248}> (0x00000000c4621248) 
thrown [s\open\src\hotspot\share\oops\instanceKlass.cpp, line 1216]
Event: 10.061 Thread 0x000001f339adbe90 Implicit null exception at 0x000001f348ecc6af to 0x000001f348ecc7c4
Event: 10.075 Thread 0x000001f339adbe90 Exception <a 'java/lang/NoSuchMethodError'{0x00000000c452cf40}: 'java.lang.Object java.lang.invoke.Invokers$Holder.invokeExact_MT(java.lang.Object, int, java.lang.Object)'> (0x00000000c452cf40) 
thrown [s\open\src\hotspot\share\interpreter\linkResolver.cpp, line 759]
Event: 10.629 Thread 0x000001f339adbe90 Exception <a 'java/lang/NoSuchMethodError'{0x00000000c45b2eb0}: 'void java.lang.invoke.DirectMethodHandle$Holder.invokeStatic(java.lang.Object, java.lang.Object)'> (0x00000000c45b2eb0) 
thrown [s\open\src\hotspot\share\interpreter\linkResolver.cpp, line 759]
Event: 10.636 Thread 0x000001f339adbe90 Exception <a 'java/lang/NoSuchMethodError'{0x00000000c45c25a0}: 'int java.lang.invoke.DirectMethodHandle$Holder.invokeSpecial(java.lang.Object, java.lang.Object, java.lang.Object, java.lang.Object)'> (0x00000000c45c25a0) 
thrown [s\open\src\hotspot\share\interpreter\linkResolver.cpp, line 759]
Event: 11.951 Thread 0x000001f339adbe90 Exception <a 'java/lang/NoClassDefFoundError'{0x00000000c62b5f20}: com/google/inject/servlet/ServletModuleTargetVisitor> (0x00000000c62b5f20) 
thrown [s\open\src\hotspot\share\classfile\systemDictionary.cpp, line 245]
Event: 12.295 Thread 0x000001f339adbe90 Exception <a 'java/lang/NoSuchMethodError'{0x00000000c603f6a8}: 'void java.lang.invoke.DirectMethodHandle$Holder.invokeVirtual(java.lang.Object, java.lang.Object)'> (0x00000000c603f6a8) 
thrown [s\open\src\hotspot\share\interpreter\linkResolver.cpp, line 759]
Event: 12.434 Thread 0x000001f339adbe90 Exception <a 'java/lang/NoSuchMethodError'{0x00000000c60b7bc0}: 'java.lang.Object java.lang.invoke.DirectMethodHandle$Holder.invokeStaticInit(java.lang.Object, int, int, int, int)'> (0x00000000c60b7bc0) 
thrown [s\open\src\hotspot\share\interpreter\linkResolver.cpp, line 759]
Event: 13.195 Thread 0x000001f339adbe90 Implicit null exception at 0x000001f348e7b0f2 to 0x000001f348e7b604
Event: 13.195 Thread 0x000001f339adbe90 Implicit null exception at 0x000001f348e85c72 to 0x000001f348e86198
Event: 34.785 Thread 0x000001f339adbe90 Exception <a 'java/lang/NoSuchMethodError'{0x00000000c5e890d0}: 'java.lang.Object java.lang.invoke.DirectMethodHandle$Holder.invokeSpecial(java.lang.Object, java.lang.Object, long, java.lang.Object, java.lang.Object, java.lang.Object, java.lang.Object, java.lang.Object, java.lang.Object)'> (0x00000000c5e890d0) 
thrown [s\open\src\hotspot\share\interpreter\linkResolver.cpp, line 759]
Event: 34.786 Thread 0x000001f339adbe90 Exception <a 'java/lang/NoSuchMethodError'{0x00000000c5e8dbf8}: 'java.lang.Object java.lang.invoke.DelegatingMethodHandle$Holder.reinvoke_L(java.lang.Object, long, java.lang.Object, java.lang.Object, java.lang.Object, java.lang.Object, java.lang.Object, java.lang.Object)'> (0x00000000c5e8dbf8) 
thrown [s\open\src\hotspot\share\interpreter\linkResolver.cpp, line 759]
Event: 34.795 Thread 0x000001f339adbe90 Exception <a 'java/lang/NoSuchMethodError'{0x00000000c5e9b310}: 'java.lang.Object java.lang.invoke.Invokers$Holder.linkToTargetMethod(java.lang.Object, java.lang.Object, java.lang.Object, java.lang.Object, java.lang.Object, java.lang.Object, java.lang.Object)'> (0x00000000c5e9b310) 
thrown [s\open\src\hotspot\share\interpreter\linkResolver.cpp, line 759]
Event: 39.429 Thread 0x000001f339adbe90 Exception <a 'java/lang/NoSuchMethodError'{0x00000000c6162af0}: 'int java.lang.invoke.DirectMethodHandle$Holder.invokeSpecialIFC(java.lang.Object, java.lang.Object, java.lang.Object, java.lang.Object)'> (0x00000000c6162af0) 
thrown [s\open\src\hotspot\share\interpreter\linkResolver.cpp, line 759]

VM Operations (20 events):
Event: 43.812 Executing VM operation: G1Concurrent
Event: 43.812 Executing VM operation: G1Concurrent done
Event: 44.827 Executing VM operation: Cleanup
Event: 44.881 Executing VM operation: Cleanup done
Event: 44.887 Executing VM operation: G1CollectForAllocation
Event: 44.896 Executing VM operation: G1CollectForAllocation done
Event: 44.937 Executing VM operation: G1CollectForAllocation
Event: 44.943 Executing VM operation: G1CollectForAllocation done
Event: 45.960 Executing VM operation: Cleanup
Event: 45.960 Executing VM operation: Cleanup done
Event: 46.079 Executing VM operation: G1CollectForAllocation
Event: 46.121 Executing VM operation: G1CollectForAllocation done
Event: 46.278 Executing VM operation: G1Concurrent
Event: 46.493 Executing VM operation: G1Concurrent done
Event: 46.609 Executing VM operation: G1Concurrent
Event: 46.609 Executing VM operation: G1Concurrent done
Event: 47.467 Executing VM operation: G1CollectForAllocation
Event: 47.481 Executing VM operation: G1CollectForAllocation done
Event: 47.487 Executing VM operation: G1CollectForAllocation
Event: 47.500 Executing VM operation: G1CollectForAllocation done

Events (20 events):
Event: 37.231 Thread 0x000001f3547e78c0 flushing nmethod 0x000001f341b77790
Event: 37.231 Thread 0x000001f3547e78c0 flushing nmethod 0x000001f341b8cf10
Event: 37.231 Thread 0x000001f3547e78c0 flushing nmethod 0x000001f341b94a10
Event: 37.232 Thread 0x000001f3547e78c0 flushing nmethod 0x000001f341c31c10
Event: 37.232 Thread 0x000001f3547e78c0 flushing nmethod 0x000001f341c5d590
Event: 37.232 Thread 0x000001f3547e78c0 flushing nmethod 0x000001f341c8b710
Event: 37.232 Thread 0x000001f3547e78c0 flushing nmethod 0x000001f341c90390
Event: 37.232 Thread 0x000001f3547e78c0 flushing nmethod 0x000001f341c90a10
Event: 37.232 Thread 0x000001f3547e78c0 flushing nmethod 0x000001f341c92410
Event: 37.232 Thread 0x000001f3547e78c0 flushing nmethod 0x000001f341c97790
Event: 37.232 Thread 0x000001f3547e78c0 flushing nmethod 0x000001f341cd2b10
Event: 37.232 Thread 0x000001f3547e78c0 flushing nmethod 0x000001f341ce5590
Event: 37.232 Thread 0x000001f3547e78c0 flushing nmethod 0x000001f341ce6090
Event: 37.232 Thread 0x000001f3547e78c0 flushing nmethod 0x000001f341ce9a10
Event: 37.232 Thread 0x000001f3547e78c0 flushing nmethod 0x000001f341cef410
Event: 37.232 Thread 0x000001f3547e78c0 flushing nmethod 0x000001f341d09010
Event: 37.233 Thread 0x000001f3547e78c0 flushing nmethod 0x000001f341d5d810
Event: 37.233 Thread 0x000001f3547e78c0 flushing nmethod 0x000001f341d5fa90
Event: 38.278 loading class java/util/LinkedList$LLSpliterator
Event: 38.280 loading class java/util/LinkedList$LLSpliterator done


Dynamic libraries:
0x00007ff6b71a0000 - 0x00007ff6b71b0000 	C:\development\tools\jdk-17.0.12\bin\java.exe
0x00007ffdc1c10000 - 0x00007ffdc1e27000 	C:\WINDOWS\SYSTEM32\ntdll.dll
0x00007ffd8ddf0000 - 0x00007ffd8de0a000 	C:\Program Files\Avast Software\Avast\aswhook.dll
0x00007ffdc0880000 - 0x00007ffdc0944000 	C:\WINDOWS\System32\KERNEL32.DLL
0x00007ffdbf460000 - 0x00007ffdbf81a000 	C:\WINDOWS\System32\KERNELBASE.dll
0x00007ffdbf150000 - 0x00007ffdbf261000 	C:\WINDOWS\System32\ucrtbase.dll
0x00007ffdadd90000 - 0x00007ffdadda9000 	C:\development\tools\jdk-17.0.12\bin\jli.dll
0x00007ffdbff70000 - 0x00007ffdc0022000 	C:\WINDOWS\System32\ADVAPI32.dll
0x00007ffdc1920000 - 0x00007ffdc19c7000 	C:\WINDOWS\System32\msvcrt.dll
0x00007ffdbfec0000 - 0x00007ffdbff67000 	C:\WINDOWS\System32\sechost.dll
0x00007ffdbf270000 - 0x00007ffdbf298000 	C:\WINDOWS\System32\bcrypt.dll
0x00007ffdc17d0000 - 0x00007ffdc18e4000 	C:\WINDOWS\System32\RPCRT4.dll
0x00007ffdbfba0000 - 0x00007ffdbfd4e000 	C:\WINDOWS\System32\USER32.dll
0x00007ffdbf8e0000 - 0x00007ffdbf906000 	C:\WINDOWS\System32\win32u.dll
0x00007ffdbf910000 - 0x00007ffdbf939000 	C:\WINDOWS\System32\GDI32.dll
0x00007ffdbf340000 - 0x00007ffdbf45b000 	C:\WINDOWS\System32\gdi32full.dll
0x00007ffdbf2a0000 - 0x00007ffdbf33a000 	C:\WINDOWS\System32\msvcp_win.dll
0x00007ffda6c50000 - 0x00007ffda6ee2000 	C:\WINDOWS\WinSxS\amd64_microsoft.windows.common-controls_6595b64144ccf1df_6.0.22621.4541_none_2710d1c57384c085\COMCTL32.dll
0x00007ffdb0d40000 - 0x00007ffdb0d4a000 	C:\WINDOWS\SYSTEM32\VERSION.dll
0x00007ffdac520000 - 0x00007ffdac53b000 	C:\development\tools\jdk-17.0.12\bin\VCRUNTIME140.dll
0x00007ffdbf940000 - 0x00007ffdbf971000 	C:\WINDOWS\System32\IMM32.DLL
0x00007ffdb9c10000 - 0x00007ffdb9c1c000 	C:\development\tools\jdk-17.0.12\bin\vcruntime140_1.dll
0x00007ffd8b410000 - 0x00007ffd8b49e000 	C:\development\tools\jdk-17.0.12\bin\msvcp140.dll
0x00007ffd379e0000 - 0x00007ffd385c0000 	C:\development\tools\jdk-17.0.12\bin\server\jvm.dll
0x00007ffdbfe50000 - 0x00007ffdbfe58000 	C:\WINDOWS\System32\PSAPI.DLL
0x00007ffdab8a0000 - 0x00007ffdab8a9000 	C:\WINDOWS\SYSTEM32\WSOCK32.dll
0x00007ffdbfab0000 - 0x00007ffdbfb21000 	C:\WINDOWS\System32\WS2_32.dll
0x00007ffdb8e50000 - 0x00007ffdb8e84000 	C:\WINDOWS\SYSTEM32\WINMM.dll
0x00007ffdbdee0000 - 0x00007ffdbdef8000 	C:\WINDOWS\SYSTEM32\kernel.appcore.dll
0x00007ffdb9bd0000 - 0x00007ffdb9bda000 	C:\development\tools\jdk-17.0.12\bin\jimage.dll
0x00007ffdbc8b0000 - 0x00007ffdbcae2000 	C:\WINDOWS\SYSTEM32\DBGHELP.DLL
0x00007ffdc1340000 - 0x00007ffdc16cf000 	C:\WINDOWS\System32\combase.dll
0x00007ffdc0530000 - 0x00007ffdc0607000 	C:\WINDOWS\System32\OLEAUT32.dll
0x00007ffdb5fa0000 - 0x00007ffdb5fd2000 	C:\WINDOWS\SYSTEM32\dbgcore.DLL
0x00007ffdbf0d0000 - 0x00007ffdbf14b000 	C:\WINDOWS\System32\bcryptPrimitives.dll
0x00007ffda6900000 - 0x00007ffda6925000 	C:\development\tools\jdk-17.0.12\bin\java.dll
0x00007ffd87a70000 - 0x00007ffd87b47000 	C:\development\tools\jdk-17.0.12\bin\jsvml.dll
0x00007ffdc0ac0000 - 0x00007ffdc1338000 	C:\WINDOWS\System32\SHELL32.dll
0x00007ffdbcdd0000 - 0x00007ffdbd6d8000 	C:\WINDOWS\SYSTEM32\windows.storage.dll
0x00007ffdbcc90000 - 0x00007ffdbcdcf000 	C:\WINDOWS\SYSTEM32\wintypes.dll
0x00007ffdbf980000 - 0x00007ffdbfa7a000 	C:\WINDOWS\System32\SHCORE.dll
0x00007ffdbfe60000 - 0x00007ffdbfebe000 	C:\WINDOWS\System32\shlwapi.dll
0x00007ffdbee10000 - 0x00007ffdbee3b000 	C:\WINDOWS\SYSTEM32\profapi.dll
0x00007ffdac4c0000 - 0x00007ffdac4d9000 	C:\development\tools\jdk-17.0.12\bin\net.dll
0x00007ffdb68d0000 - 0x00007ffdb6a06000 	C:\WINDOWS\SYSTEM32\WINHTTP.dll
0x00007ffdbe350000 - 0x00007ffdbe3b9000 	C:\WINDOWS\system32\mswsock.dll
0x00007ffdac460000 - 0x00007ffdac476000 	C:\development\tools\jdk-17.0.12\bin\nio.dll
0x00007ffda7450000 - 0x00007ffda7468000 	C:\development\tools\jdk-17.0.12\bin\zip.dll
0x0000000069ac0000 - 0x0000000069ae4000 	C:\development\servers\maven3\lib\jansi-native\Windows\x86_64\jansi.dll
0x00007ffdaddc0000 - 0x00007ffdaddd0000 	C:\development\tools\jdk-17.0.12\bin\verify.dll

dbghelp: loaded successfully - version: 4.0.5 - missing functions: none
symbol engine: initialized successfully - sym options: 0x614 - pdb path: .;C:\development\tools\jdk-17.0.12\bin;C:\WINDOWS\SYSTEM32;C:\Program Files\Avast Software\Avast;C:\WINDOWS\WinSxS\amd64_microsoft.windows.common-controls_6595b64144ccf1df_6.0.22621.4541_none_2710d1c57384c085;C:\development\tools\jdk-17.0.12\bin\server;C:\development\servers\maven3\lib\jansi-native\Windows\x86_64

VM Arguments:
jvm_args: -Dclassworlds.conf=C:\development\servers\maven3\bin\m2.conf -Dmaven.home=C:\development\servers\maven3 -Dlibrary.jansi.path=C:\development\servers\maven3\lib\jansi-native -Dmaven.multiModuleProjectDirectory=C:\development\git\broker-backend-cp-hiring-quotation 
java_command: org.codehaus.plexus.classworlds.launcher.Launcher clean install
java_class_path (initial): C:\development\servers\maven3\boot\plexus-classworlds-2.7.0.jar
Launcher Type: SUN_STANDARD

[Global flags]
     intx CICompilerCount                          = 2                                         {product} {ergonomic}
     uint ConcGCThreads                            = 1                                         {product} {ergonomic}
     uint G1ConcRefinementThreads                  = 2                                         {product} {ergonomic}
   size_t G1HeapRegionSize                         = 1048576                                   {product} {ergonomic}
    uintx GCDrainStackTargetSize                   = 64                                        {product} {ergonomic}
   size_t InitialHeapSize                          = 65011712                                  {product} {ergonomic}
   size_t MarkStackSize                            = 4194304                                   {product} {ergonomic}
   size_t MaxHeapSize                              = 1027604480                                {product} {ergonomic}
   size_t MaxNewSize                               = 616562688                                 {product} {ergonomic}
   size_t MinHeapDeltaBytes                        = 1048576                                   {product} {ergonomic}
   size_t MinHeapSize                              = 8388608                                   {product} {ergonomic}
    uintx NonNMethodCodeHeapSize                   = 5826188                                {pd product} {ergonomic}
    uintx NonProfiledCodeHeapSize                  = 122916026                              {pd product} {ergonomic}
    uintx ProfiledCodeHeapSize                     = 122916026                              {pd product} {ergonomic}
    uintx ReservedCodeCacheSize                    = 251658240                              {pd product} {ergonomic}
     bool SegmentedCodeCache                       = true                                      {product} {ergonomic}
   size_t SoftMaxHeapSize                          = 1027604480                             {manageable} {ergonomic}
     bool UseCompressedClassPointers               = true                           {product lp64_product} {ergonomic}
     bool UseCompressedOops                        = true                           {product lp64_product} {ergonomic}
     bool UseG1GC                                  = true                                      {product} {ergonomic}
     bool UseLargePagesIndividualAllocation        = false                                  {pd product} {ergonomic}

Logging:
Log output configuration:
 #0: stdout all=warning uptime,level,tags
 #1: stderr all=off uptime,level,tags

Environment Variables:
JAVA_HOME=C:\development\tools\jdk-17.0.12
PATH=C:\Program Files\Common Files\Oracle\Java\javapath;C:\WINDOWS\system32;C:\WINDOWS;C:\WINDOWS\System32\Wbem;C:\WINDOWS\System32\WindowsPowerShell\v1.0\;C:\WINDOWS\System32\OpenSSH\;%JAVA_HOME%\bin;C:\Program Files\Docker\Docker\resources\bin;C:\development\servers\php-8.2.10;C:\development\tools\composer;C:\Program Files\Git\cmd;%MAVEN_HOME%\bin;C:\Users\herys\AppData\Local\Microsoft\WindowsApps;C:\development\tools\IntelliJ IDEA 2023.1.4\bin;;C:\development\servers\maven3\bin;C:\development\tools\IntelliJ IDEA Educational Edition 2022.2.2\bin;;C:\development\tools\jdk-17.0.12\bin;C:\Users\herys\AppData\Roaming\Composer\vendor\bin;C:\Users\herys\AppData\Local\Programs\Microsoft VS Code\bin
USERNAME=herys
OS=Windows_NT
PROCESSOR_IDENTIFIER=Intel64 Family 6 Model 122 Stepping 8, GenuineIntel



---------------  S Y S T E M  ---------------

OS:
 Windows 11 , 64 bit Build 22621 (10.0.22621.4391)
OS uptime: 1 days 5:47 hours
Hyper-V role detected

CPU: total 2 (initial active 2) (2 cores per cpu, 1 threads per core) family 6 model 122 stepping 8 microcode 0x1c, cx8, cmov, fxsr, mmx, 3dnowpref, sse, sse2, sse3, ssse3, sse4.1, sse4.2, popcnt, tsc, tscinvbit, aes, erms, clmul, sha, clflush, clflushopt, hv

Memory: 4k page, system-wide physical 3918M (159M free)
TotalPageFile size 15694M (AvailPageFile size 11M)
current process WorkingSet (physical memory assigned to process): 172M, peak: 172M
current process commit charge ("private bytes"): 310M, peak: 312M

vm_info: Java HotSpot(TM) 64-Bit Server VM (17.0.12+8-LTS-286) for windows-amd64 JRE (17.0.12+8-LTS-286), built on Jun  5 2024 06:46:59 by "mach5one" with MS VC++ 17.6 (VS2022)

END.
