#
# There is insufficient memory for the Java Runtime Environment to continue.
# Native memory allocation (mmap) failed to map 99614720 bytes for G1 virtual space
# Possible reasons:
#   The system is out of physical RAM or swap space
#   The process is running with CompressedOops enabled, and the Java Heap may be blocking the growth of the native heap
# Possible solutions:
#   Reduce memory load on the system
#   Increase physical memory or swap space
#   Check if swap backing store is full
#   Decrease Java heap size (-Xmx/-Xms)
#   Decrease number of Java threads
#   Decrease Java thread stack sizes (-Xss)
#   Set larger code cache with -XX:ReservedCodeCacheSize=
#   JVM is running with Unscaled Compressed Oops mode in which the Java heap is
#     placed in the first 4GB address space. The Java Heap base address is the
#     maximum limit for the native heap growth. Please use -XX:HeapBaseMinAddress
#     to set the Java Heap base and to place the Java Heap above 4GB virtual address.
# This output file may be truncated or incomplete.
#
#  Out of Memory Error (os_windows.cpp:3548), pid=19684, tid=14280
#
# JRE version: Java(TM) SE Runtime Environment (17.0.12+8) (build 17.0.12+8-LTS-286)
# Java VM: Java HotSpot(TM) 64-Bit Server VM (17.0.12+8-LTS-286, mixed mode, sharing, tiered, compressed oops, compressed class ptrs, g1 gc, windows-amd64)
# No core dump will be written. Minidumps are not enabled by default on client versions of Windows
#

---------------  S U M M A R Y ------------

Command Line: -Dclassworlds.conf=C:\development\servers\maven3\bin\m2.conf -Dmaven.home=C:\development\servers\maven3 -Dlibrary.jansi.path=C:\development\servers\maven3\lib\jansi-native -Dmaven.multiModuleProjectDirectory=C:\development\git\broker-backend-cp-hiring-quotation org.codehaus.plexus.classworlds.launcher.Launcher clean install

Host: Intel(R) Celeron(R) N4020 CPU @ 1.10GHz, 2 cores, 3G,  Windows 11 , 64 bit Build 22621 (10.0.22621.4391)
Time: Mon Jan 13 16:38:12 2025 Hora oficial do Brasil elapsed time: 22.208543 seconds (0d 0h 0m 22s)

---------------  T H R E A D  ---------------

Current thread (0x00000284032f7510):  VMThread "VM Thread" [stack: 0x0000009d8a400000,0x0000009d8a500000] [id=14280]

Stack: [0x0000009d8a400000,0x0000009d8a500000]
Native frames: (J=compiled Java code, j=interpreted, Vv=VM code, C=native code)
V  [jvm.dll+0x67a04a]
V  [jvm.dll+0x7da4ed]
V  [jvm.dll+0x7dbe33]
V  [jvm.dll+0x7dc4a3]
V  [jvm.dll+0x24508f]
V  [jvm.dll+0x677089]
V  [jvm.dll+0x66bd32]
V  [jvm.dll+0x301fa6]
V  [jvm.dll+0x309546]
V  [jvm.dll+0x359d2e]
V  [jvm.dll+0x359f5f]
V  [jvm.dll+0x2d9078]
V  [jvm.dll+0x2d74ad]
V  [jvm.dll+0x2d6afc]
V  [jvm.dll+0x31a65b]
V  [jvm.dll+0x7e0d9b]
V  [jvm.dll+0x7e1ad4]
V  [jvm.dll+0x7e1fed]
V  [jvm.dll+0x7e23c4]
V  [jvm.dll+0x7e2490]
V  [jvm.dll+0x78abea]
V  [jvm.dll+0x678f35]
C  [ucrtbase.dll+0x29333]
C  [KERNEL32.DLL+0x1259d]
C  [ntdll.dll+0x5af38]

VM_Operation (0x0000009d89efbff0): G1CollectForAllocation, mode: safepoint, requested by thread 0x0000028403246e20


---------------  P R O C E S S  ---------------

Threads class SMR info:
_java_thread_list=0x000002845f269ce0, length=12, elements={
0x0000028403246e20, 0x00000284032fb110, 0x00000284032fecf0, 0x000002845f123670,
0x000002840330e120, 0x000002840330eae0, 0x000002845f126430, 0x000002845f1291e0,
0x000002845f1948e0, 0x000002845f1a4ed0, 0x000002845f264690, 0x000002845f269d40
}

Java Threads: ( => current thread )
  0x0000028403246e20 JavaThread "main" [_thread_blocked, id=18436, stack(0x0000009d89e00000,0x0000009d89f00000)]
  0x00000284032fb110 JavaThread "Reference Handler" daemon [_thread_blocked, id=19972, stack(0x0000009d8a500000,0x0000009d8a600000)]
  0x00000284032fecf0 JavaThread "Finalizer" daemon [_thread_blocked, id=19844, stack(0x0000009d8a600000,0x0000009d8a700000)]
  0x000002845f123670 JavaThread "Signal Dispatcher" daemon [_thread_blocked, id=16600, stack(0x0000009d8a700000,0x0000009d8a800000)]
  0x000002840330e120 JavaThread "Attach Listener" daemon [_thread_blocked, id=19408, stack(0x0000009d8a800000,0x0000009d8a900000)]
  0x000002840330eae0 JavaThread "Service Thread" daemon [_thread_blocked, id=3056, stack(0x0000009d8a900000,0x0000009d8aa00000)]
  0x000002845f126430 JavaThread "Monitor Deflation Thread" daemon [_thread_blocked, id=20460, stack(0x0000009d8aa00000,0x0000009d8ab00000)]
  0x000002845f1291e0 JavaThread "C2 CompilerThread0" daemon [_thread_blocked, id=19580, stack(0x0000009d8ab00000,0x0000009d8ac00000)]
  0x000002845f1948e0 JavaThread "C1 CompilerThread0" daemon [_thread_blocked, id=20236, stack(0x0000009d8ac00000,0x0000009d8ad00000)]
  0x000002845f1a4ed0 JavaThread "Sweeper thread" daemon [_thread_blocked, id=19584, stack(0x0000009d8ad00000,0x0000009d8ae00000)]
  0x000002845f264690 JavaThread "Notification Thread" daemon [_thread_blocked, id=19588, stack(0x0000009d8ae00000,0x0000009d8af00000)]
  0x000002845f269d40 JavaThread "Common-Cleaner" daemon [_thread_blocked, id=19416, stack(0x0000009d8b000000,0x0000009d8b100000)]

Other Threads:
=>0x00000284032f7510 VMThread "VM Thread" [stack: 0x0000009d8a400000,0x0000009d8a500000] [id=14280]
  0x0000028403304610 WatcherThread [stack: 0x0000009d8af00000,0x0000009d8b000000] [id=13816]
  0x0000028403282900 GCTaskThread "GC Thread#0" [stack: 0x0000009d89f00000,0x0000009d8a000000] [id=15264]
  0x000002845f5ac0d0 GCTaskThread "GC Thread#1" [stack: 0x0000009d8b100000,0x0000009d8b200000] [id=13908]
  0x000002840328c2e0 ConcurrentGCThread "G1 Main Marker" [stack: 0x0000009d8a000000,0x0000009d8a100000] [id=19352]
  0x000002840328e4a0 ConcurrentGCThread "G1 Conc#0" [stack: 0x0000009d8a100000,0x0000009d8a200000] [id=13016]
  0x00000284032c3df0 ConcurrentGCThread "G1 Refine#0" [stack: 0x0000009d8a200000,0x0000009d8a300000] [id=6788]
  0x0000028464459f70 ConcurrentGCThread "G1 Refine#1" [stack: 0x0000009d8b200000,0x0000009d8b300000] [id=19052]
  0x00000284032c4820 ConcurrentGCThread "G1 Service" [stack: 0x0000009d8a300000,0x0000009d8a400000] [id=13652]

Threads with active compile tasks:
C2 CompilerThread0    22291 5369       4       org.eclipse.aether.util.graph.transformer.ConflictResolver$State::push (457 bytes)

VM state: at safepoint (normal execution)

VM Mutex/Monitor currently owned by a thread:  ([mutex/lock_event])
[0x0000028403242a00] Threads_lock - owner thread: 0x00000284032f7510
[0x00000284032439c0] Heap_lock - owner thread: 0x0000028403246e20

Heap address: 0x00000000c2c00000, size: 980 MB, Compressed Oops mode: 32-bit

CDS archive(s) mapped at: [0x000002841e000000-0x000002841ebd0000-0x000002841ebd0000), size 12386304, SharedBaseAddress: 0x000002841e000000, ArchiveRelocationMode: 1.
Compressed class space mapped at: 0x000002841f000000-0x000002845f000000, reserved size: 1073741824
Narrow klass base: 0x000002841e000000, Narrow klass shift: 0, Narrow klass range: 0x100000000

GC Precious Log:
 CPUs: 2 total, 2 available
 Memory: 3918M
 Large Page Support: Disabled
 NUMA Support: Disabled
 Compressed Oops: Enabled (32-bit)
 Heap Region Size: 1M
 Heap Min Capacity: 8M
 Heap Initial Capacity: 62M
 Heap Max Capacity: 980M
 Pre-touch: Disabled
 Parallel Workers: 2
 Concurrent Workers: 1
 Concurrent Refinement Workers: 2
 Periodic GC: Disabled

Heap:
 garbage-first heap   total 97280K, used 61505K [0x00000000c2c00000, 0x0000000100000000)
  region size 1024K, 2 young (2048K), 2 survivors (2048K)
 Metaspace       used 18163K, committed 18432K, reserved 1114112K
  class space    used 1998K, committed 2112K, reserved 1048576K

Heap Regions: E=young(eden), S=young(survivor), O=old, HS=humongous(starts), HC=humongous(continues), CS=collection set, F=free, OA=open archive, CA=closed archive, TAMS=top-at-mark-start (previous, next)
|   0|0x00000000c2c00000, 0x00000000c2d00000, 0x00000000c2d00000|100%| O|  |TAMS 0x00000000c2d00000, 0x00000000c2d00000| Untracked 
|   1|0x00000000c2d00000, 0x00000000c2e00000, 0x00000000c2e00000|100%| O|  |TAMS 0x00000000c2e00000, 0x00000000c2e00000| Untracked 
|   2|0x00000000c2e00000, 0x00000000c2f00000, 0x00000000c2f00000|100%| O|  |TAMS 0x00000000c2f00000, 0x00000000c2f00000| Untracked 
|   3|0x00000000c2f00000, 0x00000000c3000000, 0x00000000c3000000|100%| O|  |TAMS 0x00000000c3000000, 0x00000000c3000000| Untracked 
|   4|0x00000000c3000000, 0x00000000c3100000, 0x00000000c3100000|100%| O|  |TAMS 0x00000000c3100000, 0x00000000c3100000| Untracked 
|   5|0x00000000c3100000, 0x00000000c3200000, 0x00000000c3200000|100%| O|  |TAMS 0x00000000c3200000, 0x00000000c3200000| Untracked 
|   6|0x00000000c3200000, 0x00000000c3300000, 0x00000000c3300000|100%| O|  |TAMS 0x00000000c3300000, 0x00000000c3300000| Untracked 
|   7|0x00000000c3300000, 0x00000000c3400000, 0x00000000c3400000|100%| O|  |TAMS 0x00000000c3400000, 0x00000000c3400000| Untracked 
|   8|0x00000000c3400000, 0x00000000c3500000, 0x00000000c3500000|100%| O|  |TAMS 0x00000000c3500000, 0x00000000c3500000| Untracked 
|   9|0x00000000c3500000, 0x00000000c3600000, 0x00000000c3600000|100%| O|  |TAMS 0x00000000c3600000, 0x00000000c3600000| Untracked 
|  10|0x00000000c3600000, 0x00000000c3700000, 0x00000000c3700000|100%| O|  |TAMS 0x00000000c3700000, 0x00000000c3700000| Untracked 
|  11|0x00000000c3700000, 0x00000000c3800000, 0x00000000c3800000|100%| O|  |TAMS 0x00000000c3800000, 0x00000000c3800000| Untracked 
|  12|0x00000000c3800000, 0x00000000c3900000, 0x00000000c3900000|100%| O|  |TAMS 0x00000000c3900000, 0x00000000c3900000| Untracked 
|  13|0x00000000c3900000, 0x00000000c3a00000, 0x00000000c3a00000|100%| O|  |TAMS 0x00000000c3a00000, 0x00000000c3a00000| Untracked 
|  14|0x00000000c3a00000, 0x00000000c3b00000, 0x00000000c3b00000|100%| O|  |TAMS 0x00000000c3b00000, 0x00000000c3b00000| Untracked 
|  15|0x00000000c3b00000, 0x00000000c3c00000, 0x00000000c3c00000|100%| O|  |TAMS 0x00000000c3c00000, 0x00000000c3c00000| Untracked 
|  16|0x00000000c3c00000, 0x00000000c3d00000, 0x00000000c3d00000|100%| O|  |TAMS 0x00000000c3d00000, 0x00000000c3d00000| Untracked 
|  17|0x00000000c3d00000, 0x00000000c3e00000, 0x00000000c3e00000|100%| O|  |TAMS 0x00000000c3e00000, 0x00000000c3e00000| Untracked 
|  18|0x00000000c3e00000, 0x00000000c3f00000, 0x00000000c3f00000|100%| O|  |TAMS 0x00000000c3f00000, 0x00000000c3f00000| Untracked 
|  19|0x00000000c3f00000, 0x00000000c4000000, 0x00000000c4000000|100%| O|  |TAMS 0x00000000c4000000, 0x00000000c4000000| Untracked 
|  20|0x00000000c4000000, 0x00000000c4100000, 0x00000000c4100000|100%| O|  |TAMS 0x00000000c4100000, 0x00000000c4100000| Untracked 
|  21|0x00000000c4100000, 0x00000000c4200000, 0x00000000c4200000|100%| O|  |TAMS 0x00000000c4200000, 0x00000000c4200000| Untracked 
|  22|0x00000000c4200000, 0x00000000c4300000, 0x00000000c4300000|100%| O|  |TAMS 0x00000000c4300000, 0x00000000c4300000| Untracked 
|  23|0x00000000c4300000, 0x00000000c4400000, 0x00000000c4400000|100%| O|  |TAMS 0x00000000c4400000, 0x00000000c4400000| Untracked 
|  24|0x00000000c4400000, 0x00000000c4500000, 0x00000000c4500000|100%| O|  |TAMS 0x00000000c4500000, 0x00000000c4500000| Untracked 
|  25|0x00000000c4500000, 0x00000000c4600000, 0x00000000c4600000|100%| O|  |TAMS 0x00000000c4600000, 0x00000000c4600000| Untracked 
|  26|0x00000000c4600000, 0x00000000c4700000, 0x00000000c4700000|100%| O|  |TAMS 0x00000000c4700000, 0x00000000c4700000| Untracked 
|  27|0x00000000c4700000, 0x00000000c4800000, 0x00000000c4800000|100%| O|  |TAMS 0x00000000c4800000, 0x00000000c4800000| Untracked 
|  28|0x00000000c4800000, 0x00000000c4900000, 0x00000000c4900000|100%| O|  |TAMS 0x00000000c4900000, 0x00000000c4900000| Untracked 
|  29|0x00000000c4900000, 0x00000000c4a00000, 0x00000000c4a00000|100%| O|  |TAMS 0x00000000c4900000, 0x00000000c4a00000| Untracked 
|  30|0x00000000c4a00000, 0x00000000c4b00000, 0x00000000c4b00000|100%| O|  |TAMS 0x00000000c4b00000, 0x00000000c4b00000| Untracked 
|  31|0x00000000c4b00000, 0x00000000c4c00000, 0x00000000c4c00000|100%| O|  |TAMS 0x00000000c4c00000, 0x00000000c4c00000| Untracked 
|  32|0x00000000c4c00000, 0x00000000c4d00000, 0x00000000c4d00000|100%| O|  |TAMS 0x00000000c4d00000, 0x00000000c4d00000| Untracked 
|  33|0x00000000c4d00000, 0x00000000c4e00000, 0x00000000c4e00000|100%| O|  |TAMS 0x00000000c4e00000, 0x00000000c4e00000| Untracked 
|  34|0x00000000c4e00000, 0x00000000c4f00000, 0x00000000c4f00000|100%| O|  |TAMS 0x00000000c4f00000, 0x00000000c4f00000| Untracked 
|  35|0x00000000c4f00000, 0x00000000c5000000, 0x00000000c5000000|100%| O|  |TAMS 0x00000000c5000000, 0x00000000c5000000| Untracked 
|  36|0x00000000c5000000, 0x00000000c5100000, 0x00000000c5100000|100%| O|  |TAMS 0x00000000c5100000, 0x00000000c5100000| Untracked 
|  37|0x00000000c5100000, 0x00000000c5200000, 0x00000000c5200000|100%| O|  |TAMS 0x00000000c5200000, 0x00000000c5200000| Untracked 
|  38|0x00000000c5200000, 0x00000000c5300000, 0x00000000c5300000|100%| O|  |TAMS 0x00000000c5300000, 0x00000000c5300000| Untracked 
|  39|0x00000000c5300000, 0x00000000c5400000, 0x00000000c5400000|100%| O|  |TAMS 0x00000000c5400000, 0x00000000c5400000| Untracked 
|  40|0x00000000c5400000, 0x00000000c5500000, 0x00000000c5500000|100%| O|  |TAMS 0x00000000c5500000, 0x00000000c5500000| Untracked 
|  41|0x00000000c5500000, 0x00000000c5600000, 0x00000000c5600000|100%| O|  |TAMS 0x00000000c5600000, 0x00000000c5600000| Untracked 
|  42|0x00000000c5600000, 0x00000000c5700000, 0x00000000c5700000|100%| O|  |TAMS 0x00000000c5700000, 0x00000000c5700000| Untracked 
|  43|0x00000000c5700000, 0x00000000c5800000, 0x00000000c5800000|100%| O|  |TAMS 0x00000000c5800000, 0x00000000c5800000| Untracked 
|  44|0x00000000c5800000, 0x00000000c5900000, 0x00000000c5900000|100%| O|  |TAMS 0x00000000c5900000, 0x00000000c5900000| Untracked 
|  45|0x00000000c5900000, 0x00000000c5a00000, 0x00000000c5a00000|100%| O|  |TAMS 0x00000000c5a00000, 0x00000000c5a00000| Untracked 
|  46|0x00000000c5a00000, 0x00000000c5b00000, 0x00000000c5b00000|100%| O|  |TAMS 0x00000000c5b00000, 0x00000000c5b00000| Untracked 
|  47|0x00000000c5b00000, 0x00000000c5c00000, 0x00000000c5c00000|100%| O|  |TAMS 0x00000000c5c00000, 0x00000000c5c00000| Untracked 
|  48|0x00000000c5c00000, 0x00000000c5d00000, 0x00000000c5d00000|100%| O|  |TAMS 0x00000000c5d00000, 0x00000000c5d00000| Untracked 
|  49|0x00000000c5d00000, 0x00000000c5e00000, 0x00000000c5e00000|100%| O|  |TAMS 0x00000000c5e00000, 0x00000000c5e00000| Untracked 
|  50|0x00000000c5e00000, 0x00000000c5f00000, 0x00000000c5f00000|100%| O|  |TAMS 0x00000000c5f00000, 0x00000000c5f00000| Untracked 
|  51|0x00000000c5f00000, 0x00000000c6000000, 0x00000000c6000000|100%| O|  |TAMS 0x00000000c6000000, 0x00000000c6000000| Untracked 
|  52|0x00000000c6000000, 0x00000000c6000000, 0x00000000c6100000|  0%| F|  |TAMS 0x00000000c6000000, 0x00000000c6000000| Untracked 
|  53|0x00000000c6100000, 0x00000000c6200000, 0x00000000c6200000|100%| O|  |TAMS 0x00000000c6100000, 0x00000000c6200000| Untracked 
|  54|0x00000000c6200000, 0x00000000c6300000, 0x00000000c6300000|100%| O|  |TAMS 0x00000000c6200000, 0x00000000c6300000| Untracked 
|  55|0x00000000c6300000, 0x00000000c6400000, 0x00000000c6400000|100%| O|  |TAMS 0x00000000c6300000, 0x00000000c6400000| Untracked 
|  56|0x00000000c6400000, 0x00000000c6500000, 0x00000000c6500000|100%| O|  |TAMS 0x00000000c6400000, 0x00000000c6500000| Untracked 
|  57|0x00000000c6500000, 0x00000000c6600000, 0x00000000c6600000|100%| O|  |TAMS 0x00000000c6500000, 0x00000000c6600000| Untracked 
|  58|0x00000000c6600000, 0x00000000c6700000, 0x00000000c6700000|100%| O|  |TAMS 0x00000000c6600000, 0x00000000c6700000| Untracked 
|  59|0x00000000c6700000, 0x00000000c6741400, 0x00000000c6800000| 25%| O|  |TAMS 0x00000000c6700000, 0x00000000c6741400| Untracked 
|  60|0x00000000c6800000, 0x00000000c6800000, 0x00000000c6900000|  0%| F|  |TAMS 0x00000000c6800000, 0x00000000c6800000| Untracked 
|  61|0x00000000c6900000, 0x00000000c6900000, 0x00000000c6a00000|  0%| F|  |TAMS 0x00000000c6900000, 0x00000000c6900000| Untracked 
|  62|0x00000000c6a00000, 0x00000000c6a00000, 0x00000000c6b00000|  0%| F|  |TAMS 0x00000000c6a00000, 0x00000000c6a00000| Untracked 
|  63|0x00000000c6b00000, 0x00000000c6b00000, 0x00000000c6c00000|  0%| F|  |TAMS 0x00000000c6b00000, 0x00000000c6b00000| Untracked 
|  64|0x00000000c6c00000, 0x00000000c6c00000, 0x00000000c6d00000|  0%| F|  |TAMS 0x00000000c6c00000, 0x00000000c6c00000| Untracked 
|  65|0x00000000c6d00000, 0x00000000c6d00000, 0x00000000c6e00000|  0%| F|  |TAMS 0x00000000c6d00000, 0x00000000c6d00000| Untracked 
|  66|0x00000000c6e00000, 0x00000000c6e00000, 0x00000000c6f00000|  0%| F|  |TAMS 0x00000000c6e00000, 0x00000000c6e00000| Untracked 
|  67|0x00000000c6f00000, 0x00000000c6f00000, 0x00000000c7000000|  0%| F|  |TAMS 0x00000000c6f00000, 0x00000000c6f00000| Untracked 
|  68|0x00000000c7000000, 0x00000000c7000000, 0x00000000c7100000|  0%| F|  |TAMS 0x00000000c7000000, 0x00000000c7000000| Untracked 
|  69|0x00000000c7100000, 0x00000000c7100000, 0x00000000c7200000|  0%| F|  |TAMS 0x00000000c7100000, 0x00000000c7100000| Untracked 
|  70|0x00000000c7200000, 0x00000000c7200000, 0x00000000c7300000|  0%| F|  |TAMS 0x00000000c7200000, 0x00000000c7200000| Untracked 
|  71|0x00000000c7300000, 0x00000000c7300000, 0x00000000c7400000|  0%| F|  |TAMS 0x00000000c7300000, 0x00000000c7300000| Untracked 
|  72|0x00000000c7400000, 0x00000000c7400000, 0x00000000c7500000|  0%| F|  |TAMS 0x00000000c7400000, 0x00000000c7400000| Untracked 
|  73|0x00000000c7500000, 0x00000000c7500000, 0x00000000c7600000|  0%| F|  |TAMS 0x00000000c7500000, 0x00000000c7500000| Untracked 
|  74|0x00000000c7600000, 0x00000000c7600000, 0x00000000c7700000|  0%| F|  |TAMS 0x00000000c7600000, 0x00000000c7600000| Untracked 
|  75|0x00000000c7700000, 0x00000000c7700000, 0x00000000c7800000|  0%| F|  |TAMS 0x00000000c7700000, 0x00000000c7700000| Untracked 
|  76|0x00000000c7800000, 0x00000000c7800000, 0x00000000c7900000|  0%| F|  |TAMS 0x00000000c7800000, 0x00000000c7800000| Untracked 
|  77|0x00000000c7900000, 0x00000000c7900000, 0x00000000c7a00000|  0%| F|  |TAMS 0x00000000c7900000, 0x00000000c7900000| Untracked 
|  78|0x00000000c7a00000, 0x00000000c7acf3f0, 0x00000000c7b00000| 80%| S|CS|TAMS 0x00000000c7a00000, 0x00000000c7a00000| Complete 
|  79|0x00000000c7b00000, 0x00000000c7c00000, 0x00000000c7c00000|100%| S|CS|TAMS 0x00000000c7b00000, 0x00000000c7b00000| Complete 
|  80|0x00000000c7c00000, 0x00000000c7c00000, 0x00000000c7d00000|  0%| F|  |TAMS 0x00000000c7c00000, 0x00000000c7c00000| Untracked 
|  81|0x00000000c7d00000, 0x00000000c7d00000, 0x00000000c7e00000|  0%| F|  |TAMS 0x00000000c7d00000, 0x00000000c7d00000| Untracked 
|  82|0x00000000c7e00000, 0x00000000c7e00000, 0x00000000c7f00000|  0%| F|  |TAMS 0x00000000c7e00000, 0x00000000c7e00000| Untracked 
|  83|0x00000000c7f00000, 0x00000000c7f00000, 0x00000000c8000000|  0%| F|  |TAMS 0x00000000c7f00000, 0x00000000c7f00000| Untracked 
|  84|0x00000000c8000000, 0x00000000c8000000, 0x00000000c8100000|  0%| F|  |TAMS 0x00000000c8000000, 0x00000000c8000000| Untracked 
|  85|0x00000000c8100000, 0x00000000c8100000, 0x00000000c8200000|  0%| F|  |TAMS 0x00000000c8100000, 0x00000000c8100000| Untracked 
|  86|0x00000000c8200000, 0x00000000c8200000, 0x00000000c8300000|  0%| F|  |TAMS 0x00000000c8200000, 0x00000000c8200000| Untracked 
|  87|0x00000000c8300000, 0x00000000c8300000, 0x00000000c8400000|  0%| F|  |TAMS 0x00000000c8300000, 0x00000000c8300000| Untracked 
|  88|0x00000000c8400000, 0x00000000c8400000, 0x00000000c8500000|  0%| F|  |TAMS 0x00000000c8400000, 0x00000000c8400000| Untracked 
|  89|0x00000000c8500000, 0x00000000c8500000, 0x00000000c8600000|  0%| F|  |TAMS 0x00000000c8500000, 0x00000000c8500000| Untracked 
|  90|0x00000000c8600000, 0x00000000c8600000, 0x00000000c8700000|  0%| F|  |TAMS 0x00000000c8600000, 0x00000000c8600000| Untracked 
|  91|0x00000000c8700000, 0x00000000c8700000, 0x00000000c8800000|  0%| F|  |TAMS 0x00000000c8700000, 0x00000000c8700000| Untracked 
|  92|0x00000000c8800000, 0x00000000c8800000, 0x00000000c8900000|  0%| F|  |TAMS 0x00000000c8800000, 0x00000000c8800000| Untracked 
|  93|0x00000000c8900000, 0x00000000c8900000, 0x00000000c8a00000|  0%| F|  |TAMS 0x00000000c8900000, 0x00000000c8900000| Untracked 
|  94|0x00000000c8a00000, 0x00000000c8a00000, 0x00000000c8b00000|  0%| F|  |TAMS 0x00000000c8a00000, 0x00000000c8a00000| Untracked 

Card table byte_map: [0x0000028403000000,0x00000284031f0000] _byte_map_base: 0x00000284029ea000

Marking Bits (Prev, Next): (CMBitMap*) 0x0000028403282f60, (CMBitMap*) 0x0000028403282f20
 Prev Bits: [0x000002841ac40000, 0x000002841bb90000)
 Next Bits: [0x0000028419cf0000, 0x000002841ac40000)

Polling page: 0x0000028401210000

Metaspace:

Usage:
  Non-class:     15.79 MB used.
      Class:      1.95 MB used.
       Both:     17.74 MB used.

Virtual space:
  Non-class space:       64.00 MB reserved,      15.94 MB ( 25%) committed,  1 nodes.
      Class space:        1.00 GB reserved,       2.06 MB ( <1%) committed,  1 nodes.
             Both:        1.06 GB reserved,      18.00 MB (  2%) committed. 

Chunk freelists:
   Non-Class:  15.92 MB
       Class:  13.79 MB
        Both:  29.71 MB

MaxMetaspaceSize: unlimited
CompressedClassSpaceSize: 1.00 GB
Initial GC threshold: 21.00 MB
Current GC threshold: 29.69 MB
CDS: on
MetaspaceReclaimPolicy: balanced
 - commit_granule_bytes: 65536.
 - commit_granule_words: 8192.
 - virtual_space_node_default_size: 8388608.
 - enlarge_chunks_in_place: 1.
 - new_chunks_are_fully_committed: 0.
 - uncommit_free_chunks: 1.
 - use_allocation_guard: 0.
 - handle_deallocations: 1.


Internal statistics:

num_allocs_failed_limit: 0.
num_arena_births: 160.
num_arena_deaths: 0.
num_vsnodes_births: 2.
num_vsnodes_deaths: 0.
num_space_committed: 288.
num_space_uncommitted: 0.
num_chunks_returned_to_freelist: 0.
num_chunks_taken_from_freelist: 812.
num_chunk_merges: 0.
num_chunk_splits: 544.
num_chunks_enlarged: 422.
num_inconsistent_stats: 0.

CodeHeap 'non-profiled nmethods': size=120064Kb used=2718Kb max_used=2718Kb free=117346Kb
 bounds [0x00000284125c0000, 0x00000284128a0000, 0x0000028419b00000]
CodeHeap 'profiled nmethods': size=120000Kb used=9931Kb max_used=11538Kb free=110068Kb
 bounds [0x000002840ab00000, 0x000002840b650000, 0x0000028412030000]
CodeHeap 'non-nmethods': size=5696Kb used=1183Kb max_used=1250Kb free=4512Kb
 bounds [0x0000028412030000, 0x00000284122a0000, 0x00000284125c0000]
 total_blobs=5087 nmethods=4611 adapters=389
 compilation: enabled
              stopped_count=0, restarted_count=0
 full_count=0

Compilation events (20 events):
Event: 21.204 Thread 0x000002845f1948e0 5420       2       org.apache.maven.artifact.DefaultArtifact::selectVersionFromNewRangeIfAvailable (45 bytes)
Event: 21.205 Thread 0x000002845f1948e0 nmethod 5420 0x000002840ad2f810 code [0x000002840ad2f9e0, 0x000002840ad2fcd8]
Event: 21.205 Thread 0x000002845f1948e0 5421       2       org.apache.maven.artifact.DefaultArtifact::validateIdentity (144 bytes)
Event: 21.205 Thread 0x000002845f1948e0 nmethod 5421 0x000002840ac72e90 code [0x000002840ac730a0, 0x000002840ac73608]
Event: 21.207 Thread 0x000002845f1948e0 5422       2       java.lang.StringLatin1::lastIndexOf (40 bytes)
Event: 21.207 Thread 0x000002845f1948e0 nmethod 5422 0x000002840ad37f90 code [0x000002840ad38140, 0x000002840ad38358]
Event: 21.207 Thread 0x000002845f1948e0 5423       2       org.apache.maven.RepositoryUtils::newHandler (92 bytes)
Event: 21.208 Thread 0x000002845f1948e0 nmethod 5423 0x000002840add6390 code [0x000002840add65a0, 0x000002840add69b8]
Event: 21.208 Thread 0x000002845f1948e0 5424       2       org.apache.maven.artifact.DefaultArtifact::<init> (20 bytes)
Event: 21.208 Thread 0x000002845f1948e0 nmethod 5424 0x000002840aea2390 code [0x000002840aea2540, 0x000002840aea26d8]
Event: 21.208 Thread 0x000002845f1948e0 5425       2       org.apache.maven.artifact.DefaultArtifact::hashCode (88 bytes)
Event: 21.209 Thread 0x000002845f1948e0 nmethod 5425 0x000002840af15790 code [0x000002840af15960, 0x000002840af15ba8]
Event: 22.036 Thread 0x000002845f1291e0 nmethod 5340 0x000002841288b310 code [0x000002841288ba20, 0x0000028412898d20]
Event: 22.038 Thread 0x000002845f1291e0 5369       4       org.eclipse.aether.util.graph.transformer.ConflictResolver$State::push (457 bytes)
Event: 22.124 Thread 0x000002845f1948e0 5427       2       sun.invoke.util.VerifyAccess::isTypeVisible (47 bytes)
Event: 22.124 Thread 0x000002845f1948e0 nmethod 5427 0x000002840b17e810 code [0x000002840b17e9e0, 0x000002840b17ec58]
Event: 22.158 Thread 0x000002845f1948e0 5428       2       org.apache.maven.model.io.xpp3.MavenXpp3Reader::parsePluginManagement (206 bytes)
Event: 22.160 Thread 0x000002845f1948e0 nmethod 5428 0x000002840afedd10 code [0x000002840afedfc0, 0x000002840afeea98]
Event: 22.165 Thread 0x000002845f1948e0 5429       1       org.apache.maven.model.ReportSet::setReports (6 bytes)
Event: 22.165 Thread 0x000002845f1948e0 nmethod 5429 0x0000028412668f10 code [0x00000284126690a0, 0x00000284126691b8]

GC Heap History (20 events):
Event: 16.172 GC heap after
{Heap after GC invocations=11 (full 0):
 garbage-first heap   total 76800K, used 34526K [0x00000000c2c00000, 0x0000000100000000)
  region size 1024K, 4 young (4096K), 4 survivors (4096K)
 Metaspace       used 17974K, committed 18240K, reserved 1114112K
  class space    used 1993K, committed 2112K, reserved 1048576K
}
Event: 16.530 GC heap before
{Heap before GC invocations=11 (full 0):
 garbage-first heap   total 76800K, used 56030K [0x00000000c2c00000, 0x0000000100000000)
  region size 1024K, 25 young (25600K), 4 survivors (4096K)
 Metaspace       used 17978K, committed 18240K, reserved 1114112K
  class space    used 1993K, committed 2112K, reserved 1048576K
}
Event: 16.544 GC heap after
{Heap after GC invocations=12 (full 0):
 garbage-first heap   total 76800K, used 38778K [0x00000000c2c00000, 0x0000000100000000)
  region size 1024K, 4 young (4096K), 4 survivors (4096K)
 Metaspace       used 17978K, committed 18240K, reserved 1114112K
  class space    used 1993K, committed 2112K, reserved 1048576K
}
Event: 16.947 GC heap before
{Heap before GC invocations=12 (full 0):
 garbage-first heap   total 76800K, used 57210K [0x00000000c2c00000, 0x0000000100000000)
  region size 1024K, 22 young (22528K), 4 survivors (4096K)
 Metaspace       used 18009K, committed 18240K, reserved 1114112K
  class space    used 1994K, committed 2112K, reserved 1048576K
}
Event: 16.961 GC heap after
{Heap after GC invocations=13 (full 0):
 garbage-first heap   total 76800K, used 41984K [0x00000000c2c00000, 0x0000000100000000)
  region size 1024K, 3 young (3072K), 3 survivors (3072K)
 Metaspace       used 18009K, committed 18240K, reserved 1114112K
  class space    used 1994K, committed 2112K, reserved 1048576K
}
Event: 17.764 GC heap before
{Heap before GC invocations=14 (full 0):
 garbage-first heap   total 76800K, used 58368K [0x00000000c2c00000, 0x0000000100000000)
  region size 1024K, 19 young (19456K), 3 survivors (3072K)
 Metaspace       used 18038K, committed 18304K, reserved 1114112K
  class space    used 1994K, committed 2112K, reserved 1048576K
}
Event: 17.776 GC heap after
{Heap after GC invocations=15 (full 0):
 garbage-first heap   total 76800K, used 45446K [0x00000000c2c00000, 0x0000000100000000)
  region size 1024K, 3 young (3072K), 3 survivors (3072K)
 Metaspace       used 18038K, committed 18304K, reserved 1114112K
  class space    used 1994K, committed 2112K, reserved 1048576K
}
Event: 18.024 GC heap before
{Heap before GC invocations=15 (full 0):
 garbage-first heap   total 76800K, used 58758K [0x00000000c2c00000, 0x0000000100000000)
  region size 1024K, 16 young (16384K), 3 survivors (3072K)
 Metaspace       used 18069K, committed 18304K, reserved 1114112K
  class space    used 1994K, committed 2112K, reserved 1048576K
}
Event: 18.034 GC heap after
{Heap after GC invocations=16 (full 0):
 garbage-first heap   total 92160K, used 48482K [0x00000000c2c00000, 0x0000000100000000)
  region size 1024K, 2 young (2048K), 2 survivors (2048K)
 Metaspace       used 18069K, committed 18304K, reserved 1114112K
  class space    used 1994K, committed 2112K, reserved 1048576K
}
Event: 18.709 GC heap before
{Heap before GC invocations=17 (full 0):
 garbage-first heap   total 92160K, used 68962K [0x00000000c2c00000, 0x0000000100000000)
  region size 1024K, 22 young (22528K), 2 survivors (2048K)
 Metaspace       used 18085K, committed 18304K, reserved 1114112K
  class space    used 1994K, committed 2112K, reserved 1048576K
}
Event: 18.722 GC heap after
{Heap after GC invocations=18 (full 0):
 garbage-first heap   total 92160K, used 53248K [0x00000000c2c00000, 0x0000000100000000)
  region size 1024K, 3 young (3072K), 3 survivors (3072K)
 Metaspace       used 18085K, committed 18304K, reserved 1114112K
  class space    used 1994K, committed 2112K, reserved 1048576K
}
Event: 18.848 GC heap before
{Heap before GC invocations=18 (full 0):
 garbage-first heap   total 92160K, used 54272K [0x00000000c2c00000, 0x0000000100000000)
  region size 1024K, 4 young (4096K), 3 survivors (3072K)
 Metaspace       used 18085K, committed 18304K, reserved 1114112K
  class space    used 1994K, committed 2112K, reserved 1048576K
}
Event: 18.857 GC heap after
{Heap after GC invocations=19 (full 0):
 garbage-first heap   total 92160K, used 53508K [0x00000000c2c00000, 0x0000000100000000)
  region size 1024K, 1 young (1024K), 1 survivors (1024K)
 Metaspace       used 18085K, committed 18304K, reserved 1114112K
  class space    used 1994K, committed 2112K, reserved 1048576K
}
Event: 19.307 GC heap before
{Heap before GC invocations=19 (full 0):
 garbage-first heap   total 92160K, used 69892K [0x00000000c2c00000, 0x0000000100000000)
  region size 1024K, 17 young (17408K), 1 survivors (1024K)
 Metaspace       used 18091K, committed 18368K, reserved 1114112K
  class space    used 1994K, committed 2112K, reserved 1048576K
}
Event: 19.316 GC heap after
{Heap after GC invocations=20 (full 0):
 garbage-first heap   total 92160K, used 57325K [0x00000000c2c00000, 0x0000000100000000)
  region size 1024K, 3 young (3072K), 3 survivors (3072K)
 Metaspace       used 18091K, committed 18368K, reserved 1114112K
  class space    used 1994K, committed 2112K, reserved 1048576K
}
Event: 20.221 GC heap before
{Heap before GC invocations=21 (full 0):
 garbage-first heap   total 97280K, used 71661K [0x00000000c2c00000, 0x0000000100000000)
  region size 1024K, 17 young (17408K), 3 survivors (3072K)
 Metaspace       used 18097K, committed 18368K, reserved 1114112K
  class space    used 1994K, committed 2112K, reserved 1048576K
}
Event: 20.232 GC heap after
{Heap after GC invocations=22 (full 0):
 garbage-first heap   total 97280K, used 60358K [0x00000000c2c00000, 0x0000000100000000)
  region size 1024K, 3 young (3072K), 3 survivors (3072K)
 Metaspace       used 18097K, committed 18368K, reserved 1114112K
  class space    used 1994K, committed 2112K, reserved 1048576K
}
Event: 20.243 GC heap before
{Heap before GC invocations=22 (full 0):
 garbage-first heap   total 97280K, used 61382K [0x00000000c2c00000, 0x0000000100000000)
  region size 1024K, 4 young (4096K), 3 survivors (3072K)
 Metaspace       used 18097K, committed 18368K, reserved 1114112K
  class space    used 1994K, committed 2112K, reserved 1048576K
}
Event: 20.249 GC heap after
{Heap after GC invocations=23 (full 0):
 garbage-first heap   total 97280K, used 60220K [0x00000000c2c00000, 0x0000000100000000)
  region size 1024K, 1 young (1024K), 1 survivors (1024K)
 Metaspace       used 18097K, committed 18368K, reserved 1114112K
  class space    used 1994K, committed 2112K, reserved 1048576K
}
Event: 22.172 GC heap before
{Heap before GC invocations=23 (full 0):
 garbage-first heap   total 97280K, used 74556K [0x00000000c2c00000, 0x0000000100000000)
  region size 1024K, 15 young (15360K), 1 survivors (1024K)
 Metaspace       used 18163K, committed 18432K, reserved 1114112K
  class space    used 1998K, committed 2112K, reserved 1048576K
}

Deoptimization events (20 events):
Event: 20.425 Thread 0x0000028403246e20 Uncommon trap: trap_request=0xffffff45 fr.pc=0x000002841272c8d0 relative=0x0000000000000230
Event: 20.425 Thread 0x0000028403246e20 Uncommon trap: reason=unstable_if action=reinterpret pc=0x000002841272c8d0 method=java.util.HashMap.hash(Ljava/lang/Object;)I @ 1 c2
Event: 20.425 Thread 0x0000028403246e20 DEOPT PACKING pc=0x000002841272c8d0 sp=0x0000009d89efd8a0
Event: 20.425 Thread 0x0000028403246e20 DEOPT UNPACKING pc=0x000002841208239d sp=0x0000009d89efd7a8 mode 2
Event: 21.193 Thread 0x0000028403246e20 Uncommon trap: trap_request=0xffffffde fr.pc=0x00000284126c33b4 relative=0x0000000000001554
Event: 21.193 Thread 0x0000028403246e20 Uncommon trap: reason=class_check action=maybe_recompile pc=0x00000284126c33b4 method=org.eclipse.aether.artifact.AbstractArtifact.equals(Ljava/lang/Object;)Z @ 42 c2
Event: 21.193 Thread 0x0000028403246e20 DEOPT PACKING pc=0x00000284126c33b4 sp=0x0000009d89efdb90
Event: 21.193 Thread 0x0000028403246e20 DEOPT UNPACKING pc=0x000002841208239d sp=0x0000009d89efdae8 mode 2
Event: 21.193 Thread 0x0000028403246e20 Uncommon trap: trap_request=0xffffffde fr.pc=0x0000028412783af0 relative=0x00000000000003d0
Event: 21.193 Thread 0x0000028403246e20 Uncommon trap: reason=class_check action=maybe_recompile pc=0x0000028412783af0 method=org.eclipse.aether.graph.Dependency.<init>(Lorg/eclipse/aether/artifact/Artifact;Ljava/lang/String;Ljava/util/Set;Ljava/lang/Boolean;)V @ 11 c2
Event: 21.193 Thread 0x0000028403246e20 DEOPT PACKING pc=0x0000028412783af0 sp=0x0000009d89efdaf0
Event: 21.193 Thread 0x0000028403246e20 DEOPT UNPACKING pc=0x000002841208239d sp=0x0000009d89efdac8 mode 2
Event: 21.204 Thread 0x0000028403246e20 Uncommon trap: trap_request=0xffffff6e fr.pc=0x00000284125d9d60 relative=0x0000000000000160
Event: 21.204 Thread 0x0000028403246e20 Uncommon trap: reason=loop_limit_check action=maybe_recompile pc=0x00000284125d9d60 method=java.lang.StringLatin1.lastIndexOf([BII)I @ 19 c2
Event: 21.204 Thread 0x0000028403246e20 DEOPT PACKING pc=0x00000284125d9d60 sp=0x0000009d89efd5f0
Event: 21.204 Thread 0x0000028403246e20 DEOPT UNPACKING pc=0x000002841208239d sp=0x0000009d89efd570 mode 2
Event: 22.125 Thread 0x0000028403246e20 Uncommon trap: trap_request=0xffffff45 fr.pc=0x00000284127848fc relative=0x0000000000000a7c
Event: 22.125 Thread 0x0000028403246e20 Uncommon trap: reason=unstable_if action=reinterpret pc=0x00000284127848fc method=org.eclipse.aether.graph.Dependency$Exclusions.copy(Ljava/util/Collection;)Ljava/util/Set; @ 1 c2
Event: 22.125 Thread 0x0000028403246e20 DEOPT PACKING pc=0x00000284127848fc sp=0x0000009d89efd6d0
Event: 22.125 Thread 0x0000028403246e20 DEOPT UNPACKING pc=0x000002841208239d sp=0x0000009d89efd678 mode 2

Classes unloaded (0 events):
No events

Classes redefined (0 events):
No events

Internal exceptions (20 events):
Event: 5.101 Thread 0x0000028403246e20 Exception <a 'java/lang/ExceptionInInitializerError'{0x00000000c4621ed8}> (0x00000000c4621ed8) 
thrown [s\open\src\hotspot\share\oops\instanceKlass.cpp, line 1216]
Event: 5.325 Thread 0x0000028403246e20 Implicit null exception at 0x0000028412658b2f to 0x0000028412658c44
Event: 5.336 Thread 0x0000028403246e20 Exception <a 'java/lang/NoSuchMethodError'{0x00000000c452d320}: 'java.lang.Object java.lang.invoke.Invokers$Holder.invokeExact_MT(java.lang.Object, int, java.lang.Object)'> (0x00000000c452d320) 
thrown [s\open\src\hotspot\share\interpreter\linkResolver.cpp, line 759]
Event: 5.403 Thread 0x0000028403246e20 Exception <a 'java/lang/NoSuchMethodError'{0x00000000c45b3820}: 'void java.lang.invoke.DirectMethodHandle$Holder.invokeStatic(java.lang.Object, java.lang.Object)'> (0x00000000c45b3820) 
thrown [s\open\src\hotspot\share\interpreter\linkResolver.cpp, line 759]
Event: 5.409 Thread 0x0000028403246e20 Exception <a 'java/lang/NoSuchMethodError'{0x00000000c45c2f10}: 'int java.lang.invoke.DirectMethodHandle$Holder.invokeSpecial(java.lang.Object, java.lang.Object, java.lang.Object, java.lang.Object)'> (0x00000000c45c2f10) 
thrown [s\open\src\hotspot\share\interpreter\linkResolver.cpp, line 759]
Event: 5.956 Thread 0x0000028403246e20 Exception <a 'java/lang/NoClassDefFoundError'{0x00000000c62b6da0}: com/google/inject/servlet/ServletModuleTargetVisitor> (0x00000000c62b6da0) 
thrown [s\open\src\hotspot\share\classfile\systemDictionary.cpp, line 245]
Event: 6.078 Thread 0x0000028403246e20 Exception <a 'java/lang/NoSuchMethodError'{0x00000000c60402b0}: 'void java.lang.invoke.DirectMethodHandle$Holder.invokeVirtual(java.lang.Object, java.lang.Object)'> (0x00000000c60402b0) 
thrown [s\open\src\hotspot\share\interpreter\linkResolver.cpp, line 759]
Event: 6.164 Thread 0x0000028403246e20 Exception <a 'java/lang/NoSuchMethodError'{0x00000000c60b9298}: 'java.lang.Object java.lang.invoke.DirectMethodHandle$Holder.invokeStaticInit(java.lang.Object, int, int, int, int)'> (0x00000000c60b9298) 
thrown [s\open\src\hotspot\share\interpreter\linkResolver.cpp, line 759]
Event: 6.585 Thread 0x0000028403246e20 Implicit null exception at 0x00000284125ea572 to 0x00000284125eaa84
Event: 6.585 Thread 0x0000028403246e20 Implicit null exception at 0x00000284125eba72 to 0x00000284125ebf98
Event: 14.594 Thread 0x0000028403246e20 Exception <a 'java/lang/NoSuchMethodError'{0x00000000c60d4670}: 'java.lang.Object java.lang.invoke.DirectMethodHandle$Holder.invokeSpecial(java.lang.Object, java.lang.Object, long, java.lang.Object, java.lang.Object, java.lang.Object, java.lang.Object, java.lang.Object, java.lang.Object)'> (0x00000000c60d4670) 
thrown [s\open\src\hotspot\share\interpreter\linkResolver.cpp, line 759]
Event: 14.595 Thread 0x0000028403246e20 Exception <a 'java/lang/NoSuchMethodError'{0x00000000c60d9198}: 'java.lang.Object java.lang.invoke.DelegatingMethodHandle$Holder.reinvoke_L(java.lang.Object, long, java.lang.Object, java.lang.Object, java.lang.Object, java.lang.Object, java.lang.Object, java.lang.Object)'> (0x00000000c60d9198) 
thrown [s\open\src\hotspot\share\interpreter\linkResolver.cpp, line 759]
Event: 14.617 Thread 0x0000028403246e20 Exception <a 'java/lang/NoSuchMethodError'{0x00000000c60e68b0}: 'java.lang.Object java.lang.invoke.Invokers$Holder.linkToTargetMethod(java.lang.Object, java.lang.Object, java.lang.Object, java.lang.Object, java.lang.Object, java.lang.Object, java.lang.Object)'> (0x00000000c60e68b0) 
thrown [s\open\src\hotspot\share\interpreter\linkResolver.cpp, line 759]
Event: 15.924 Thread 0x0000028403246e20 Exception <a 'java/lang/NoSuchMethodError'{0x00000000c6cce2a8}: 'int java.lang.invoke.DirectMethodHandle$Holder.invokeSpecialIFC(java.lang.Object, java.lang.Object, java.lang.Object, java.lang.Object)'> (0x00000000c6cce2a8) 
thrown [s\open\src\hotspot\share\interpreter\linkResolver.cpp, line 759]
Event: 20.424 Thread 0x0000028403246e20 Implicit null exception at 0x00000284127dc916 to 0x00000284127e08a4
Event: 20.424 Thread 0x0000028403246e20 Implicit null exception at 0x00000284127e7aac to 0x00000284127e7af4
Event: 20.424 Thread 0x0000028403246e20 Implicit null exception at 0x00000284126c4171 to 0x00000284126c4348
Event: 20.425 Thread 0x0000028403246e20 Implicit null exception at 0x000002841272c6ec to 0x000002841272c8b8
Event: 22.122 Thread 0x0000028403246e20 Exception <a 'java/lang/NoSuchMethodError'{0x00000000c7ef3198}: 'java.lang.Object java.lang.invoke.DirectMethodHandle$Holder.newInvokeSpecial(java.lang.Object, java.lang.Object, java.lang.Object, java.lang.Object, java.lang.Object, java.lang.Object, java.lang.Object)'> (0x00000000c7ef3198) 
thrown [s\open\src\hotspot\share\interpreter\linkResolver.cpp, line 759]
Event: 22.125 Thread 0x0000028403246e20 Implicit null exception at 0x0000028412783ec3 to 0x00000284127848d8

VM Operations (20 events):
Event: 18.501 Executing VM operation: HandshakeAllThreads done
Event: 18.502 Executing VM operation: HandshakeAllThreads
Event: 18.502 Executing VM operation: HandshakeAllThreads done
Event: 18.709 Executing VM operation: G1CollectForAllocation
Event: 18.722 Executing VM operation: G1CollectForAllocation done
Event: 18.848 Executing VM operation: G1CollectForAllocation
Event: 18.857 Executing VM operation: G1CollectForAllocation done
Event: 19.307 Executing VM operation: G1CollectForAllocation
Event: 19.316 Executing VM operation: G1CollectForAllocation done
Event: 19.519 Executing VM operation: G1Concurrent
Event: 19.748 Executing VM operation: G1Concurrent done
Event: 19.819 Executing VM operation: G1Concurrent
Event: 19.820 Executing VM operation: G1Concurrent done
Event: 20.221 Executing VM operation: G1CollectForAllocation
Event: 20.232 Executing VM operation: G1CollectForAllocation done
Event: 20.243 Executing VM operation: G1CollectForAllocation
Event: 20.249 Executing VM operation: G1CollectForAllocation done
Event: 21.254 Executing VM operation: Cleanup
Event: 21.254 Executing VM operation: Cleanup done
Event: 22.172 Executing VM operation: G1CollectForAllocation

Events (20 events):
Event: 17.710 Thread 0x000002845f1a4ed0 flushing nmethod 0x000002840b4ab090
Event: 17.710 Thread 0x000002845f1a4ed0 flushing nmethod 0x000002840b4ab510
Event: 17.710 Thread 0x000002845f1a4ed0 flushing nmethod 0x000002840b4ac710
Event: 17.710 Thread 0x000002845f1a4ed0 flushing nmethod 0x000002840b4ace10
Event: 17.710 Thread 0x000002845f1a4ed0 flushing nmethod 0x000002840b4afe90
Event: 17.710 Thread 0x000002845f1a4ed0 flushing nmethod 0x000002840b4b3090
Event: 17.710 Thread 0x000002845f1a4ed0 flushing nmethod 0x000002840b4b5c90
Event: 17.710 Thread 0x000002845f1a4ed0 flushing nmethod 0x000002840b4bcd10
Event: 17.710 Thread 0x000002845f1a4ed0 flushing nmethod 0x000002840b4bf090
Event: 17.710 Thread 0x000002845f1a4ed0 flushing nmethod 0x000002840b4dba90
Event: 17.711 Thread 0x000002845f1a4ed0 flushing nmethod 0x000002840b52d290
Event: 17.711 Thread 0x000002845f1a4ed0 flushing nmethod 0x000002840b52db10
Event: 17.711 Thread 0x000002845f1a4ed0 flushing nmethod 0x000002840b56a590
Event: 17.711 Thread 0x000002845f1a4ed0 flushing nmethod 0x000002840b570c10
Event: 17.711 Thread 0x000002845f1a4ed0 flushing nmethod 0x000002840b589010
Event: 17.711 Thread 0x000002845f1a4ed0 flushing nmethod 0x000002840b5c2410
Event: 17.711 Thread 0x000002845f1a4ed0 flushing nmethod 0x000002840b5cb610
Event: 17.711 Thread 0x000002845f1a4ed0 flushing nmethod 0x000002840b5ccf90
Event: 17.711 Thread 0x000002845f1a4ed0 flushing nmethod 0x000002840b5cf990
Event: 17.711 Thread 0x000002845f1a4ed0 flushing nmethod 0x000002840b5dc310


Dynamic libraries:
0x00007ff6d5a20000 - 0x00007ff6d5a30000 	C:\development\tools\jdk-17.0.12\bin\java.exe
0x00007ffdc1c10000 - 0x00007ffdc1e27000 	C:\WINDOWS\SYSTEM32\ntdll.dll
0x00007ffd8ddf0000 - 0x00007ffd8de0a000 	C:\Program Files\Avast Software\Avast\aswhook.dll
0x00007ffdc0880000 - 0x00007ffdc0944000 	C:\WINDOWS\System32\KERNEL32.DLL
0x00007ffdbf460000 - 0x00007ffdbf81a000 	C:\WINDOWS\System32\KERNELBASE.dll
0x00007ffdbf150000 - 0x00007ffdbf261000 	C:\WINDOWS\System32\ucrtbase.dll
0x00007ffdac4c0000 - 0x00007ffdac4d9000 	C:\development\tools\jdk-17.0.12\bin\jli.dll
0x00007ffdbff70000 - 0x00007ffdc0022000 	C:\WINDOWS\System32\ADVAPI32.dll
0x00007ffdc1920000 - 0x00007ffdc19c7000 	C:\WINDOWS\System32\msvcrt.dll
0x00007ffdac460000 - 0x00007ffdac47b000 	C:\development\tools\jdk-17.0.12\bin\VCRUNTIME140.dll
0x00007ffdbfec0000 - 0x00007ffdbff67000 	C:\WINDOWS\System32\sechost.dll
0x00007ffdbf270000 - 0x00007ffdbf298000 	C:\WINDOWS\System32\bcrypt.dll
0x00007ffdc17d0000 - 0x00007ffdc18e4000 	C:\WINDOWS\System32\RPCRT4.dll
0x00007ffdbfba0000 - 0x00007ffdbfd4e000 	C:\WINDOWS\System32\USER32.dll
0x00007ffdbf8e0000 - 0x00007ffdbf906000 	C:\WINDOWS\System32\win32u.dll
0x00007ffdbf910000 - 0x00007ffdbf939000 	C:\WINDOWS\System32\GDI32.dll
0x00007ffdbf340000 - 0x00007ffdbf45b000 	C:\WINDOWS\System32\gdi32full.dll
0x00007ffdbf2a0000 - 0x00007ffdbf33a000 	C:\WINDOWS\System32\msvcp_win.dll
0x00007ffda6c50000 - 0x00007ffda6ee2000 	C:\WINDOWS\WinSxS\amd64_microsoft.windows.common-controls_6595b64144ccf1df_6.0.22621.4541_none_2710d1c57384c085\COMCTL32.dll
0x00007ffdb0d40000 - 0x00007ffdb0d4a000 	C:\WINDOWS\SYSTEM32\VERSION.dll
0x00007ffdbf940000 - 0x00007ffdbf971000 	C:\WINDOWS\System32\IMM32.DLL
0x00007ffdaddc0000 - 0x00007ffdaddcc000 	C:\development\tools\jdk-17.0.12\bin\vcruntime140_1.dll
0x00007ffd79650000 - 0x00007ffd796de000 	C:\development\tools\jdk-17.0.12\bin\msvcp140.dll
0x00007ffd379e0000 - 0x00007ffd385c0000 	C:\development\tools\jdk-17.0.12\bin\server\jvm.dll
0x00007ffdbfe50000 - 0x00007ffdbfe58000 	C:\WINDOWS\System32\PSAPI.DLL
0x00007ffdab8a0000 - 0x00007ffdab8a9000 	C:\WINDOWS\SYSTEM32\WSOCK32.dll
0x00007ffdbfab0000 - 0x00007ffdbfb21000 	C:\WINDOWS\System32\WS2_32.dll
0x00007ffdb8e50000 - 0x00007ffdb8e84000 	C:\WINDOWS\SYSTEM32\WINMM.dll
0x00007ffdbdee0000 - 0x00007ffdbdef8000 	C:\WINDOWS\SYSTEM32\kernel.appcore.dll
0x00007ffdadd80000 - 0x00007ffdadd8a000 	C:\development\tools\jdk-17.0.12\bin\jimage.dll
0x00007ffdbc8b0000 - 0x00007ffdbcae2000 	C:\WINDOWS\SYSTEM32\DBGHELP.DLL
0x00007ffdc1340000 - 0x00007ffdc16cf000 	C:\WINDOWS\System32\combase.dll
0x00007ffdc0530000 - 0x00007ffdc0607000 	C:\WINDOWS\System32\OLEAUT32.dll
0x00007ffdb5fa0000 - 0x00007ffdb5fd2000 	C:\WINDOWS\SYSTEM32\dbgcore.DLL
0x00007ffdbf0d0000 - 0x00007ffdbf14b000 	C:\WINDOWS\System32\bcryptPrimitives.dll
0x00007ffda3130000 - 0x00007ffda3155000 	C:\development\tools\jdk-17.0.12\bin\java.dll
0x00007ffd78650000 - 0x00007ffd78727000 	C:\development\tools\jdk-17.0.12\bin\jsvml.dll
0x00007ffdc0ac0000 - 0x00007ffdc1338000 	C:\WINDOWS\System32\SHELL32.dll
0x00007ffdbcdd0000 - 0x00007ffdbd6d8000 	C:\WINDOWS\SYSTEM32\windows.storage.dll
0x00007ffdbcc90000 - 0x00007ffdbcdcf000 	C:\WINDOWS\SYSTEM32\wintypes.dll
0x00007ffdbf980000 - 0x00007ffdbfa7a000 	C:\WINDOWS\System32\SHCORE.dll
0x00007ffdbfe60000 - 0x00007ffdbfebe000 	C:\WINDOWS\System32\shlwapi.dll
0x00007ffdbee10000 - 0x00007ffdbee3b000 	C:\WINDOWS\SYSTEM32\profapi.dll
0x00007ffda7450000 - 0x00007ffda7469000 	C:\development\tools\jdk-17.0.12\bin\net.dll
0x00007ffdb68d0000 - 0x00007ffdb6a06000 	C:\WINDOWS\SYSTEM32\WINHTTP.dll
0x00007ffdbe350000 - 0x00007ffdbe3b9000 	C:\WINDOWS\system32\mswsock.dll
0x00007ffda7420000 - 0x00007ffda7436000 	C:\development\tools\jdk-17.0.12\bin\nio.dll
0x00007ffda68d0000 - 0x00007ffda68e8000 	C:\development\tools\jdk-17.0.12\bin\zip.dll
0x0000000069ac0000 - 0x0000000069ae4000 	C:\development\servers\maven3\lib\jansi-native\Windows\x86_64\jansi.dll
0x00007ffda7500000 - 0x00007ffda7510000 	C:\development\tools\jdk-17.0.12\bin\verify.dll

dbghelp: loaded successfully - version: 4.0.5 - missing functions: none
symbol engine: initialized successfully - sym options: 0x614 - pdb path: .;C:\development\tools\jdk-17.0.12\bin;C:\WINDOWS\SYSTEM32;C:\Program Files\Avast Software\Avast;C:\WINDOWS\WinSxS\amd64_microsoft.windows.common-controls_6595b64144ccf1df_6.0.22621.4541_none_2710d1c57384c085;C:\development\tools\jdk-17.0.12\bin\server;C:\development\servers\maven3\lib\jansi-native\Windows\x86_64

VM Arguments:
jvm_args: -Dclassworlds.conf=C:\development\servers\maven3\bin\m2.conf -Dmaven.home=C:\development\servers\maven3 -Dlibrary.jansi.path=C:\development\servers\maven3\lib\jansi-native -Dmaven.multiModuleProjectDirectory=C:\development\git\broker-backend-cp-hiring-quotation 
java_command: org.codehaus.plexus.classworlds.launcher.Launcher clean install
java_class_path (initial): C:\development\servers\maven3\boot\plexus-classworlds-2.7.0.jar
Launcher Type: SUN_STANDARD

[Global flags]
     intx CICompilerCount                          = 2                                         {product} {ergonomic}
     uint ConcGCThreads                            = 1                                         {product} {ergonomic}
     uint G1ConcRefinementThreads                  = 2                                         {product} {ergonomic}
   size_t G1HeapRegionSize                         = 1048576                                   {product} {ergonomic}
    uintx GCDrainStackTargetSize                   = 64                                        {product} {ergonomic}
   size_t InitialHeapSize                          = 65011712                                  {product} {ergonomic}
   size_t MarkStackSize                            = 4194304                                   {product} {ergonomic}
   size_t MaxHeapSize                              = 1027604480                                {product} {ergonomic}
   size_t MaxNewSize                               = 616562688                                 {product} {ergonomic}
   size_t MinHeapDeltaBytes                        = 1048576                                   {product} {ergonomic}
   size_t MinHeapSize                              = 8388608                                   {product} {ergonomic}
    uintx NonNMethodCodeHeapSize                   = 5826188                                {pd product} {ergonomic}
    uintx NonProfiledCodeHeapSize                  = 122916026                              {pd product} {ergonomic}
    uintx ProfiledCodeHeapSize                     = 122916026                              {pd product} {ergonomic}
    uintx ReservedCodeCacheSize                    = 251658240                              {pd product} {ergonomic}
     bool SegmentedCodeCache                       = true                                      {product} {ergonomic}
   size_t SoftMaxHeapSize                          = 1027604480                             {manageable} {ergonomic}
     bool UseCompressedClassPointers               = true                           {product lp64_product} {ergonomic}
     bool UseCompressedOops                        = true                           {product lp64_product} {ergonomic}
     bool UseG1GC                                  = true                                      {product} {ergonomic}
     bool UseLargePagesIndividualAllocation        = false                                  {pd product} {ergonomic}

Logging:
Log output configuration:
 #0: stdout all=warning uptime,level,tags
 #1: stderr all=off uptime,level,tags

Environment Variables:
JAVA_HOME=C:\development\tools\jdk-17.0.12
PATH=C:\Program Files\Common Files\Oracle\Java\javapath;C:\WINDOWS\system32;C:\WINDOWS;C:\WINDOWS\System32\Wbem;C:\WINDOWS\System32\WindowsPowerShell\v1.0\;C:\WINDOWS\System32\OpenSSH\;%JAVA_HOME%\bin;C:\Program Files\Docker\Docker\resources\bin;C:\development\servers\php-8.2.10;C:\development\tools\composer;C:\Program Files\Git\cmd;%MAVEN_HOME%\bin;C:\Users\herys\AppData\Local\Microsoft\WindowsApps;C:\development\tools\IntelliJ IDEA 2023.1.4\bin;;C:\development\servers\maven3\bin;C:\development\tools\IntelliJ IDEA Educational Edition 2022.2.2\bin;;C:\development\tools\jdk-17.0.12\bin;C:\Users\herys\AppData\Roaming\Composer\vendor\bin;C:\Users\herys\AppData\Local\Programs\Microsoft VS Code\bin
USERNAME=herys
OS=Windows_NT
PROCESSOR_IDENTIFIER=Intel64 Family 6 Model 122 Stepping 8, GenuineIntel



---------------  S Y S T E M  ---------------

OS:
 Windows 11 , 64 bit Build 22621 (10.0.22621.4391)
OS uptime: 1 days 5:53 hours
Hyper-V role detected

CPU: total 2 (initial active 2) (2 cores per cpu, 1 threads per core) family 6 model 122 stepping 8 microcode 0x1c, cx8, cmov, fxsr, mmx, 3dnowpref, sse, sse2, sse3, ssse3, sse4.1, sse4.2, popcnt, tsc, tscinvbit, aes, erms, clmul, sha, clflush, clflushopt, hv

Memory: 4k page, system-wide physical 3918M (260M free)
TotalPageFile size 15694M (AvailPageFile size 76M)
current process WorkingSet (physical memory assigned to process): 208M, peak: 212M
current process commit charge ("private bytes"): 235M, peak: 329M

vm_info: Java HotSpot(TM) 64-Bit Server VM (17.0.12+8-LTS-286) for windows-amd64 JRE (17.0.12+8-LTS-286), built on Jun  5 2024 06:46:59 by "mach5one" with MS VC++ 17.6 (VS2022)

END.
