#
# There is insufficient memory for the Java Runtime Environment to continue.
# Native memory allocation (mmap) failed to map 65011712 bytes for G1 virtual space
# Possible reasons:
#   The system is out of physical RAM or swap space
#   The process is running with CompressedOops enabled, and the Java Heap may be blocking the growth of the native heap
# Possible solutions:
#   Reduce memory load on the system
#   Increase physical memory or swap space
#   Check if swap backing store is full
#   Decrease Java heap size (-Xmx/-Xms)
#   Decrease number of Java threads
#   Decrease Java thread stack sizes (-Xss)
#   Set larger code cache with -XX:ReservedCodeCacheSize=
#   JVM is running with Unscaled Compressed Oops mode in which the Java heap is
#     placed in the first 4GB address space. The Java Heap base address is the
#     maximum limit for the native heap growth. Please use -XX:HeapBaseMinAddress
#     to set the Java Heap base and to place the Java Heap above 4GB virtual address.
# This output file may be truncated or incomplete.
#
#  Out of Memory Error (os_windows.cpp:3548), pid=21556, tid=14380
#
# JRE version:  (17.0.12+8) (build )
# Java VM: Java HotSpot(TM) 64-Bit Server VM (17.0.12+8-LTS-286, mixed mode, sharing, tiered, compressed oops, compressed class ptrs, g1 gc, windows-amd64)
# No core dump will be written. Minidumps are not enabled by default on client versions of Windows
#

---------------  S U M M A R Y ------------

Command Line: -Dmaven.multiModuleProjectDirectory=C:\development\git\broker-backend-cp-hiring-quotation -Dmaven.home=C:\development\servers\maven3 -Dclassworlds.conf=C:\development\servers\maven3\bin\m2.conf -javaagent:C:\development\tools\IntelliJ IDEA Educational Edition 2022.2.2\lib\idea_rt.jar=51855:C:\development\tools\IntelliJ IDEA Educational Edition 2022.2.2\bin -Dfile.encoding=UTF-8 org.codehaus.classworlds.Launcher -Didea.version=2022.2.2 -Dmaven.repo.local=C:\Users\herys\.m2\repository -Ddebug=51854 clean compile quarkus:dev

Host: Intel(R) Celeron(R) N4020 CPU @ 1.10GHz, 2 cores, 3G,  Windows 11 , 64 bit Build 22621 (10.0.22621.4391)
Time: Tue Jan 14 08:58:36 2025 Hora oficial do Brasil elapsed time: 0.148287 seconds (0d 0h 0m 0s)

---------------  T H R E A D  ---------------

Current thread (0x0000022c78bb7820):  JavaThread "Unknown thread" [_thread_in_vm, id=14380, stack(0x000000550a200000,0x000000550a300000)]

Stack: [0x000000550a200000,0x000000550a300000]
Native frames: (J=compiled Java code, j=interpreted, Vv=VM code, C=native code)
V  [jvm.dll+0x67a04a]
V  [jvm.dll+0x7da4ed]
V  [jvm.dll+0x7dbe33]
V  [jvm.dll+0x7dc4a3]
V  [jvm.dll+0x24508f]
V  [jvm.dll+0x677089]
V  [jvm.dll+0x66bd32]
V  [jvm.dll+0x301fa6]
V  [jvm.dll+0x309546]
V  [jvm.dll+0x359d2e]
V  [jvm.dll+0x359f5f]
V  [jvm.dll+0x2d9078]
V  [jvm.dll+0x2d9fe4]
V  [jvm.dll+0x7aca21]
V  [jvm.dll+0x367591]
V  [jvm.dll+0x78b999]
V  [jvm.dll+0x3ec83f]
V  [jvm.dll+0x3ee471]
C  [jli.dll+0x5297]
C  [ucrtbase.dll+0x29333]
C  [KERNEL32.DLL+0x1259d]
C  [ntdll.dll+0x5af38]


---------------  P R O C E S S  ---------------

Threads class SMR info:
_java_thread_list=0x00007ffb03bf7a18, length=0, elements={
}

Java Threads: ( => current thread )

Other Threads:
  0x0000022c78bf1e10 GCTaskThread "GC Thread#0" [stack: 0x000000550a300000,0x000000550a400000] [id=14016]
  0x0000022c78bfa7e0 ConcurrentGCThread "G1 Main Marker" [stack: 0x000000550a400000,0x000000550a500000] [id=19644]
  0x0000022c78bfc2d0 ConcurrentGCThread "G1 Conc#0" [stack: 0x000000550a500000,0x000000550a600000] [id=17208]

[error occurred during error reporting (printing all threads), id 0xc0000005, EXCEPTION_ACCESS_VIOLATION (0xc0000005) at pc=0x00007ffb03429b67]

VM state: not at safepoint (not fully initialized)

VM Mutex/Monitor currently owned by a thread:  ([mutex/lock_event])
[0x0000022c78bb4810] Heap_lock - owner thread: 0x0000022c78bb7820

Heap address: 0x00000000c2c00000, size: 980 MB, Compressed Oops mode: 32-bit

CDS archive(s) mapped at: [0x0000000000000000-0x0000000000000000-0x0000000000000000), size 0, SharedBaseAddress: 0x0000000800000000, ArchiveRelocationMode: 1.
Narrow klass base: 0x0000000000000000, Narrow klass shift: 0, Narrow klass range: 0x0

GC Precious Log:
<Empty>

Heap:
 garbage-first heap   total 0K, used 0K [0x00000000c2c00000, 0x0000000100000000)
  region size 1024K, 0 young (0K), 0 survivors (0K)

[error occurred during error reporting (printing heap information), id 0xc0000005, EXCEPTION_ACCESS_VIOLATION (0xc0000005) at pc=0x00007ffb03813859]

GC Heap History (0 events):
No events

Deoptimization events (0 events):
No events

Classes unloaded (0 events):
No events

Classes redefined (0 events):
No events

Internal exceptions (0 events):
No events

VM Operations (0 events):
No events

Events (1 events):
Event: 0.094 Loaded shared library C:\development\tools\jdk-17.0.12\bin\java.dll


Dynamic libraries:
0x00007ff713450000 - 0x00007ff713460000 	C:\development\tools\jdk-17.0.12\bin\java.exe
0x00007ffb7e030000 - 0x00007ffb7e247000 	C:\WINDOWS\SYSTEM32\ntdll.dll
0x00007ffb54c90000 - 0x00007ffb54caa000 	C:\Program Files\Avast Software\Avast\aswhook.dll
0x00007ffb7c960000 - 0x00007ffb7ca24000 	C:\WINDOWS\System32\KERNEL32.DLL
0x00007ffb7b800000 - 0x00007ffb7bbba000 	C:\WINDOWS\System32\KERNELBASE.dll
0x00007ffb7b540000 - 0x00007ffb7b651000 	C:\WINDOWS\System32\ucrtbase.dll
0x00007ffb688f0000 - 0x00007ffb68909000 	C:\development\tools\jdk-17.0.12\bin\jli.dll
0x00007ffb7dee0000 - 0x00007ffb7df92000 	C:\WINDOWS\System32\ADVAPI32.dll
0x00007ffb7ca30000 - 0x00007ffb7cad7000 	C:\WINDOWS\System32\msvcrt.dll
0x00007ffb7d7f0000 - 0x00007ffb7d897000 	C:\WINDOWS\System32\sechost.dll
0x00007ffb7b300000 - 0x00007ffb7b328000 	C:\WINDOWS\System32\bcrypt.dll
0x00007ffb7cb40000 - 0x00007ffb7cc54000 	C:\WINDOWS\System32\RPCRT4.dll
0x00007ffb7d640000 - 0x00007ffb7d7ee000 	C:\WINDOWS\System32\USER32.dll
0x00007ffb7bc80000 - 0x00007ffb7bca6000 	C:\WINDOWS\System32\win32u.dll
0x00007ffb7bef0000 - 0x00007ffb7bf19000 	C:\WINDOWS\System32\GDI32.dll
0x00007ffb7b660000 - 0x00007ffb7b77b000 	C:\WINDOWS\System32\gdi32full.dll
0x00007ffb7b4a0000 - 0x00007ffb7b53a000 	C:\WINDOWS\System32\msvcp_win.dll
0x00007ffb688d0000 - 0x00007ffb688eb000 	C:\development\tools\jdk-17.0.12\bin\VCRUNTIME140.dll
0x00007ffb631f0000 - 0x00007ffb63482000 	C:\WINDOWS\WinSxS\amd64_microsoft.windows.common-controls_6595b64144ccf1df_6.0.22621.4541_none_2710d1c57384c085\COMCTL32.dll
0x00007ffb6c350000 - 0x00007ffb6c35a000 	C:\WINDOWS\SYSTEM32\VERSION.dll
0x00007ffb7da00000 - 0x00007ffb7da31000 	C:\WINDOWS\System32\IMM32.DLL
0x00007ffb688c0000 - 0x00007ffb688cc000 	C:\development\tools\jdk-17.0.12\bin\vcruntime140_1.dll
0x00007ffb5cf00000 - 0x00007ffb5cf8e000 	C:\development\tools\jdk-17.0.12\bin\msvcp140.dll
0x00007ffb03140000 - 0x00007ffb03d20000 	C:\development\tools\jdk-17.0.12\bin\server\jvm.dll
0x00007ffb7ccd0000 - 0x00007ffb7ccd8000 	C:\WINDOWS\System32\PSAPI.DLL
0x00007ffb67da0000 - 0x00007ffb67da9000 	C:\WINDOWS\SYSTEM32\WSOCK32.dll
0x00007ffb7d920000 - 0x00007ffb7d991000 	C:\WINDOWS\System32\WS2_32.dll
0x00007ffb75210000 - 0x00007ffb75244000 	C:\WINDOWS\SYSTEM32\WINMM.dll
0x00007ffb7a300000 - 0x00007ffb7a318000 	C:\WINDOWS\SYSTEM32\kernel.appcore.dll
0x00007ffb688b0000 - 0x00007ffb688ba000 	C:\development\tools\jdk-17.0.12\bin\jimage.dll
0x00007ffb78b40000 - 0x00007ffb78d72000 	C:\WINDOWS\SYSTEM32\DBGHELP.DLL
0x00007ffb7c100000 - 0x00007ffb7c48f000 	C:\WINDOWS\System32\combase.dll
0x00007ffb7d560000 - 0x00007ffb7d637000 	C:\WINDOWS\System32\OLEAUT32.dll
0x00007ffb6d1c0000 - 0x00007ffb6d1f2000 	C:\WINDOWS\SYSTEM32\dbgcore.DLL
0x00007ffb7bcb0000 - 0x00007ffb7bd2b000 	C:\WINDOWS\System32\bcryptPrimitives.dll
0x00007ffb688a0000 - 0x00007ffb688ae000 	C:\development\tools\jdk-17.0.12\bin\instrument.dll
0x00007ffb68870000 - 0x00007ffb68895000 	C:\development\tools\jdk-17.0.12\bin\java.dll

dbghelp: loaded successfully - version: 4.0.5 - missing functions: none
symbol engine: initialized successfully - sym options: 0x614 - pdb path: .;C:\development\tools\jdk-17.0.12\bin;C:\WINDOWS\SYSTEM32;C:\Program Files\Avast Software\Avast;C:\WINDOWS\WinSxS\amd64_microsoft.windows.common-controls_6595b64144ccf1df_6.0.22621.4541_none_2710d1c57384c085;C:\development\tools\jdk-17.0.12\bin\server

VM Arguments:
jvm_args: -Dmaven.multiModuleProjectDirectory=C:\development\git\broker-backend-cp-hiring-quotation -Dmaven.home=C:\development\servers\maven3 -Dclassworlds.conf=C:\development\servers\maven3\bin\m2.conf -javaagent:C:\development\tools\IntelliJ IDEA Educational Edition 2022.2.2\lib\idea_rt.jar=51855:C:\development\tools\IntelliJ IDEA Educational Edition 2022.2.2\bin -Dfile.encoding=UTF-8 
java_command: org.codehaus.classworlds.Launcher -Didea.version=2022.2.2 -Dmaven.repo.local=C:\Users\herys\.m2\repository -Ddebug=51854 clean compile quarkus:dev
java_class_path (initial): C:\development\servers\maven3\boot\plexus-classworlds-2.7.0.jar;C:\development\servers\maven3\boot\plexus-classworlds.license
Launcher Type: SUN_STANDARD

[Global flags]
     intx CICompilerCount                          = 2                                         {product} {ergonomic}
     uint ConcGCThreads                            = 1                                         {product} {ergonomic}
     uint G1ConcRefinementThreads                  = 2                                         {product} {ergonomic}
   size_t G1HeapRegionSize                         = 1048576                                   {product} {ergonomic}
    uintx GCDrainStackTargetSize                   = 64                                        {product} {ergonomic}
   size_t InitialHeapSize                          = 65011712                                  {product} {ergonomic}
   size_t MarkStackSize                            = 4194304                                   {product} {ergonomic}
   size_t MaxHeapSize                              = 1027604480                                {product} {ergonomic}
   size_t MinHeapDeltaBytes                        = 1048576                                   {product} {ergonomic}
   size_t MinHeapSize                              = 8388608                                   {product} {ergonomic}
    uintx NonNMethodCodeHeapSize                   = 5826188                                {pd product} {ergonomic}
    uintx NonProfiledCodeHeapSize                  = 122916026                              {pd product} {ergonomic}
    uintx ProfiledCodeHeapSize                     = 122916026                              {pd product} {ergonomic}
    uintx ReservedCodeCacheSize                    = 251658240                              {pd product} {ergonomic}
     bool SegmentedCodeCache                       = true                                      {product} {ergonomic}
   size_t SoftMaxHeapSize                          = 1027604480                             {manageable} {ergonomic}
     bool UseCompressedClassPointers               = true                           {product lp64_product} {ergonomic}
     bool UseCompressedOops                        = true                           {product lp64_product} {ergonomic}
     bool UseG1GC                                  = true                                      {product} {ergonomic}
     bool UseLargePagesIndividualAllocation        = false                                  {pd product} {ergonomic}

Logging:
Log output configuration:
 #0: stdout all=warning uptime,level,tags
 #1: stderr all=off uptime,level,tags

Environment Variables:
JAVA_HOME=C:\development\tools\jdk-17.0.12
PATH=C:\Program Files\Common Files\Oracle\Java\javapath;C:\WINDOWS\system32;C:\WINDOWS;C:\WINDOWS\System32\Wbem;C:\WINDOWS\System32\WindowsPowerShell\v1.0\;C:\WINDOWS\System32\OpenSSH\;%JAVA_HOME%\bin;C:\Program Files\Docker\Docker\resources\bin;C:\development\servers\php-8.2.10;C:\development\tools\composer;C:\Program Files\Git\cmd;%MAVEN_HOME%\bin;C:\Users\herys\AppData\Local\Microsoft\WindowsApps;C:\development\tools\IntelliJ IDEA 2023.1.4\bin;;C:\development\servers\maven3\bin;C:\development\tools\IntelliJ IDEA Educational Edition 2022.2.2\bin;;C:\development\tools\jdk-17.0.12\bin;C:\Users\herys\AppData\Roaming\Composer\vendor\bin;C:\Users\herys\AppData\Local\Programs\Microsoft VS Code\bin
USERNAME=herys
OS=Windows_NT
PROCESSOR_IDENTIFIER=Intel64 Family 6 Model 122 Stepping 8, GenuineIntel



---------------  S Y S T E M  ---------------

OS:
 Windows 11 , 64 bit Build 22621 (10.0.22621.4391)
OS uptime: 0 days 10:01 hours
Hyper-V role detected

CPU: total 2 (initial active 2) (2 cores per cpu, 1 threads per core) family 6 model 122 stepping 8 microcode 0x1c, cx8, cmov, fxsr, mmx, 3dnowpref, sse, sse2, sse3, ssse3, sse4.1, sse4.2, popcnt, tsc, tscinvbit, aes, erms, clmul, sha, clflush, clflushopt, hv

Memory: 4k page, system-wide physical 3918M (189M free)
TotalPageFile size 15694M (AvailPageFile size 37M)
current process WorkingSet (physical memory assigned to process): 11M, peak: 11M
current process commit charge ("private bytes"): 47M, peak: 109M

vm_info: Java HotSpot(TM) 64-Bit Server VM (17.0.12+8-LTS-286) for windows-amd64 JRE (17.0.12+8-LTS-286), built on Jun  5 2024 06:46:59 by "mach5one" with MS VC++ 17.6 (VS2022)

END.
